[2016.01.21-16.18.41:147][  0]Log file open, 01/21/16 19:18:41
[2016.01.21-16.18.41:147][  0]LogInit:Display: Running engine for game: MyProjectFuck
[2016.01.21-16.18.41:147][  0]LogPlatformFile: Not using cached read wrapper
[2016.01.21-16.18.41:147][  0]LogInit:Display: RandInit(672501039) SRandInit(672501041).
[2016.01.21-16.18.41:147][  0]LogTaskGraph: Started task graph with 4 named threads and 5 total threads.
[2016.01.21-16.18.41:147][  0]LogStats: Stats thread started at 0.060280
[2016.01.21-16.18.41:147][  0]LogInit: Version: 4.10.2-2818068+++depot+UE4-Releases+4.10
[2016.01.21-16.18.41:147][  0]LogInit: API Version: 2758231
[2016.01.21-16.18.41:147][  0]LogInit: Compiled (64-bit): Jan  6 2016 17:36:42
[2016.01.21-16.18.41:147][  0]LogInit: Compiled with Visual C++: 19.00.23026.00
[2016.01.21-16.18.41:147][  0]LogInit: Build Configuration: Development
[2016.01.21-16.18.41:147][  0]LogInit: Branch Name: ++depot+UE4-Releases+4.10
[2016.01.21-16.18.41:147][  0]LogInit: Command line: 
[2016.01.21-16.18.41:147][  0]LogInit: Base directory: B:/Unreal engine/Epic Games/4.10/Engine/Binaries/Win64/
[2016.01.21-16.18.41:147][  0]LogInit: Rocket: 1
[2016.01.21-16.18.41:153][  0]LogInit: Using libcurl 7.41.0
[2016.01.21-16.18.41:153][  0]LogInit:  - built for x86_64-pc-win32
[2016.01.21-16.18.41:153][  0]LogInit:  - supports SSL with WinSSL
[2016.01.21-16.18.41:153][  0]LogInit:  - other features:
[2016.01.21-16.18.41:153][  0]LogInit:      CURL_VERSION_SSL
[2016.01.21-16.18.41:153][  0]LogInit:      CURL_VERSION_IPV6
[2016.01.21-16.18.41:153][  0]LogInit:      CURL_VERSION_ASYNCHDNS
[2016.01.21-16.18.41:153][  0]LogInit:      CURL_VERSION_LARGEFILE
[2016.01.21-16.18.41:153][  0]LogInit:      CURL_VERSION_IDN
[2016.01.21-16.18.41:154][  0]LogInit:  CurlRequestOptions (configurable via config and command line):
[2016.01.21-16.18.41:154][  0]LogInit:  - bVerifyPeer = true  - Libcurl will verify peer certificate
[2016.01.21-16.18.41:154][  0]LogInit:  - bUseHttpProxy = false  - Libcurl will NOT use HTTP proxy
[2016.01.21-16.18.41:154][  0]LogInit:  - bDontReuseConnections = false  - Libcurl will reuse connections
[2016.01.21-16.18.41:154][  0]LogInit:  - CertBundlePath = nullptr  - Libcurl will use whatever was configured at build time.
[2016.01.21-16.18.41:163][  0]LogInit: Presizing for 0 objects not considered by GC, pre-allocating 0 bytes.
[2016.01.21-16.18.41:173][  0]LogInit: Object subsystem initialized
[2016.01.21-16.18.41:174][  0]LogInit: Selected Device Profile: [Windows]
[2016.01.21-16.18.41:174][  0]LogInit: Applying CVar settings loaded from the selected device profile: [Windows]
[2016.01.21-16.18.41:190][  0]LogInit: Computer: JUSTACOMPUTER
[2016.01.21-16.18.41:190][  0]LogInit: User: Psychonaut
[2016.01.21-16.18.41:190][  0]LogInit: CPU Page size=4096, Cores=2
[2016.01.21-16.18.41:190][  0]LogInit: High frequency timer resolution =3.020484 MHz
[2016.01.21-16.18.41:190][  0]LogMemory: Memory total: Physical=8.0GB (8GB approx)
[2016.01.21-16.18.41:190][  0]LogMemory: Platform Memory Stats for Windows
[2016.01.21-16.18.41:190][  0]LogMemory: Process Physical Memory: 55.90 MB used, 55.90 MB peak
[2016.01.21-16.18.41:190][  0]LogMemory: Process Virtual Memory: 55.50 MB used, 55.50 MB peak
[2016.01.21-16.18.41:190][  0]LogMemory: Physical Memory: 4389.40 MB used, 8151.08 MB total
[2016.01.21-16.18.41:190][  0]LogMemory: Virtual Memory: 375.41 MB used, 134217728.00 MB total
[2016.01.21-16.18.41:229][  0]LogTextLocalizationManager: No translations for ('ru-RU') exist, falling back to 'en' for localization and internationalization data.
[2016.01.21-16.18.41:798][  0]LogD3D11RHI: Found D3D11 adapter 0: NVIDIA GeForce GT 740 (Feature Level 11_0)
[2016.01.21-16.18.41:798][  0]LogD3D11RHI: Adapter has 1990MB of dedicated video memory, 0MB of dedicated system memory, and 4075MB of shared system memory, 1 output[s]
[2016.01.21-16.18.41:800][  0]LogD3D11RHI: Found D3D11 adapter 1: Microsoft Basic Render Driver (Feature Level 11_0)
[2016.01.21-16.18.41:800][  0]LogD3D11RHI: Adapter has 0MB of dedicated video memory, 0MB of dedicated system memory, and 4075MB of shared system memory, 0 output[s]
[2016.01.21-16.18.41:800][  0]LogD3D11RHI: Chosen D3D11 Adapter Id = 0
[2016.01.21-16.18.41:806][  0]LogD3D11RHI: !Direct3DDevice
[2016.01.21-16.18.41:806][  0]LogRHI: Texture pool is 1361 MB (70% of 1945 MB)
[2016.01.21-16.18.41:823][  0]LogD3D11RHI: Async texture creation enabled
[2016.01.21-16.18.41:835][  0]LogShaderCompilers: Guid format shader working directory is -10 characters bigger than the processId version (C:/Users/Psychonaut/Documents/Unreal Projects/MyProjectFuck/Intermediate/Shaders/WorkingDirectory/6776/).
[2016.01.21-16.18.41:835][  0]LogShaderCompilers: Cleaned the shader compiler working directory 'C:/Users/PSYCHO~1/AppData/Local/Temp/UnrealShaderWorkingDir/76F8CAEA45D0F3F358E51CA2C9A36325/'.
[2016.01.21-16.18.41:835][  0]LogShaderCompilers:Display: Using Local Shader Compiler.
[2016.01.21-16.18.42:801][  0]LogTemp:Display: Loaded TP AllDesktopTargetPlatform
[2016.01.21-16.18.42:807][  0]LogTemp:Display: Loaded TP WindowsClientTargetPlatform
[2016.01.21-16.18.42:813][  0]LogTemp:Display: Loaded TP WindowsNoEditorTargetPlatform
[2016.01.21-16.18.42:818][  0]LogTemp:Display: Loaded TP WindowsServerTargetPlatform
[2016.01.21-16.18.42:823][  0]LogTemp:Display: Loaded TP WindowsTargetPlatform
[2016.01.21-16.18.42:827][  0]LogTemp:Display: Loaded TP AndroidTargetPlatform
[2016.01.21-16.18.42:830][  0]LogTemp:Display: Loaded TP Android_ASTCTargetPlatform
[2016.01.21-16.18.42:834][  0]LogTemp:Display: Loaded TP Android_ATCTargetPlatform
[2016.01.21-16.18.42:837][  0]LogTemp:Display: Loaded TP Android_DXTTargetPlatform
[2016.01.21-16.18.42:842][  0]LogTemp:Display: Loaded TP Android_ETC1TargetPlatform
[2016.01.21-16.18.42:847][  0]LogTemp:Display: Loaded TP Android_ETC2TargetPlatform
[2016.01.21-16.18.42:856][  0]LogTemp:Display: Loaded TP Android_MultiTargetPlatform
[2016.01.21-16.18.42:856][  0]LogTemp:Display: Loaded TP Android_PVRTCTargetPlatform
[2016.01.21-16.18.42:857][  0]LogTemp:Display: Loaded TP HTML5TargetPlatform
[2016.01.21-16.18.42:874][  0]LogTemp:Display: Loaded TP IOSTargetPlatform
[2016.01.21-16.18.42:878][  0]LogTemp:Display: Loaded TP LinuxNoEditorTargetPlatform
[2016.01.21-16.18.42:881][  0]LogTemp:Display: Loaded TP LinuxServerTargetPlatform
[2016.01.21-16.18.42:885][  0]LogTemp:Display: Loaded TP LinuxTargetPlatform
[2016.01.21-16.18.42:885][  0]LogTargetPlatformManager:Display: Building Assets For Windows
[2016.01.21-16.18.42:977][  0]LogDerivedDataCache:Display: Max Cache Size: 512 MB
[2016.01.21-16.18.43:059][  0]LogDerivedDataCache: Loaded boot cache 0.08s 41MB C:/Users/Psychonaut/AppData/Local/UnrealEngine/4.10/DerivedDataCache/Boot.ddc.
[2016.01.21-16.18.43:059][  0]LogDerivedDataCache:Display: Loaded Boot cache: C:/Users/Psychonaut/AppData/Local/UnrealEngine/4.10/DerivedDataCache/Boot.ddc
[2016.01.21-16.18.43:059][  0]LogDerivedDataCache: FDerivedDataBackendGraph:  Pak pak cache file C:/Users/Psychonaut/Documents/Unreal Projects/MyProjectFuck/DerivedDataCache/DDC.ddp not found, will not use a pak cache.
[2016.01.21-16.18.43:059][  0]LogDerivedDataCache: Unable to find inner node Pak for hierarchical cache Hierarchy.
[2016.01.21-16.18.43:059][  0]LogDerivedDataCache: FDerivedDataBackendGraph:  CompressedPak pak cache file C:/Users/Psychonaut/Documents/Unreal Projects/MyProjectFuck/DerivedDataCache/Compressed.ddp not found, will not use a pak cache.
[2016.01.21-16.18.43:059][  0]LogDerivedDataCache: Unable to find inner node CompressedPak for hierarchical cache Hierarchy.
[2016.01.21-16.18.43:139][  0]LogDerivedDataCache:Display: Pak cache opened for reading ../../../Engine/DerivedDataCache/Compressed.ddp.
[2016.01.21-16.18.43:151][  0]LogDerivedDataCache: Using Local data cache path C:/Users/Psychonaut/AppData/Local/UnrealEngine/Common/DerivedDataCache: Writable
[2016.01.21-16.18.43:396][  0]LogInit: Selected Device Profile: [Windows]
[2016.01.21-16.18.43:399][  0]LogContentStreaming: Texture pool size is 0.000000MB
[2016.01.21-16.18.43:533][  0]LogMeshUtilities: No automatic mesh reduction module available
[2016.01.21-16.18.43:533][  0]LogMeshUtilities: No automatic mesh merging module available
[2016.01.21-16.18.43:826][  0]LogInit: WinSock: version 1.1 (2.2), MaxSocks=32767, MaxUdp=65467
[2016.01.21-16.18.44:690][  0]UdpMessaging: Initializing bridge on interface 0.0.0.0:0 to multicast group 230.0.0.1:6666.
[2016.01.21-16.18.44:786][  0]LogAssetRegistry: FAssetRegistry took 0.0109 seconds to start up
[2016.01.21-16.18.45:050][  0]SourceControl: Info Source control is disabled
[2016.01.21-16.18.45:051][  0]SourceControl: Info Source control is disabled
[2016.01.21-16.18.45:060][  0]SourceControl: Info Source control is disabled
[2016.01.21-16.18.45:071][  0]SourceControl: Info Source control is disabled
[2016.01.21-16.18.45:424][  0]LogObj: 28633 objects as part of root set at end of initial load.
[2016.01.21-16.18.45:424][  0]LogUObjectAllocator: 6099752 out of 0 bytes used by permanent object pool.
[2016.01.21-16.18.45:505][  0]LogEngine: Initializing Engine...
[2016.01.21-16.18.45:508][  0]LogHMD: Can't find Oculus library dev build: is proper Runtime installed? Version: 0.8.0.0
[2016.01.21-16.18.45:509][  0]LogHMD: SteamVR failed to initialize.  Err: 110
[2016.01.21-16.18.45:657][  0]LogAIModule: Creating AISystem for world NewWorld
[2016.01.21-16.18.45:665][  0]LogInit: XAudio2 using 'Динамики (2- USB PnP Sound Device)' : 2 channels at 44.1 kHz using 16 bits per sample (channel mask 0x3)
[2016.01.21-16.18.45:676][  0]LogInit: FAudioDevice initialized.
[2016.01.21-16.18.45:713][  0]LogDerivedDataCache: Saved boot cache 0.04s 41MB C:/Users/Psychonaut/AppData/Local/UnrealEngine/4.10/DerivedDataCache/Boot.ddc.
[2016.01.21-16.18.45:725][  0]LogInit: Texture streaming: Enabled
[2016.01.21-16.18.45:733][  0]LogAnalytics: Creating configured Analytics provider AnalyticsET
[2016.01.21-16.18.45:734][  0]LogAnalytics: [UEEditor.Rocket.Release] APIServer = http://et2.epicgames.com/ET2/. AppVersion = 4.10.2-2818068+++depot+UE4-Releases+4.10
[2016.01.21-16.18.45:734][  0]LogAnalytics: [UEEditor.Rocket.Release] SetUserId 2911d8d241c43e13947dca90dedae07b|d4159b7f75f942918ec126aed703196c|f7eaf2f4-3485-4cb8-b8fc-60c3d0d9ecc4
[2016.01.21-16.18.45:734][  0]LogAnalytics: [UEEditor.Rocket.Release] AnalyticsET::StartSession
[2016.01.21-16.18.45:744][  0]LogInit: Transaction tracking system initialized
[2016.01.21-16.18.45:779][  0]BlueprintLog: New page: Editor Load
[2016.01.21-16.18.45:870][  0]LocalizationService: Info Localization service is disabled
[2016.01.21-16.18.46:144][  0]LogConsoleResponse:Display: 
[2016.01.21-16.18.46:355][  0]LogCook:Display: Done creating registry. It took  0.00s.
[2016.01.21-16.18.46:415][  0]LogFileCache: Scanning file cache for directory 'C:/Users/Psychonaut/Documents/Unreal Projects/MyProjectFuck/Content/' took 0.04s
[2016.01.21-16.18.46:415][  0]SourceControl: Info Source control is disabled
[2016.01.21-16.18.46:415][  0]Cmd: MAP LOAD FILE="C:/Users/Psychonaut/Documents/Unreal Projects/MyProjectFuck/Content/FirstPersonBP/Maps/FirstPersonExampleMap.umap" TEMPLATE=0 SHOWPROGRESS=1 FEATURELEVEL=3
[2016.01.21-16.18.46:472][  0]LightingResults: New page: Lighting Build
[2016.01.21-16.18.46:475][  0]MapCheck: New page: Map Check
[2016.01.21-16.18.46:475][  0]LightingResults: New page: Lighting Build
[2016.01.21-16.18.46:498][  0]LogParticles: Destroying 0 GPU particle simulations for FXSystem 0x00000222DFB7EAC0
[2016.01.21-16.18.49:041][  0]LogAIModule: Creating AISystem for world FirstPersonExampleMap
[2016.01.21-16.18.49:048][  0]LogEditorServer: Finished looking for orphan Actors (0.000 secs)
[2016.01.21-16.18.49:049][  0]Cmd: MAP CHECKDEP NOCLEARLOG
[2016.01.21-16.18.49:106][  0]MapCheck: Info Map check complete: 0 Error(s), 0 Warning(s), took 56.481ms to complete.
[2016.01.21-16.18.49:106][  0]LogFileHelpers: Loading map 'FirstPersonExampleMap' took 2.691
[2016.01.21-16.18.49:258][  0]LogCollectionManager: Loaded 0 collections in 0.001779 seconds
[2016.01.21-16.18.49:297][  0]LogFileCache: Scanning file cache for directory 'C:/Users/Psychonaut/Documents/Unreal Projects/MyProjectFuck/Saved/Collections/' took 0.01s
[2016.01.21-16.18.49:297][  0]LogFileCache: Scanning file cache for directory 'C:/Users/Psychonaut/Documents/Unreal Projects/MyProjectFuck/Content/Developers/Psychonaut/Collections/' took 0.01s
[2016.01.21-16.18.49:297][  0]LogFileCache: Scanning file cache for directory 'C:/Users/Psychonaut/Documents/Unreal Projects/MyProjectFuck/Content/Collections/' took 0.01s
[2016.01.21-16.18.49:297][  0]LogCollectionManager: Rebuilt the GUID cache for 0 collections in 0.000003 seconds
[2016.01.21-16.18.49:307][  0]LogContentBrowser: Native class hierarchy populated in 0.0090 seconds. Added 1893 classes and 338 folders.
[2016.01.21-16.18.49:318][  0]LogContentBrowser: Native class hierarchy updated for 'WidgetCarousel' in 0.0004 seconds. Added 0 classes and 0 folders.
[2016.01.21-16.18.50:277][  0]LogContentBrowser: Native class hierarchy updated for 'AddContentDialog' in 0.0004 seconds. Added 0 classes and 0 folders.
[2016.01.21-16.18.50:281][  0]LogContentBrowser: Native class hierarchy updated for 'SceneOutliner' in 0.0004 seconds. Added 1 classes and 2 folders.
[2016.01.21-16.18.50:530][  0]LogCrashTracker: Crashtracker disabled due to settings.
[2016.01.21-16.18.50:551][  0]LogUObjectGlobals:Warning: Failed to find object 'Class None.'
[2016.01.21-16.18.50:573][  0]LogLoad: Full Startup: 10.05 seconds (BP compile: 0.07 seconds)
[2016.01.21-16.18.50:584][  0]LogWindowsTextInputMethodSystem:Display: IME system now deactivated.
[2016.01.21-16.18.50:586][  0]LogOcInput: Can't find Oculus library dev build: is proper Runtime installed? Version: 0.8.0.0
[2016.01.21-16.18.50:716][  0]LogContentStreaming: Texture pool size now 400 MB
[2016.01.21-16.18.50:959][  0]LogRenderer: Reallocating scene render targets to support 1148x664 (Frame:2).
[2016.01.21-16.18.51:211][  2]LogAssetRegistry: Asset discovery search completed in 6.4357 seconds
[2016.01.21-16.18.51:211][  2]LogCollectionManager: Rebuilt the object cache for 0 collections in 0.000001 seconds (found 0 objects)
[2016.01.21-16.18.51:211][  2]LogCollectionManager: Fixed up redirectors for 0 collections in 0.000025 seconds (updated 0 objects)
[2016.01.21-16.18.59:744][321]LogBlueprintUserMessages: Early PlayInEditor Detection: Level '/Game/FirstPersonBP/Maps/FirstPersonExampleMap.FirstPersonExampleMap:PersistentLevel' has LevelScriptBlueprint '/Game/FirstPersonBP/Maps/FirstPersonExampleMap.FirstPersonExampleMap:PersistentLevel.FirstPersonExampleMap' with GeneratedClass '/Game/FirstPersonBP/Maps/FirstPersonExampleMap.FirstPersonExampleMap_C' with ClassGeneratedBy '/Game/FirstPersonBP/Maps/FirstPersonExampleMap.FirstPersonExampleMap:PersistentLevel.FirstPersonExampleMap'
[2016.01.21-16.18.59:744][321]LogPlayLevel: PlayLevel: No blueprints needed recompiling
[2016.01.21-16.18.59:744][321]PIE: New page: PIE session: FirstPersonExampleMap (Jan 21, 2016, 10:18:59 PM)
[2016.01.21-16.18.59:745][321]LogPlayLevel: Creating play world package: /Game/FirstPersonBP/Maps/UEDPIE_0_FirstPersonExampleMap
[2016.01.21-16.18.59:747][321]LogPlayLevel: PIE: StaticDuplicateObject took: (0.002313s)
[2016.01.21-16.18.59:748][321]LogAIModule: Creating AISystem for world FirstPersonExampleMap
[2016.01.21-16.18.59:748][321]LogPlayLevel: PIE: World Init took: (0.001051s)
[2016.01.21-16.18.59:748][321]LogPlayLevel: PIE: Created PIE world by copying editor world from /Game/FirstPersonBP/Maps/FirstPersonExampleMap.FirstPersonExampleMap to /Game/FirstPersonBP/Maps/UEDPIE_0_FirstPersonExampleMap.FirstPersonExampleMap (0.003637s)
[2016.01.21-16.18.59:781][321]LogInit: XAudio2 using 'Динамики (2- USB PnP Sound Device)' : 2 channels at 44.1 kHz using 16 bits per sample (channel mask 0x3)
[2016.01.21-16.18.59:794][321]LogInit: FAudioDevice initialized.
[2016.01.21-16.18.59:891][321]LogWorld: Game class is 'MainGameMod_C'
[2016.01.21-16.18.59:895][321]LogWorld: Bringing World /Game/FirstPersonBP/Maps/UEDPIE_0_FirstPersonExampleMap.FirstPersonExampleMap up for play (max tick rate 0) at 2016.01.21-19.18.59
[2016.01.21-16.18.59:896][321]LogActor:Warning: GameSession /Game/FirstPersonBP/Maps/UEDPIE_0_FirstPersonExampleMap.FirstPersonExampleMap:PersistentLevel.GameSession_0 has natively added scene component(s), but none of them were set as the actor's RootComponent - picking one arbitrarily
[2016.01.21-16.18.59:896][321]LogActor:Warning: GameNetworkManager /Game/FirstPersonBP/Maps/UEDPIE_0_FirstPersonExampleMap.FirstPersonExampleMap:PersistentLevel.GameNetworkManager_0 has natively added scene component(s), but none of them were set as the actor's RootComponent - picking one arbitrarily
[2016.01.21-16.18.59:898][321]LogWorld: Bringing up level for play took: 0.005948
[2016.01.21-16.18.59:904][321]PIE: Info Play in editor start time for /Game/FirstPersonBP/Maps/UEDPIE_0_FirstPersonExampleMap -0.219
[2016.01.21-16.18.59:904][321]LogBlueprintUserMessages: Late PlayInEditor Detection: Level '/Game/FirstPersonBP/Maps/FirstPersonExampleMap.FirstPersonExampleMap:PersistentLevel' has LevelScriptBlueprint '/Game/FirstPersonBP/Maps/FirstPersonExampleMap.FirstPersonExampleMap:PersistentLevel.FirstPersonExampleMap' with GeneratedClass '/Game/FirstPersonBP/Maps/FirstPersonExampleMap.FirstPersonExampleMap_C' with ClassGeneratedBy '/Game/FirstPersonBP/Maps/FirstPersonExampleMap.FirstPersonExampleMap:PersistentLevel.FirstPersonExampleMap'
[2016.01.21-16.19.59:193][151]LogBlueprintUserMessages: Early EndPlayMap Detection: Level '/Game/FirstPersonBP/Maps/FirstPersonExampleMap.FirstPersonExampleMap:PersistentLevel' has LevelScriptBlueprint '/Game/FirstPersonBP/Maps/FirstPersonExampleMap.FirstPersonExampleMap:PersistentLevel.FirstPersonExampleMap' with GeneratedClass '/Game/FirstPersonBP/Maps/FirstPersonExampleMap.FirstPersonExampleMap_C' with ClassGeneratedBy '/Game/FirstPersonBP/Maps/FirstPersonExampleMap.FirstPersonExampleMap:PersistentLevel.FirstPersonExampleMap'
[2016.01.21-16.19.59:299][151]LogBlueprintUserMessages: Late EndPlayMap Detection: Level '/Game/FirstPersonBP/Maps/FirstPersonExampleMap.FirstPersonExampleMap:PersistentLevel' has LevelScriptBlueprint '/Game/FirstPersonBP/Maps/FirstPersonExampleMap.FirstPersonExampleMap:PersistentLevel.FirstPersonExampleMap' with GeneratedClass '/Game/FirstPersonBP/Maps/FirstPersonExampleMap.FirstPersonExampleMap_C' with ClassGeneratedBy '/Game/FirstPersonBP/Maps/FirstPersonExampleMap.FirstPersonExampleMap:PersistentLevel.FirstPersonExampleMap'
[2016.01.21-16.19.59:339][151]LogParticles: Destroying 0 GPU particle simulations for FXSystem 0x00000222ECA05120
[2016.01.21-16.20.21:156][545]LogBlueprintUserMessages: Early PlayInEditor Detection: Level '/Game/FirstPersonBP/Maps/FirstPersonExampleMap.FirstPersonExampleMap:PersistentLevel' has LevelScriptBlueprint '/Game/FirstPersonBP/Maps/FirstPersonExampleMap.FirstPersonExampleMap:PersistentLevel.FirstPersonExampleMap' with GeneratedClass '/Game/FirstPersonBP/Maps/FirstPersonExampleMap.FirstPersonExampleMap_C' with ClassGeneratedBy '/Game/FirstPersonBP/Maps/FirstPersonExampleMap.FirstPersonExampleMap:PersistentLevel.FirstPersonExampleMap'
[2016.01.21-16.20.21:156][545]LogPlayLevel: PlayLevel: No blueprints needed recompiling
[2016.01.21-16.20.21:156][545]PIE: New page: PIE session: FirstPersonExampleMap (Jan 21, 2016, 10:20:21 PM)
[2016.01.21-16.20.21:156][545]LogPlayLevel: Creating play world package: /Game/FirstPersonBP/Maps/UEDPIE_0_FirstPersonExampleMap
[2016.01.21-16.20.21:159][545]LogPlayLevel: PIE: StaticDuplicateObject took: (0.002432s)
[2016.01.21-16.20.21:159][545]LogAIModule: Creating AISystem for world FirstPersonExampleMap
[2016.01.21-16.20.21:159][545]LogPlayLevel: PIE: World Init took: (0.000875s)
[2016.01.21-16.20.21:160][545]LogPlayLevel: PIE: Created PIE world by copying editor world from /Game/FirstPersonBP/Maps/FirstPersonExampleMap.FirstPersonExampleMap to /Game/FirstPersonBP/Maps/UEDPIE_0_FirstPersonExampleMap.FirstPersonExampleMap (0.003536s)
[2016.01.21-16.20.21:188][545]LogInit: XAudio2 using 'Динамики (2- USB PnP Sound Device)' : 2 channels at 44.1 kHz using 16 bits per sample (channel mask 0x3)
[2016.01.21-16.20.21:197][545]LogInit: FAudioDevice initialized.
[2016.01.21-16.20.21:245][545]LogWorld: Game class is 'MainGameMod_C'
[2016.01.21-16.20.21:250][545]LogWorld: Bringing World /Game/FirstPersonBP/Maps/UEDPIE_0_FirstPersonExampleMap.FirstPersonExampleMap up for play (max tick rate 0) at 2016.01.21-19.20.21
[2016.01.21-16.20.21:250][545]LogActor:Warning: GameSession /Game/FirstPersonBP/Maps/UEDPIE_0_FirstPersonExampleMap.FirstPersonExampleMap:PersistentLevel.GameSession_1 has natively added scene component(s), but none of them were set as the actor's RootComponent - picking one arbitrarily
[2016.01.21-16.20.21:250][545]LogActor:Warning: GameNetworkManager /Game/FirstPersonBP/Maps/UEDPIE_0_FirstPersonExampleMap.FirstPersonExampleMap:PersistentLevel.GameNetworkManager_1 has natively added scene component(s), but none of them were set as the actor's RootComponent - picking one arbitrarily
[2016.01.21-16.20.21:251][545]LogWorld: Bringing up level for play took: 0.003780
[2016.01.21-16.20.21:255][545]PIE: Info Play in editor start time for /Game/FirstPersonBP/Maps/UEDPIE_0_FirstPersonExampleMap -0.868
[2016.01.21-16.20.21:255][545]LogBlueprintUserMessages: Late PlayInEditor Detection: Level '/Game/FirstPersonBP/Maps/FirstPersonExampleMap.FirstPersonExampleMap:PersistentLevel' has LevelScriptBlueprint '/Game/FirstPersonBP/Maps/FirstPersonExampleMap.FirstPersonExampleMap:PersistentLevel.FirstPersonExampleMap' with GeneratedClass '/Game/FirstPersonBP/Maps/FirstPersonExampleMap.FirstPersonExampleMap_C' with ClassGeneratedBy '/Game/FirstPersonBP/Maps/FirstPersonExampleMap.FirstPersonExampleMap:PersistentLevel.FirstPersonExampleMap'
[2016.01.21-16.20.31:279][227]LogSelection:Warning: PIE object was selected: "CameraActor /Game/FirstPersonBP/Maps/UEDPIE_0_FirstPersonExampleMap.FirstPersonExampleMap:PersistentLevel.CameraActor_1"
[2016.01.21-16.21.16:732][539]LogSelection:Warning: PIE object was selected: "PlayerController /Game/FirstPersonBP/Maps/UEDPIE_0_FirstPersonExampleMap.FirstPersonExampleMap:PersistentLevel.PlayerController_1"
[2016.01.21-16.21.31:955][414]LogSelection:Warning: PIE object was selected: "ParticleEventManager /Game/FirstPersonBP/Maps/UEDPIE_0_FirstPersonExampleMap.FirstPersonExampleMap:PersistentLevel.ParticleEventManager_3"
[2016.01.21-16.21.33:198][494]LogSelection:Warning: PIE object was selected: "MyPawn1_C /Game/FirstPersonBP/Maps/UEDPIE_0_FirstPersonExampleMap.FirstPersonExampleMap:PersistentLevel.MyPawn1_C_1"
[2016.01.21-16.21.34:521][564]LogSelection:Warning: PIE object was selected: "MainGameMod_C /Game/FirstPersonBP/Maps/UEDPIE_0_FirstPersonExampleMap.FirstPersonExampleMap:PersistentLevel.MainGameMod_C_1"
[2016.01.21-16.21.36:741][690]LogSelection:Warning: PIE object was selected: "PlayerStartPIE /Game/FirstPersonBP/Maps/UEDPIE_0_FirstPersonExampleMap.FirstPersonExampleMap:PersistentLevel.PlayerStartPIE_1"
[2016.01.21-16.21.38:815][810]LogSelection:Warning: PIE object was selected: "PlayerState /Game/FirstPersonBP/Maps/UEDPIE_0_FirstPersonExampleMap.FirstPersonExampleMap:PersistentLevel.PlayerState_2"
[2016.01.21-16.21.52:214][675]LogBlueprintUserMessages: Early EndPlayMap Detection: Level '/Game/FirstPersonBP/Maps/FirstPersonExampleMap.FirstPersonExampleMap:PersistentLevel' has LevelScriptBlueprint '/Game/FirstPersonBP/Maps/FirstPersonExampleMap.FirstPersonExampleMap:PersistentLevel.FirstPersonExampleMap' with GeneratedClass '/Game/FirstPersonBP/Maps/FirstPersonExampleMap.FirstPersonExampleMap_C' with ClassGeneratedBy '/Game/FirstPersonBP/Maps/FirstPersonExampleMap.FirstPersonExampleMap:PersistentLevel.FirstPersonExampleMap'
[2016.01.21-16.21.52:257][675]LogBlueprintUserMessages: Late EndPlayMap Detection: Level '/Game/FirstPersonBP/Maps/FirstPersonExampleMap.FirstPersonExampleMap:PersistentLevel' has LevelScriptBlueprint '/Game/FirstPersonBP/Maps/FirstPersonExampleMap.FirstPersonExampleMap:PersistentLevel.FirstPersonExampleMap' with GeneratedClass '/Game/FirstPersonBP/Maps/FirstPersonExampleMap.FirstPersonExampleMap_C' with ClassGeneratedBy '/Game/FirstPersonBP/Maps/FirstPersonExampleMap.FirstPersonExampleMap:PersistentLevel.FirstPersonExampleMap'
[2016.01.21-16.21.52:304][676]LogParticles: Destroying 0 GPU particle simulations for FXSystem 0x00000222EC6C1120
[2016.01.21-16.22.44:500][ 45]LogEditorViewport: Clicking on Actor (LMB): BP_SkyBox_C (BP_SkyBox)
[2016.01.21-16.22.45:729][106]LogEditorViewport: Clicking on Actor (LMB): BP_Sun_C (BP_Sun)
[2016.01.21-16.22.51:222][394]LogBlueprintUserMessages: Early PlayInEditor Detection: Level '/Game/FirstPersonBP/Maps/FirstPersonExampleMap.FirstPersonExampleMap:PersistentLevel' has LevelScriptBlueprint '/Game/FirstPersonBP/Maps/FirstPersonExampleMap.FirstPersonExampleMap:PersistentLevel.FirstPersonExampleMap' with GeneratedClass '/Game/FirstPersonBP/Maps/FirstPersonExampleMap.FirstPersonExampleMap_C' with ClassGeneratedBy '/Game/FirstPersonBP/Maps/FirstPersonExampleMap.FirstPersonExampleMap:PersistentLevel.FirstPersonExampleMap'
[2016.01.21-16.22.51:223][394]LogPlayLevel: PlayLevel: No blueprints needed recompiling
[2016.01.21-16.22.51:223][394]PIE: New page: PIE session: FirstPersonExampleMap (Jan 21, 2016, 10:22:51 PM)
[2016.01.21-16.22.51:223][394]LogPlayLevel: Creating play world package: /Game/FirstPersonBP/Maps/UEDPIE_0_FirstPersonExampleMap
[2016.01.21-16.22.51:228][394]LogPlayLevel: PIE: StaticDuplicateObject took: (0.004300s)
[2016.01.21-16.22.51:228][394]LogAIModule: Creating AISystem for world FirstPersonExampleMap
[2016.01.21-16.22.51:229][394]LogPlayLevel: PIE: World Init took: (0.000952s)
[2016.01.21-16.22.51:229][394]LogPlayLevel: PIE: Created PIE world by copying editor world from /Game/FirstPersonBP/Maps/FirstPersonExampleMap.FirstPersonExampleMap to /Game/FirstPersonBP/Maps/UEDPIE_0_FirstPersonExampleMap.FirstPersonExampleMap (0.005501s)
[2016.01.21-16.22.51:261][394]LogInit: XAudio2 using 'Динамики (2- USB PnP Sound Device)' : 2 channels at 44.1 kHz using 16 bits per sample (channel mask 0x3)
[2016.01.21-16.22.51:270][394]LogInit: FAudioDevice initialized.
[2016.01.21-16.22.51:348][394]LogWorld: Game class is 'MainGameMod_C'
[2016.01.21-16.22.51:351][394]LogWorld: Bringing World /Game/FirstPersonBP/Maps/UEDPIE_0_FirstPersonExampleMap.FirstPersonExampleMap up for play (max tick rate 0) at 2016.01.21-19.22.51
[2016.01.21-16.22.51:351][394]LogActor:Warning: GameSession /Game/FirstPersonBP/Maps/UEDPIE_0_FirstPersonExampleMap.FirstPersonExampleMap:PersistentLevel.GameSession_2 has natively added scene component(s), but none of them were set as the actor's RootComponent - picking one arbitrarily
[2016.01.21-16.22.51:352][394]LogActor:Warning: GameNetworkManager /Game/FirstPersonBP/Maps/UEDPIE_0_FirstPersonExampleMap.FirstPersonExampleMap:PersistentLevel.GameNetworkManager_2 has natively added scene component(s), but none of them were set as the actor's RootComponent - picking one arbitrarily
[2016.01.21-16.22.51:352][394]LogWorld: Bringing up level for play took: 0.003677
[2016.01.21-16.22.51:354][394]PIE: Info Play in editor start time for /Game/FirstPersonBP/Maps/UEDPIE_0_FirstPersonExampleMap -0.768
[2016.01.21-16.22.51:354][394]LogBlueprintUserMessages: Late PlayInEditor Detection: Level '/Game/FirstPersonBP/Maps/FirstPersonExampleMap.FirstPersonExampleMap:PersistentLevel' has LevelScriptBlueprint '/Game/FirstPersonBP/Maps/FirstPersonExampleMap.FirstPersonExampleMap:PersistentLevel.FirstPersonExampleMap' with GeneratedClass '/Game/FirstPersonBP/Maps/FirstPersonExampleMap.FirstPersonExampleMap_C' with ClassGeneratedBy '/Game/FirstPersonBP/Maps/FirstPersonExampleMap.FirstPersonExampleMap:PersistentLevel.FirstPersonExampleMap'
[2016.01.21-16.23.05:948][311]LogBlueprintUserMessages: Early EndPlayMap Detection: Level '/Game/FirstPersonBP/Maps/FirstPersonExampleMap.FirstPersonExampleMap:PersistentLevel' has LevelScriptBlueprint '/Game/FirstPersonBP/Maps/FirstPersonExampleMap.FirstPersonExampleMap:PersistentLevel.FirstPersonExampleMap' with GeneratedClass '/Game/FirstPersonBP/Maps/FirstPersonExampleMap.FirstPersonExampleMap_C' with ClassGeneratedBy '/Game/FirstPersonBP/Maps/FirstPersonExampleMap.FirstPersonExampleMap:PersistentLevel.FirstPersonExampleMap'
[2016.01.21-16.23.05:993][311]LogBlueprintUserMessages: Late EndPlayMap Detection: Level '/Game/FirstPersonBP/Maps/FirstPersonExampleMap.FirstPersonExampleMap:PersistentLevel' has LevelScriptBlueprint '/Game/FirstPersonBP/Maps/FirstPersonExampleMap.FirstPersonExampleMap:PersistentLevel.FirstPersonExampleMap' with GeneratedClass '/Game/FirstPersonBP/Maps/FirstPersonExampleMap.FirstPersonExampleMap_C' with ClassGeneratedBy '/Game/FirstPersonBP/Maps/FirstPersonExampleMap.FirstPersonExampleMap:PersistentLevel.FirstPersonExampleMap'
[2016.01.21-16.23.06:077][312]LogParticles: Destroying 0 GPU particle simulations for FXSystem 0x00000222D28000E0
[2016.01.21-16.23.15:481][798]LogBlueprintUserMessages: Early PlayInEditor Detection: Level '/Game/FirstPersonBP/Maps/FirstPersonExampleMap.FirstPersonExampleMap:PersistentLevel' has LevelScriptBlueprint '/Game/FirstPersonBP/Maps/FirstPersonExampleMap.FirstPersonExampleMap:PersistentLevel.FirstPersonExampleMap' with GeneratedClass '/Game/FirstPersonBP/Maps/FirstPersonExampleMap.FirstPersonExampleMap_C' with ClassGeneratedBy '/Game/FirstPersonBP/Maps/FirstPersonExampleMap.FirstPersonExampleMap:PersistentLevel.FirstPersonExampleMap'
[2016.01.21-16.23.15:481][798]LogPlayLevel: PlayLevel: No blueprints needed recompiling
[2016.01.21-16.23.15:482][798]PIE: New page: PIE session: FirstPersonExampleMap (Jan 21, 2016, 10:23:15 PM)
[2016.01.21-16.23.15:482][798]LogPlayLevel: Creating play world package: /Game/FirstPersonBP/Maps/UEDPIE_0_FirstPersonExampleMap
[2016.01.21-16.23.15:484][798]LogPlayLevel: PIE: StaticDuplicateObject took: (0.002478s)
[2016.01.21-16.23.15:485][798]LogAIModule: Creating AISystem for world FirstPersonExampleMap
[2016.01.21-16.23.15:485][798]LogPlayLevel: PIE: World Init took: (0.001090s)
[2016.01.21-16.23.15:485][798]LogPlayLevel: PIE: Created PIE world by copying editor world from /Game/FirstPersonBP/Maps/FirstPersonExampleMap.FirstPersonExampleMap to /Game/FirstPersonBP/Maps/UEDPIE_0_FirstPersonExampleMap.FirstPersonExampleMap (0.003773s)
[2016.01.21-16.23.15:513][798]LogInit: XAudio2 using 'Динамики (2- USB PnP Sound Device)' : 2 channels at 44.1 kHz using 16 bits per sample (channel mask 0x3)
[2016.01.21-16.23.15:561][798]LogInit: FAudioDevice initialized.
[2016.01.21-16.23.15:621][798]LogWorld: Game class is 'MainGameMod_C'
[2016.01.21-16.23.15:634][798]LogWorld: Bringing World /Game/FirstPersonBP/Maps/UEDPIE_0_FirstPersonExampleMap.FirstPersonExampleMap up for play (max tick rate 0) at 2016.01.21-19.23.15
[2016.01.21-16.23.15:634][798]LogActor:Warning: GameSession /Game/FirstPersonBP/Maps/UEDPIE_0_FirstPersonExampleMap.FirstPersonExampleMap:PersistentLevel.GameSession_3 has natively added scene component(s), but none of them were set as the actor's RootComponent - picking one arbitrarily
[2016.01.21-16.23.15:636][798]LogActor:Warning: GameNetworkManager /Game/FirstPersonBP/Maps/UEDPIE_0_FirstPersonExampleMap.FirstPersonExampleMap:PersistentLevel.GameNetworkManager_3 has natively added scene component(s), but none of them were set as the actor's RootComponent - picking one arbitrarily
[2016.01.21-16.23.15:636][798]LogWorld: Bringing up level for play took: 0.014438
[2016.01.21-16.23.15:639][798]PIE: Info Play in editor start time for /Game/FirstPersonBP/Maps/UEDPIE_0_FirstPersonExampleMap -0.484
[2016.01.21-16.23.15:639][798]LogBlueprintUserMessages: Late PlayInEditor Detection: Level '/Game/FirstPersonBP/Maps/FirstPersonExampleMap.FirstPersonExampleMap:PersistentLevel' has LevelScriptBlueprint '/Game/FirstPersonBP/Maps/FirstPersonExampleMap.FirstPersonExampleMap:PersistentLevel.FirstPersonExampleMap' with GeneratedClass '/Game/FirstPersonBP/Maps/FirstPersonExampleMap.FirstPersonExampleMap_C' with ClassGeneratedBy '/Game/FirstPersonBP/Maps/FirstPersonExampleMap.FirstPersonExampleMap:PersistentLevel.FirstPersonExampleMap'
[2016.01.21-16.23.17:094][886]LogSelection:Warning: PIE object was selected: "BP_Sun_C /Game/FirstPersonBP/Maps/UEDPIE_0_FirstPersonExampleMap.FirstPersonExampleMap:PersistentLevel.BP_Sun_C_0"
[2016.01.21-16.24.26:867][429]LogBlueprintUserMessages: Early EndPlayMap Detection: Level '/Game/FirstPersonBP/Maps/FirstPersonExampleMap.FirstPersonExampleMap:PersistentLevel' has LevelScriptBlueprint '/Game/FirstPersonBP/Maps/FirstPersonExampleMap.FirstPersonExampleMap:PersistentLevel.FirstPersonExampleMap' with GeneratedClass '/Game/FirstPersonBP/Maps/FirstPersonExampleMap.FirstPersonExampleMap_C' with ClassGeneratedBy '/Game/FirstPersonBP/Maps/FirstPersonExampleMap.FirstPersonExampleMap:PersistentLevel.FirstPersonExampleMap'
[2016.01.21-16.24.26:915][429]LogBlueprintUserMessages: Late EndPlayMap Detection: Level '/Game/FirstPersonBP/Maps/FirstPersonExampleMap.FirstPersonExampleMap:PersistentLevel' has LevelScriptBlueprint '/Game/FirstPersonBP/Maps/FirstPersonExampleMap.FirstPersonExampleMap:PersistentLevel.FirstPersonExampleMap' with GeneratedClass '/Game/FirstPersonBP/Maps/FirstPersonExampleMap.FirstPersonExampleMap_C' with ClassGeneratedBy '/Game/FirstPersonBP/Maps/FirstPersonExampleMap.FirstPersonExampleMap:PersistentLevel.FirstPersonExampleMap'
[2016.01.21-16.24.26:963][429]LogParticles: Destroying 0 GPU particle simulations for FXSystem 0x000002228E7E1800
[2016.01.21-16.25.07:948][210]LogWindowsTextInputMethodSystem:Display: IME system now deactivated.
[2016.01.21-16.25.07:948][210]LogWindowsTextInputMethodSystem:Display: IME system now deactivated.
[2016.01.21-16.25.10:538][210]LogWindowsTextInputMethodSystem:Display: IME system now deactivated.
[2016.01.21-16.25.10:538][210]LogWindowsTextInputMethodSystem:Display: IME system now deactivated.
[2016.01.21-16.25.20:640][502]LogLinker:Warning: Asset '../../../Engine/Content/ArtTools/RenderToTexture/Macros/RenderToTextureMacros.uasset' has been saved with empty engine version. The asset will be loaded but may be incompatible.
[2016.01.21-16.25.21:551][502]LogContentBrowser: Native class hierarchy updated for 'BlueprintGraph' in 0.0009 seconds. Added 107 classes and 0 folders.
[2016.01.21-16.26.41:417][917]LogUProjectInfo: Found projects:
[2016.01.21-16.26.43:007][995]Cmd: CLOSE_SLATE_MAINFRAME
[2016.01.21-16.26.45:740][995]Cmd: OBJ SAVEPACKAGE PACKAGE="/Game/Blueprints/HUD123" FILE="C:/Users/Psychonaut/Documents/Unreal Projects/MyProjectFuck/Content/Blueprints/HUD123.uasset" SILENT=true
[2016.01.21-16.26.45:785][995]LogSavePackage: Save=14.195076ms
[2016.01.21-16.26.45:785][995]LogSavePackage: Moving 'C:/Users/Psychonaut/Documents/Unreal Projects/MyProjectFuck/Saved/HUD123D0E8AB644AB07EF0367BF3BB31C33F2A.tmp' to 'C:/Users/Psychonaut/Documents/Unreal Projects/MyProjectFuck/Content/Blueprints/HUD123.uasset'
[2016.01.21-16.26.45:792][995]LogSavePackage: Total save time: 30.812610ms
[2016.01.21-16.26.45:792][995]LogSavePackage:Display: Finished SavePackage C:/Users/Psychonaut/Documents/Unreal Projects/MyProjectFuck/Content/Blueprints/HUD123.uasset
[2016.01.21-16.26.46:004][995]LogWindowsTextInputMethodSystem:Display: IME system now deactivated.
[2016.01.21-16.26.46:444][996]Cmd: QUIT_EDITOR
[2016.01.21-16.26.47:150][996]LogExit: Preparing to exit.
[2016.01.21-16.26.59:399][996]LogExit: Editor shut down
[2016.01.21-16.26.59:400][996]LogExit: Transaction tracking system shut down
[2016.01.21-16.26.59:402][996]LogParticles: Destroying 0 GPU particle simulations for FXSystem 0x00000222EB211DA0
[2016.01.21-16.26.59:746][996]LogParticles: Destroying 0 GPU particle simulations for FXSystem 0x00000222D542DD00
[2016.01.21-16.26.59:881][996]LogParticles: Destroying 0 GPU particle simulations for FXSystem 0x00000222EC8CF880
[2016.01.21-16.27.00:081][996]LogParticles: Destroying 0 GPU particle simulations for FXSystem 0x00000222EC7F2F20
[2016.01.21-16.27.00:081][996]LogParticles: Destroying 0 GPU particle simulations for FXSystem 0x00000222D2801260
[2016.01.21-16.27.02:543][996]LogExit: Object subsystem successfully closed.
[2016.01.21-16.27.02:696][996]LogD3D11RHI: Shutdown
[2016.01.21-16.27.02:696][996]LogD3D11RHI: CleanupD3DDevice
[2016.01.21-16.27.03:362][996]LogD3D11RHI: ~FD3D11DynamicRHI
[2016.01.21-16.27.03:387][996]LogModuleManager: Shutting down and abandoning module CookingStats (201)
[2016.01.21-16.27.03:387][996]LogModuleManager: Shutting down and abandoning module BlueprintGraph (200)
[2016.01.21-16.27.03:387][996]LogModuleManager: Shutting down and abandoning module ExternalImagePicker (199)
[2016.01.21-16.27.03:387][996]LogModuleManager: Shutting down and abandoning module CrashTracker (198)
[2016.01.21-16.27.03:387][996]LogModuleManager: Shutting down and abandoning module SceneOutliner (197)
[2016.01.21-16.27.03:387][996]LogModuleManager: Shutting down and abandoning module SuperSearch (196)
[2016.01.21-16.27.03:387][996]LogModuleManager: Shutting down and abandoning module WidgetCarousel (195)
[2016.01.21-16.27.03:387][996]LogModuleManager: Shutting down and abandoning module AddContentDialog (194)
[2016.01.21-16.27.03:388][996]LogModuleManager: Shutting down and abandoning module EditorWidgets (193)
[2016.01.21-16.27.03:388][996]LogModuleManager: Shutting down and abandoning module CollectionManager (192)
[2016.01.21-16.27.03:388][996]LogModuleManager: Shutting down and abandoning module StatsViewer (191)
[2016.01.21-16.27.03:388][996]LogModuleManager: Shutting down and abandoning module FoliageEdit (190)
[2016.01.21-16.27.03:388][996]LogModuleManager: Shutting down and abandoning module LandscapeEditor (189)
[2016.01.21-16.27.03:396][996]LogModuleManager: Shutting down and abandoning module ActorPickerMode (188)
[2016.01.21-16.27.03:396][996]LogModuleManager: Shutting down and abandoning module GeometryMode (187)
[2016.01.21-16.27.03:396][996]LogModuleManager: Shutting down and abandoning module TextureAlignMode (186)
[2016.01.21-16.27.03:396][996]LogModuleManager: Shutting down and abandoning module BspMode (185)
[2016.01.21-16.27.03:396][996]LogModuleManager: Shutting down and abandoning module PlacementMode (184)
[2016.01.21-16.27.03:396][996]LogModuleManager: Shutting down and abandoning module AutomationWorker (183)
[2016.01.21-16.27.03:396][996]LogModuleManager: Shutting down and abandoning module CharacterAI (182)
[2016.01.21-16.27.03:396][996]LogModuleManager: Shutting down and abandoning module SmartSnapping (181)
[2016.01.21-16.27.03:396][996]LogModuleManager: Shutting down and abandoning module ViewportSnapping (180)
[2016.01.21-16.27.03:396][996]LogModuleManager: Shutting down and abandoning module LogVisualizer (179)
[2016.01.21-16.27.03:397][996]LogModuleManager: Shutting down and abandoning module GameProjectGeneration (178)
[2016.01.21-16.27.03:397][996]LogModuleManager: Shutting down and abandoning module IntroTutorials (177)
[2016.01.21-16.27.03:397][996]LogModuleManager: Shutting down and abandoning module EditorLiveStreaming (176)
[2016.01.21-16.27.03:397][996]LogModuleManager: Shutting down and abandoning module IOSPlatformEditor (175)
[2016.01.21-16.27.03:397][996]LogModuleManager: Shutting down and abandoning module HTML5PlatformEditor (174)
[2016.01.21-16.27.03:397][996]LogModuleManager: Shutting down and abandoning module AndroidDeviceDetection (173)
[2016.01.21-16.27.03:698][996]LogModuleManager: Shutting down and abandoning module AndroidPlatformEditor (172)
[2016.01.21-16.27.03:698][996]LogModuleManager: Shutting down and abandoning module IOSRuntimeSettings (171)
[2016.01.21-16.27.03:698][996]LogModuleManager: Shutting down and abandoning module AndroidRuntimeSettings (170)
[2016.01.21-16.27.03:698][996]LogModuleManager: Shutting down and abandoning module MergeActors (169)
[2016.01.21-16.27.03:698][996]LogModuleManager: Shutting down and abandoning module SizeMap (168)
[2016.01.21-16.27.03:698][996]LogModuleManager: Shutting down and abandoning module TreeMap (167)
[2016.01.21-16.27.03:698][996]LogModuleManager: Shutting down and abandoning module ReferenceViewer (166)
[2016.01.21-16.27.03:699][996]LogModuleManager: Shutting down and abandoning module LocalizationService (165)
[2016.01.21-16.27.03:699][996]LogModuleManager: Shutting down and abandoning module LocalizationDashboard (164)
[2016.01.21-16.27.03:699][996]LogModuleManager: Shutting down and abandoning module HardwareTargeting (163)
[2016.01.21-16.27.03:699][996]LogModuleManager: Shutting down and abandoning module DeviceProfileEditor (162)
[2016.01.21-16.27.03:699][996]LogModuleManager: Shutting down and abandoning module UndoHistory (161)
[2016.01.21-16.27.03:699][996]LogModuleManager: Shutting down and abandoning module GameplayTagsEditor (160)
[2016.01.21-16.27.03:699][996]LogModuleManager: Shutting down and abandoning module UserFeedback (159)
[2016.01.21-16.27.03:699][996]LogModuleManager: Shutting down and abandoning module XmlParser (158)
[2016.01.21-16.27.03:699][996]LogModuleManager: Shutting down and abandoning module Blutility (157)
[2016.01.21-16.27.03:699][996]LogModuleManager: Shutting down and abandoning module ProjectTargetPlatformEditor (156)
[2016.01.21-16.27.03:699][996]LogModuleManager: Shutting down and abandoning module ProjectSettingsViewer (155)
[2016.01.21-16.27.03:770][996]LogModuleManager: Shutting down and abandoning module InputBindingEditor (154)
[2016.01.21-16.27.03:774][996]LogModuleManager: Shutting down and abandoning module EditorSettingsViewer (153)
[2016.01.21-16.27.03:775][996]LogModuleManager: Shutting down and abandoning module SettingsEditor (152)
[2016.01.21-16.27.03:775][996]LogModuleManager: Shutting down and abandoning module ProjectLauncher (151)
[2016.01.21-16.27.03:775][996]LogModuleManager: Shutting down and abandoning module SessionFrontend (150)
[2016.01.21-16.27.03:775][996]LogModuleManager: Shutting down and abandoning module ProfilerClient (149)
[2016.01.21-16.27.03:776][996]LogModuleManager: Shutting down and abandoning module TargetDeviceServices (148)
[2016.01.21-16.27.03:776][996]LogModuleManager: Shutting down and abandoning module DeviceManager (147)
[2016.01.21-16.27.03:776][996]LogModuleManager: Shutting down and abandoning module AutomationController (146)
[2016.01.21-16.27.03:776][996]LogModuleManager: Shutting down and abandoning module AutomationWindow (145)
[2016.01.21-16.27.03:776][996]LogModuleManager: Shutting down and abandoning module Layers (144)
[2016.01.21-16.27.03:776][996]LogModuleManager: Shutting down and abandoning module ComponentVisualizers (143)
[2016.01.21-16.27.03:776][996]LogModuleManager: Shutting down and abandoning module DetailCustomizations (142)
[2016.01.21-16.27.03:776][996]LogModuleManager: Shutting down and abandoning module PackagesDialog (141)
[2016.01.21-16.27.03:779][996]LogModuleManager: Shutting down and abandoning module Persona (140)
[2016.01.21-16.27.03:779][996]LogModuleManager: Shutting down and abandoning module Kismet (139)
[2016.01.21-16.27.03:779][996]LogModuleManager: Shutting down and abandoning module GraphEditor (138)
[2016.01.21-16.27.03:780][996]LogModuleManager: Shutting down and abandoning module ClassViewer (137)
[2016.01.21-16.27.03:856][996]LogModuleManager: Shutting down and abandoning module Toolbox (136)
[2016.01.21-16.27.03:856][996]LogModuleManager: Shutting down and abandoning module ModuleUI (135)
[2016.01.21-16.27.03:857][996]LogModuleManager: Shutting down and abandoning module MovieSceneTools (134)
[2016.01.21-16.27.03:857][996]LogModuleManager: Shutting down and abandoning module OutputLog (133)
[2016.01.21-16.27.03:857][996]LogModuleManager: Shutting down and abandoning module GammaUI (132)
[2016.01.21-16.27.03:857][996]LogModuleManager: Shutting down and abandoning module Documentation (131)
[2016.01.21-16.27.03:857][996]LogModuleManager: Shutting down and abandoning module GameLiveStreaming (130)
[2016.01.21-16.27.03:857][996]LogModuleManager: Shutting down and abandoning module StreamingPauseRendering (129)
[2016.01.21-16.27.03:857][996]LogModuleManager: Shutting down and abandoning module AnalyticsET (128)
[2016.01.21-16.27.03:857][996]LogModuleManager: Shutting down and abandoning module Analytics (127)
[2016.01.21-16.27.03:857][996]LogModuleManager: Shutting down and abandoning module AITestSuite (126)
[2016.01.21-16.27.03:858][996]LogModuleManager: Shutting down and abandoning module GameplayDebugger (125)
[2016.01.21-16.27.03:858][996]LogModuleManager: Shutting down and abandoning module AIModule (124)
[2016.01.21-16.27.03:858][996]LogModuleManager: Shutting down and abandoning module ProfilerService (123)
[2016.01.21-16.27.04:105][996]LogModuleManager: Shutting down and abandoning module TaskGraph (122)
[2016.01.21-16.27.04:105][996]LogModuleManager: Shutting down and abandoning module SlateRemote (121)
[2016.01.21-16.27.04:250][996]LogModuleManager: Shutting down and abandoning module SteamVRController (120)
[2016.01.21-16.27.04:250][996]LogModuleManager: Shutting down and abandoning module SteamVR (119)
[2016.01.21-16.27.04:250][996]LogModuleManager: Shutting down and abandoning module ProceduralMeshComponent (118)
[2016.01.21-16.27.04:250][996]LogModuleManager: Shutting down and abandoning module OculusLibrary (117)
[2016.01.21-16.27.04:250][996]LogModuleManager: Shutting down and abandoning module OculusInput (116)
[2016.01.21-16.27.04:250][996]LogModuleManager: Shutting down and abandoning module LeapMotionController (115)
[2016.01.21-16.27.04:379][996]LogModuleManager: Shutting down and abandoning module CustomMeshComponent (114)
[2016.01.21-16.27.04:379][996]LogModuleManager: Shutting down and abandoning module CableComponent (113)
[2016.01.21-16.27.04:379][996]LogModuleManager: Shutting down and abandoning module ArchVisCharacter (112)
[2016.01.21-16.27.04:379][996]LogModuleManager: Shutting down and abandoning module MessagingDebugger (111)
[2016.01.21-16.27.04:380][996]LogModuleManager: Shutting down and abandoning module MediaPlayerEditor (110)
[2016.01.21-16.27.04:380][996]LogModuleManager: Shutting down and abandoning module HTML5Networking (109)
[2016.01.21-16.27.04:380][996]LogModuleManager: Shutting down and abandoning module SpeedTreeImporter (108)
[2016.01.21-16.27.04:380][996]LogModuleManager: Shutting down and abandoning module PluginBrowser (107)
[2016.01.21-16.27.04:380][996]LogModuleManager: Shutting down and abandoning module EpicSurvey (106)
[2016.01.21-16.27.04:380][996]LogModuleManager: Shutting down and abandoning module DesktopPlatform (105)
[2016.01.21-16.27.04:380][996]LogModuleManager: Shutting down and abandoning module VisualStudioSourceCodeAccess (104)
[2016.01.21-16.27.04:380][996]LogModuleManager: Shutting down and abandoning module UObjectPlugin (103)
[2016.01.21-16.27.04:380][996]LogModuleManager: Shutting down and abandoning module SubversionSourceControl (102)
[2016.01.21-16.27.04:380][996]LogModuleManager: Shutting down and abandoning module PerforceSourceControl (101)
[2016.01.21-16.27.04:380][996]LogModuleManager: Shutting down and abandoning module SourceControl (100)
[2016.01.21-16.27.04:380][996]LogModuleManager: Shutting down and abandoning module GitSourceControl (99)
[2016.01.21-16.27.04:380][996]LogModuleManager: Shutting down and abandoning module LightPropagationVolumeEditor (98)
[2016.01.21-16.27.04:380][996]LogModuleManager: Shutting down and abandoning module PaperTiledImporter (97)
[2016.01.21-16.27.04:380][996]LogModuleManager: Shutting down and abandoning module PaperSpriteSheetImporter (96)
[2016.01.21-16.27.04:380][996]LogModuleManager: Shutting down and abandoning module MeshPaint (95)
[2016.01.21-16.27.04:380][996]LogModuleManager: Shutting down and abandoning module SlateReflector (94)
[2016.01.21-16.27.04:380][996]LogModuleManager: Shutting down and abandoning module HotReload (93)
[2016.01.21-16.27.04:380][996]LogModuleManager: Shutting down and abandoning module MainFrame (92)
[2016.01.21-16.27.04:380][996]LogModuleManager: Shutting down and abandoning module LevelEditor (91)
[2016.01.21-16.27.04:381][996]LogModuleManager: Shutting down and abandoning module DirectoryWatcher (90)
[2016.01.21-16.27.04:382][996]LogModuleManager: Shutting down and abandoning module AssetRegistry (89)
[2016.01.21-16.27.04:648][996]LogModuleManager: Shutting down and abandoning module ContentBrowser (88)
[2016.01.21-16.27.04:649][996]LogModuleManager: Shutting down and abandoning module Paper2DEditor (87)
[2016.01.21-16.27.04:649][996]LogModuleManager: Shutting down and abandoning module UdpMessaging (86)
[2016.01.21-16.27.04:750][996]LogModuleManager: Shutting down and abandoning module LightPropagationVolumeRuntime (85)
[2016.01.21-16.27.04:750][996]LogModuleManager: Shutting down and abandoning module Paper2D (84)
[2016.01.21-16.27.04:750][996]LogModuleManager: Shutting down and abandoning module WindowsMoviePlayer (83)
[2016.01.21-16.27.04:754][996]LogModuleManager: Shutting down and abandoning module Media (82)
[2016.01.21-16.27.04:754][996]LogModuleManager: Shutting down and abandoning module WmfMedia (81)
[2016.01.21-16.27.04:754][996]LogModuleManager: Shutting down and abandoning module OnlineBlueprintSupport (80)
[2016.01.21-16.27.04:754][996]LogModuleManager: Shutting down and abandoning module GameplayTasksEditor (79)
[2016.01.21-16.27.04:754][996]LogModuleManager: Shutting down and abandoning module PropertyEditor (78)
[2016.01.21-16.27.04:754][996]LogModuleManager: Shutting down and abandoning module BehaviorTreeEditor (77)
[2016.01.21-16.27.04:754][996]LogModuleManager: Shutting down and abandoning module FunctionalTesting (76)
[2016.01.21-16.27.04:754][996]LogModuleManager: Shutting down and abandoning module CollisionAnalyzer (75)
[2016.01.21-16.27.04:754][996]LogModuleManager: Shutting down and abandoning module WorkspaceMenuStructure (74)
[2016.01.21-16.27.04:754][996]LogModuleManager: Shutting down and abandoning module MessageLog (73)
[2016.01.21-16.27.04:754][996]LogModuleManager: Shutting down and abandoning module Sequencer (72)
[2016.01.21-16.27.04:755][996]LogModuleManager: Shutting down and abandoning module AssetTools (71)
[2016.01.21-16.27.04:755][996]LogModuleManager: Shutting down and abandoning module UMGEditor (70)
[2016.01.21-16.27.04:756][996]LogModuleManager: Shutting down and abandoning module UMG (69)
[2016.01.21-16.27.04:756][996]LogModuleManager: Shutting down and abandoning module Slate (68)
[2016.01.21-16.27.04:756][996]LogModuleManager: Shutting down and abandoning module EditorStyle (67)
[2016.01.21-16.27.04:758][996]LogModuleManager: Shutting down and abandoning module SessionServices (66)
[2016.01.21-16.27.04:758][996]LogModuleManager: Shutting down and abandoning module SourceCodeAccess (65)
[2016.01.21-16.27.04:758][996]LogModuleManager: Shutting down and abandoning module HeadMountedDisplay (64)
[2016.01.21-16.27.04:758][996]LogModuleManager: Shutting down and abandoning module XAudio2 (63)
[2016.01.21-16.27.04:758][996]LogModuleManager: Shutting down and abandoning module Networking (61)
[2016.01.21-16.27.04:758][996]LogModuleManager: Shutting down and abandoning module Core (60)
[2016.01.21-16.27.04:758][996]LogModuleManager: Shutting down and abandoning module KismetCompiler (59)
[2016.01.21-16.27.04:758][996]LogModuleManager: Shutting down and abandoning module PhysXFormats (58)
[2016.01.21-16.27.04:758][996]LogModuleManager: Shutting down and abandoning module MeshUtilities (57)
[2016.01.21-16.27.04:758][996]LogModuleManager: Shutting down and abandoning module DerivedDataCache (56)
[2016.01.21-16.27.04:861][996]LogDerivedDataCache: Shutdown
[2016.01.21-16.27.04:861][996]LogModuleManager: Shutting down and abandoning module ShaderFormatOpenGL (55)
[2016.01.21-16.27.04:861][996]LogModuleManager: Shutting down and abandoning module ShaderFormatD3D (54)
[2016.01.21-16.27.04:861][996]LogModuleManager: Shutting down and abandoning module MetalShaderFormat (53)
[2016.01.21-16.27.04:861][996]LogModuleManager: Shutting down and abandoning module TextureFormatUncompressed (52)
[2016.01.21-16.27.04:861][996]LogModuleManager: Shutting down and abandoning module TextureFormatPVR (51)
[2016.01.21-16.27.04:861][996]LogModuleManager: Shutting down and abandoning module TextureFormatIntelISPCTexComp (50)
[2016.01.21-16.27.04:861][996]LogModuleManager: Shutting down and abandoning module TextureFormatDXT (49)
[2016.01.21-16.27.04:861][996]LogModuleManager: Shutting down and abandoning module ImageWrapper (48)
[2016.01.21-16.27.04:861][996]LogModuleManager: Shutting down and abandoning module TextureFormatASTC (47)
[2016.01.21-16.27.04:861][996]LogModuleManager: Shutting down and abandoning module TextureFormatAndroid (46)
[2016.01.21-16.27.04:861][996]LogModuleManager: Shutting down and abandoning module AudioFormatOpus (45)
[2016.01.21-16.27.04:861][996]LogModuleManager: Shutting down and abandoning module AudioFormatOgg (44)
[2016.01.21-16.27.04:861][996]LogModuleManager: Shutting down and abandoning module AudioFormatADPCM (43)
[2016.01.21-16.27.04:861][996]LogModuleManager: Shutting down and abandoning module LinuxTargetPlatform (42)
[2016.01.21-16.27.04:861][996]LogModuleManager: Shutting down and abandoning module LinuxServerTargetPlatform (41)
[2016.01.21-16.27.04:861][996]LogModuleManager: Shutting down and abandoning module LinuxNoEditorTargetPlatform (40)
[2016.01.21-16.27.04:861][996]LogModuleManager: Shutting down and abandoning module Messaging (39)
[2016.01.21-16.27.04:861][996]LogModuleManager: Shutting down and abandoning module IOSTargetPlatform (38)
[2016.01.21-16.27.04:861][996]LogModuleManager: Shutting down and abandoning module HTML5TargetPlatform (37)
[2016.01.21-16.27.04:861][996]LogModuleManager: Shutting down and abandoning module Android_PVRTCTargetPlatform (36)
[2016.01.21-16.27.04:862][996]LogModuleManager: Shutting down and abandoning module Android_MultiTargetPlatform (35)
[2016.01.21-16.27.04:862][996]LogModuleManager: Shutting down and abandoning module Android_ETC2TargetPlatform (34)
[2016.01.21-16.27.04:862][996]LogModuleManager: Shutting down and abandoning module Android_ETC1TargetPlatform (33)
[2016.01.21-16.27.04:862][996]LogModuleManager: Shutting down and abandoning module Android_DXTTargetPlatform (32)
[2016.01.21-16.27.04:862][996]LogModuleManager: Shutting down and abandoning module Android_ATCTargetPlatform (31)
[2016.01.21-16.27.04:862][996]LogModuleManager: Shutting down and abandoning module Android_ASTCTargetPlatform (30)
[2016.01.21-16.27.04:862][996]LogModuleManager: Shutting down and abandoning module AndroidTargetPlatform (29)
[2016.01.21-16.27.04:862][996]LogModuleManager: Shutting down and abandoning module WindowsTargetPlatform (28)
[2016.01.21-16.27.04:862][996]LogModuleManager: Shutting down and abandoning module WindowsServerTargetPlatform (27)
[2016.01.21-16.27.04:862][996]LogModuleManager: Shutting down and abandoning module WindowsNoEditorTargetPlatform (26)
[2016.01.21-16.27.04:862][996]LogModuleManager: Shutting down and abandoning module WindowsClientTargetPlatform (25)
[2016.01.21-16.27.04:862][996]LogModuleManager: Shutting down and abandoning module AllDesktopTargetPlatform (24)
[2016.01.21-16.27.04:862][996]LogModuleManager: Shutting down and abandoning module TargetPlatform (23)
[2016.01.21-16.27.04:862][996]LogModuleManager: Shutting down and abandoning module InputCore (22)
[2016.01.21-16.27.04:862][996]LogModuleManager: Shutting down and abandoning module Settings (21)
[2016.01.21-16.27.04:862][996]LogModuleManager: Shutting down and abandoning module OnlineSubsystem (19)
[2016.01.21-16.27.04:862][996]LogModuleManager: Shutting down and abandoning module HTTP (18)
[2016.01.21-16.27.05:876][996]LogModuleManager: Shutting down and abandoning module XMPP (17)
[2016.01.21-16.27.05:876][996]LogModuleManager: Shutting down and abandoning module OculusRift (16)
[2016.01.21-16.27.05:876][996]LogModuleManager: Shutting down and abandoning module ExampleDeviceProfileSelector (15)
[2016.01.21-16.27.05:876][996]LogModuleManager: Shutting down and abandoning module TextureCompressor (14)
[2016.01.21-16.27.05:876][996]LogModuleManager: Shutting down and abandoning module ShaderCore (13)
[2016.01.21-16.27.05:876][996]LogModuleManager: Shutting down and abandoning module Landscape (12)
[2016.01.21-16.27.05:876][996]LogModuleManager: Shutting down and abandoning module SlateRHIRenderer (11)
[2016.01.21-16.27.05:878][996]LogModuleManager: Shutting down and abandoning module OpenGLDrv (10)
[2016.01.21-16.27.05:878][996]LogModuleManager: Shutting down and abandoning module D3D11RHI (9)
[2016.01.21-16.27.05:878][996]LogModuleManager: Shutting down and abandoning module AnimGraphRuntime (8)
[2016.01.21-16.27.05:878][996]LogModuleManager: Shutting down and abandoning module Renderer (7)
[2016.01.21-16.27.05:878][996]LogModuleManager: Shutting down and abandoning module Engine (6)
[2016.01.21-16.27.05:878][996]LogModuleManager: Shutting down and abandoning module CoreUObject (5)
[2016.01.21-16.27.05:878][996]LogModuleManager: Shutting down and abandoning module NetworkFile (4)
[2016.01.21-16.27.05:878][996]LogModuleManager: Shutting down and abandoning module StreamingFile (3)
[2016.01.21-16.27.05:878][996]LogModuleManager: Shutting down and abandoning module SandboxFile (2)
[2016.01.21-16.27.05:878][996]LogModuleManager: Shutting down and abandoning module PakFile (1)
[2016.01.21-16.27.05:880][996]LogExit: Exiting.
[2016.01.21-16.27.05:881][996]Log file closed, 01/21/16 19:27:05
