[2016.03.17-12.42.24:682][  0]Log file open, 03/17/16 15:42:24
[2016.03.17-12.42.24:682][  0]LogInit:Display: Running engine for game: MyProjectFuck
[2016.03.17-12.42.24:682][  0]LogPlatformFile: Not using cached read wrapper
[2016.03.17-12.42.24:682][  0]LogInit:Display: RandInit(-1159030315) SRandInit(-1159030179).
[2016.03.17-12.42.24:682][  0]LogTaskGraph: Started task graph with 4 named threads and 5 total threads.
[2016.03.17-12.42.24:682][  0]LogStats: Stats thread started at 0.060424
[2016.03.17-12.42.24:682][  0]LogInit: Version: 4.10.4-2872498+++depot+UE4-Releases+4.10
[2016.03.17-12.42.24:682][  0]LogInit: API Version: 2758231
[2016.03.17-12.42.24:682][  0]LogInit: Compiled (64-bit): Feb 18 2016 15:47:04
[2016.03.17-12.42.24:682][  0]LogInit: Compiled with Visual C++: 19.00.23026.00
[2016.03.17-12.42.24:682][  0]LogInit: Build Configuration: Development
[2016.03.17-12.42.24:682][  0]LogInit: Branch Name: ++depot+UE4-Releases+4.10
[2016.03.17-12.42.24:682][  0]LogInit: Command line: -EpicPortal  -HTTP=WinInet
[2016.03.17-12.42.24:682][  0]LogInit: Base directory: B:/Unreal engine/Epic Games/4.10/Engine/Binaries/Win64/
[2016.03.17-12.42.24:682][  0]LogInit: Rocket: 1
[2016.03.17-12.42.24:697][  0]LogInit: Presizing for 0 objects not considered by GC, pre-allocating 0 bytes.
[2016.03.17-12.42.24:704][  0]LogInit: Object subsystem initialized
[2016.03.17-12.42.24:705][  0]LogInit: Selected Device Profile: [Windows]
[2016.03.17-12.42.24:705][  0]LogInit: Applying CVar settings loaded from the selected device profile: [Windows]
[2016.03.17-12.42.24:714][  0]LogInit: Computer: JUSTACOMPUTER
[2016.03.17-12.42.24:714][  0]LogInit: User: Psychonaut
[2016.03.17-12.42.24:714][  0]LogInit: CPU Page size=4096, Cores=2
[2016.03.17-12.42.24:714][  0]LogInit: High frequency timer resolution =3.020481 MHz
[2016.03.17-12.42.24:714][  0]LogMemory: Memory total: Physical=8.0GB (8GB approx)
[2016.03.17-12.42.24:714][  0]LogMemory: Platform Memory Stats for Windows
[2016.03.17-12.42.24:714][  0]LogMemory: Process Physical Memory: 56.10 MB used, 56.10 MB peak
[2016.03.17-12.42.24:714][  0]LogMemory: Process Virtual Memory: 55.46 MB used, 55.46 MB peak
[2016.03.17-12.42.24:714][  0]LogMemory: Physical Memory: 4522.97 MB used, 8151.08 MB total
[2016.03.17-12.42.24:714][  0]LogMemory: Virtual Memory: 375.47 MB used, 134217728.00 MB total
[2016.03.17-12.42.24:750][  0]LogTextLocalizationManager: No translations for ('ru-RU') exist, falling back to 'en' for localization and internationalization data.
[2016.03.17-12.42.25:386][  0]LogD3D11RHI: Found D3D11 adapter 0: NVIDIA GeForce GT 740 (Feature Level 11_0)
[2016.03.17-12.42.25:386][  0]LogD3D11RHI: Adapter has 1990MB of dedicated video memory, 0MB of dedicated system memory, and 4075MB of shared system memory, 1 output[s]
[2016.03.17-12.42.25:388][  0]LogD3D11RHI: Found D3D11 adapter 1: Microsoft Basic Render Driver (Feature Level 11_0)
[2016.03.17-12.42.25:388][  0]LogD3D11RHI: Adapter has 0MB of dedicated video memory, 0MB of dedicated system memory, and 4075MB of shared system memory, 0 output[s]
[2016.03.17-12.42.25:388][  0]LogD3D11RHI: Chosen D3D11 Adapter Id = 0
[2016.03.17-12.42.25:395][  0]LogD3D11RHI: !Direct3DDevice
[2016.03.17-12.42.25:395][  0]LogRHI: Texture pool is 1361 MB (70% of 1945 MB)
[2016.03.17-12.42.25:412][  0]LogD3D11RHI: Async texture creation enabled
[2016.03.17-12.42.25:431][  0]LogShaderCompilers: Guid format shader working directory is -9 characters bigger than the processId version (C:/Users/Psychonaut/Documents/Unreal Projects/SpaceProject/Intermediate/Shaders/WorkingDirectory/4732/).
[2016.03.17-12.42.25:432][  0]LogShaderCompilers: Cleaned the shader compiler working directory 'C:/Users/PSYCHO~1/AppData/Local/Temp/UnrealShaderWorkingDir/63E4859746E199A96107A1A282E00A8D/'.
[2016.03.17-12.42.25:432][  0]LogShaderCompilers:Display: Using Local Shader Compiler.
[2016.03.17-12.42.26:594][  0]LogTemp:Display: Loaded TP AllDesktopTargetPlatform
[2016.03.17-12.42.26:598][  0]LogTemp:Display: Loaded TP WindowsClientTargetPlatform
[2016.03.17-12.42.26:603][  0]LogTemp:Display: Loaded TP WindowsNoEditorTargetPlatform
[2016.03.17-12.42.26:610][  0]LogTemp:Display: Loaded TP WindowsServerTargetPlatform
[2016.03.17-12.42.26:614][  0]LogTemp:Display: Loaded TP WindowsTargetPlatform
[2016.03.17-12.42.26:617][  0]LogTemp:Display: Loaded TP AndroidTargetPlatform
[2016.03.17-12.42.26:625][  0]LogTemp:Display: Loaded TP Android_ASTCTargetPlatform
[2016.03.17-12.42.26:630][  0]LogTemp:Display: Loaded TP Android_ATCTargetPlatform
[2016.03.17-12.42.26:633][  0]LogTemp:Display: Loaded TP Android_DXTTargetPlatform
[2016.03.17-12.42.26:636][  0]LogTemp:Display: Loaded TP Android_ETC1TargetPlatform
[2016.03.17-12.42.26:640][  0]LogTemp:Display: Loaded TP Android_ETC2TargetPlatform
[2016.03.17-12.42.26:647][  0]LogTemp:Display: Loaded TP Android_MultiTargetPlatform
[2016.03.17-12.42.26:647][  0]LogTemp:Display: Loaded TP Android_PVRTCTargetPlatform
[2016.03.17-12.42.26:648][  0]LogTemp:Display: Loaded TP HTML5TargetPlatform
[2016.03.17-12.42.26:664][  0]LogTemp:Display: Loaded TP IOSTargetPlatform
[2016.03.17-12.42.26:667][  0]LogTemp:Display: Loaded TP LinuxNoEditorTargetPlatform
[2016.03.17-12.42.26:670][  0]LogTemp:Display: Loaded TP LinuxServerTargetPlatform
[2016.03.17-12.42.26:677][  0]LogTemp:Display: Loaded TP LinuxTargetPlatform
[2016.03.17-12.42.26:677][  0]LogTargetPlatformManager:Display: Building Assets For Windows
[2016.03.17-12.42.26:754][  0]LogDerivedDataCache:Display: Max Cache Size: 512 MB
[2016.03.17-12.42.26:828][  0]LogDerivedDataCache: Loaded boot cache 0.07s 41MB C:/Users/Psychonaut/AppData/Local/UnrealEngine/4.10/DerivedDataCache/Boot.ddc.
[2016.03.17-12.42.26:828][  0]LogDerivedDataCache:Display: Loaded Boot cache: C:/Users/Psychonaut/AppData/Local/UnrealEngine/4.10/DerivedDataCache/Boot.ddc
[2016.03.17-12.42.26:828][  0]LogDerivedDataCache: FDerivedDataBackendGraph:  Pak pak cache file C:/Users/Psychonaut/Documents/Unreal Projects/SpaceProject/DerivedDataCache/DDC.ddp not found, will not use a pak cache.
[2016.03.17-12.42.26:828][  0]LogDerivedDataCache: Unable to find inner node Pak for hierarchical cache Hierarchy.
[2016.03.17-12.42.26:828][  0]LogDerivedDataCache: FDerivedDataBackendGraph:  CompressedPak pak cache file C:/Users/Psychonaut/Documents/Unreal Projects/SpaceProject/DerivedDataCache/Compressed.ddp not found, will not use a pak cache.
[2016.03.17-12.42.26:828][  0]LogDerivedDataCache: Unable to find inner node CompressedPak for hierarchical cache Hierarchy.
[2016.03.17-12.42.26:931][  0]LogDerivedDataCache:Display: Pak cache opened for reading ../../../Engine/DerivedDataCache/Compressed.ddp.
[2016.03.17-12.42.26:943][  0]LogDerivedDataCache: Using Local data cache path C:/Users/Psychonaut/AppData/Local/UnrealEngine/Common/DerivedDataCache: Writable
[2016.03.17-12.42.27:211][  0]LogInit: Selected Device Profile: [Windows]
[2016.03.17-12.42.27:213][  0]LogContentStreaming: Texture pool size is 0.000000MB
[2016.03.17-12.42.27:357][  0]LogMeshUtilities: No automatic mesh reduction module available
[2016.03.17-12.42.27:357][  0]LogMeshUtilities: No automatic mesh merging module available
[2016.03.17-12.42.27:695][  0]LogInit: WinSock: version 1.1 (2.2), MaxSocks=32767, MaxUdp=65467
[2016.03.17-12.42.28:530][  0]UdpMessaging: Initializing bridge on interface 0.0.0.0:0 to multicast group 230.0.0.1:6666.
[2016.03.17-12.42.28:627][  0]LogAssetRegistry: FAssetRegistry took 0.0111 seconds to start up
[2016.03.17-12.42.28:797][  0]SourceControl: Info Source control is disabled
[2016.03.17-12.42.28:798][  0]SourceControl: Info Source control is disabled
[2016.03.17-12.42.28:809][  0]SourceControl: Info Source control is disabled
[2016.03.17-12.42.28:817][  0]SourceControl: Info Source control is disabled
[2016.03.17-12.42.29:044][  0]LogObj: 28633 objects as part of root set at end of initial load.
[2016.03.17-12.42.29:044][  0]LogUObjectAllocator: 6099752 out of 0 bytes used by permanent object pool.
[2016.03.17-12.42.29:111][  0]LogEngine: Initializing Engine...
[2016.03.17-12.42.29:113][  0]LogHMD: Can't find Oculus library dev build: is proper Runtime installed? Version: 0.8.0.0
[2016.03.17-12.42.29:114][  0]LogHMD: SteamVR failed to initialize.  Err: 110
[2016.03.17-12.42.29:271][  0]LogAIModule: Creating AISystem for world NewWorld
[2016.03.17-12.42.29:280][  0]LogInit: XAudio2 using 'Динамики (USB PnP Sound Device)' : 2 channels at 44.1 kHz using 16 bits per sample (channel mask 0x3)
[2016.03.17-12.42.29:292][  0]LogInit: FAudioDevice initialized.
[2016.03.17-12.42.29:334][  0]LogDerivedDataCache: Saved boot cache 0.04s 41MB C:/Users/Psychonaut/AppData/Local/UnrealEngine/4.10/DerivedDataCache/Boot.ddc.
[2016.03.17-12.42.29:344][  0]LogInit: Texture streaming: Enabled
[2016.03.17-12.42.29:355][  0]LogAnalytics: Creating configured Analytics provider AnalyticsET
[2016.03.17-12.42.29:355][  0]LogAnalytics: [UEEditor.Rocket.Release] APIServer = http://et2.epicgames.com/ET2/. AppVersion = 4.10.4-2872498+++depot+UE4-Releases+4.10
[2016.03.17-12.42.29:355][  0]LogAnalytics: [UEEditor.Rocket.Release] SetUserId 2911d8d241c43e13947dca90dedae07b|d4159b7f75f942918ec126aed703196c|f7eaf2f4-3485-4cb8-b8fc-60c3d0d9ecc4
[2016.03.17-12.42.29:355][  0]LogAnalytics: [UEEditor.Rocket.Release] AnalyticsET::StartSession
[2016.03.17-12.42.29:364][  0]LogInit: Transaction tracking system initialized
[2016.03.17-12.42.29:388][  0]BlueprintLog: New page: Editor Load
[2016.03.17-12.42.29:460][  0]LocalizationService: Info Localization service is disabled
[2016.03.17-12.42.29:710][  0]LogConsoleResponse:Display: 
[2016.03.17-12.42.30:372][  0]LogCook:Display: Done creating registry. It took  0.00s.
[2016.03.17-12.42.30:421][  0]SourceControl: Info Source control is disabled
[2016.03.17-12.42.30:422][  0]Cmd: MAP LOAD FILE="C:/Users/Psychonaut/Documents/Unreal Projects/SpaceProject/Content/Level/TheLevel.umap" TEMPLATE=0 SHOWPROGRESS=1 FEATURELEVEL=3
[2016.03.17-12.42.30:525][  0]LightingResults: New page: Lighting Build
[2016.03.17-12.42.30:528][  0]MapCheck: New page: Map Check
[2016.03.17-12.42.30:528][  0]LightingResults: New page: Lighting Build
[2016.03.17-12.42.30:551][  0]LogParticles: Destroying 0 GPU particle simulations for FXSystem 0x00000282CC1C2AC0
[2016.03.17-12.42.30:833][  0]LogFileCache: Scanning file cache for directory 'C:/Users/Psychonaut/Documents/Unreal Projects/SpaceProject/Content/' took 0.92s
[2016.03.17-12.42.34:138][  0]LogLinker:Warning: CreateExport: Failed to load Parent for Function /Game/Blueprints/Components/CompCube.CompCube_C:UserConstructionScript; removing parent information, but keeping function
[2016.03.17-12.42.34:250][  0]LogLinker:Warning: CreateExport: Failed to load Parent for Function /Game/Blueprints/Components/CompPyramide.CompPyramide_C:UserConstructionScript; removing parent information, but keeping function
[2016.03.17-12.42.34:370][  0]LogLinker:Warning: CreateExport: Failed to load Parent for Function /Game/Blueprints/Components/CompPyramideOff.CompPyramideOff_C:UserConstructionScript; removing parent information, but keeping function
[2016.03.17-12.42.34:515][  0]LogLinker:Warning: CreateExport: Failed to load Parent for Function /Game/Blueprints/Components/CompTrapeze.CompTrapeze_C:UserConstructionScript; removing parent information, but keeping function
[2016.03.17-12.42.39:090][  0]LogAIModule: Creating AISystem for world TheLevel
[2016.03.17-12.42.39:326][  0]LogEditorServer: Finished looking for orphan Actors (0.000 secs)
[2016.03.17-12.42.39:326][  0]Cmd: MAP CHECKDEP NOCLEARLOG
[2016.03.17-12.42.39:376][  0]MapCheck: Info Map check complete: 0 Error(s), 0 Warning(s), took 49.177ms to complete.
[2016.03.17-12.42.39:376][  0]LogFileHelpers: Loading map 'TheLevel' took 8.954
[2016.03.17-12.42.39:923][  0]LogCollectionManager: Loaded 0 collections in 0.001600 seconds
[2016.03.17-12.42.40:044][  0]LogFileCache: Scanning file cache for directory 'C:/Users/Psychonaut/Documents/Unreal Projects/SpaceProject/Saved/Collections/' took 0.01s
[2016.03.17-12.42.40:044][  0]LogFileCache: Scanning file cache for directory 'C:/Users/Psychonaut/Documents/Unreal Projects/SpaceProject/Content/Developers/Psychonaut/Collections/' took 0.01s
[2016.03.17-12.42.40:044][  0]LogFileCache: Scanning file cache for directory 'C:/Users/Psychonaut/Documents/Unreal Projects/SpaceProject/Content/Collections/' took 0.01s
[2016.03.17-12.42.40:044][  0]LogCollectionManager: Rebuilt the GUID cache for 0 collections in 0.000002 seconds
[2016.03.17-12.42.40:055][  0]LogContentBrowser: Native class hierarchy populated in 0.0096 seconds. Added 1893 classes and 338 folders.
[2016.03.17-12.42.40:150][  0]LogContentBrowser: Native class hierarchy updated for 'WidgetCarousel' in 0.0004 seconds. Added 0 classes and 0 folders.
[2016.03.17-12.42.41:004][  0]LogContentBrowser: Native class hierarchy updated for 'AddContentDialog' in 0.0004 seconds. Added 0 classes and 0 folders.
[2016.03.17-12.42.41:062][  0]LogContentBrowser: Native class hierarchy updated for 'SceneOutliner' in 0.0005 seconds. Added 1 classes and 2 folders.
[2016.03.17-12.42.42:107][  0]LogCrashTracker: Crashtracker disabled due to settings.
[2016.03.17-12.42.42:243][  0]LogUObjectGlobals:Warning: Failed to find object 'Class None.'
[2016.03.17-12.42.42:297][  0]LogLoad: Full Startup: 18.02 seconds (BP compile: 0.60 seconds)
[2016.03.17-12.42.42:641][  0]LogOcInput: Can't find Oculus library dev build: is proper Runtime installed? Version: 0.8.0.0
[2016.03.17-12.42.42:938][  0]LogContentStreaming: Texture pool size now 400 MB
[2016.03.17-12.42.43:312][  0]LogRenderer: Reallocating scene render targets to support 1112x672 (Frame:2).
[2016.03.17-12.42.45:263][  5]LogAssetRegistry: Asset discovery search completed in 16.6478 seconds
[2016.03.17-12.42.45:264][  5]LogCollectionManager: Rebuilt the object cache for 0 collections in 0.000001 seconds (found 0 objects)
[2016.03.17-12.42.45:264][  5]LogCollectionManager: Fixed up redirectors for 0 collections in 0.000045 seconds (updated 0 objects)
[2016.03.17-12.59.50:885][358]LogLinker:Warning: Asset '../../../Engine/Content/ArtTools/RenderToTexture/Macros/RenderToTextureMacros.uasset' has been saved with empty engine version. The asset will be loaded but may be incompatible.
[2016.03.17-12.59.51:715][358]LogContentBrowser: Native class hierarchy updated for 'BlueprintGraph' in 0.0008 seconds. Added 107 classes and 0 folders.
[2016.03.17-14.07.35:970][533]LogWindowsTextInputMethodSystem:Display: IME system now deactivated.
[2016.03.17-14.07.35:970][533]LogWindowsTextInputMethodSystem:Display: IME system now deactivated.
[2016.03.17-15.27.15:847][729]LogWindowsTextInputMethodSystem:Display: IME system now deactivated.
[2016.03.17-15.27.15:848][729]LogWindowsTextInputMethodSystem:Display: IME system now deactivated.
[2016.03.17-15.27.19:603][ 94]LogParticles: Destroying 0 GPU particle simulations for FXSystem 0x00000282C7E1F600
[2016.03.17-15.27.28:901][ 93]Cmd: QUIT_EDITOR
[2016.03.17-15.27.28:979][ 93]LogWindowsTextInputMethodSystem:Display: IME system now deactivated.
[2016.03.17-15.27.29:047][ 93]LogExit: Preparing to exit.
[2016.03.17-15.27.29:866][ 93]LogExit: Editor shut down
[2016.03.17-15.27.29:868][ 93]LogExit: Transaction tracking system shut down
[2016.03.17-15.27.30:080][ 93]LogParticles: Destroying 0 GPU particle simulations for FXSystem 0x00000282CA8CAD40
[2016.03.17-15.27.30:097][ 93]LogParticles: Destroying 0 GPU particle simulations for FXSystem 0x00000282D834F880
[2016.03.17-15.27.30:099][ 93]LogParticles: Destroying 0 GPU particle simulations for FXSystem 0x00000282D84D3EC0
[2016.03.17-15.27.30:378][ 93]LogExit: Object subsystem successfully closed.
[2016.03.17-15.27.30:401][ 93]LogD3D11RHI: Shutdown
[2016.03.17-15.27.30:401][ 93]LogD3D11RHI: CleanupD3DDevice
[2016.03.17-15.27.30:459][ 93]LogD3D11RHI: ~FD3D11DynamicRHI
[2016.03.17-15.27.30:479][ 93]LogModuleManager: Shutting down and abandoning module BlueprintGraph (199)
[2016.03.17-15.27.30:479][ 93]LogModuleManager: Shutting down and abandoning module CrashTracker (198)
[2016.03.17-15.27.30:479][ 93]LogModuleManager: Shutting down and abandoning module SceneOutliner (197)
[2016.03.17-15.27.30:479][ 93]LogModuleManager: Shutting down and abandoning module SuperSearch (196)
[2016.03.17-15.27.30:479][ 93]LogModuleManager: Shutting down and abandoning module WidgetCarousel (195)
[2016.03.17-15.27.30:479][ 93]LogModuleManager: Shutting down and abandoning module AddContentDialog (194)
[2016.03.17-15.27.30:487][ 93]LogModuleManager: Shutting down and abandoning module EditorWidgets (193)
[2016.03.17-15.27.30:487][ 93]LogModuleManager: Shutting down and abandoning module CollectionManager (192)
[2016.03.17-15.27.30:487][ 93]LogModuleManager: Shutting down and abandoning module StatsViewer (191)
[2016.03.17-15.27.30:487][ 93]LogModuleManager: Shutting down and abandoning module FoliageEdit (190)
[2016.03.17-15.27.30:487][ 93]LogModuleManager: Shutting down and abandoning module LandscapeEditor (189)
[2016.03.17-15.27.30:487][ 93]LogModuleManager: Shutting down and abandoning module ActorPickerMode (188)
[2016.03.17-15.27.30:487][ 93]LogModuleManager: Shutting down and abandoning module GeometryMode (187)
[2016.03.17-15.27.30:487][ 93]LogModuleManager: Shutting down and abandoning module TextureAlignMode (186)
[2016.03.17-15.27.30:487][ 93]LogModuleManager: Shutting down and abandoning module BspMode (185)
[2016.03.17-15.27.30:487][ 93]LogModuleManager: Shutting down and abandoning module PlacementMode (184)
[2016.03.17-15.27.30:487][ 93]LogModuleManager: Shutting down and abandoning module AutomationWorker (183)
[2016.03.17-15.27.30:487][ 93]LogModuleManager: Shutting down and abandoning module CharacterAI (182)
[2016.03.17-15.27.30:488][ 93]LogModuleManager: Shutting down and abandoning module SmartSnapping (181)
[2016.03.17-15.27.30:488][ 93]LogModuleManager: Shutting down and abandoning module ViewportSnapping (180)
[2016.03.17-15.27.30:488][ 93]LogModuleManager: Shutting down and abandoning module LogVisualizer (179)
[2016.03.17-15.27.30:488][ 93]LogModuleManager: Shutting down and abandoning module GameProjectGeneration (178)
[2016.03.17-15.27.30:488][ 93]LogModuleManager: Shutting down and abandoning module IntroTutorials (177)
[2016.03.17-15.27.30:488][ 93]LogModuleManager: Shutting down and abandoning module EditorLiveStreaming (176)
[2016.03.17-15.27.30:488][ 93]LogModuleManager: Shutting down and abandoning module IOSPlatformEditor (175)
[2016.03.17-15.27.30:488][ 93]LogModuleManager: Shutting down and abandoning module HTML5PlatformEditor (174)
[2016.03.17-15.27.30:488][ 93]LogModuleManager: Shutting down and abandoning module AndroidDeviceDetection (173)
[2016.03.17-15.27.30:792][ 93]LogModuleManager: Shutting down and abandoning module AndroidPlatformEditor (172)
[2016.03.17-15.27.30:792][ 93]LogModuleManager: Shutting down and abandoning module IOSRuntimeSettings (171)
[2016.03.17-15.27.30:792][ 93]LogModuleManager: Shutting down and abandoning module AndroidRuntimeSettings (170)
[2016.03.17-15.27.30:792][ 93]LogModuleManager: Shutting down and abandoning module MergeActors (169)
[2016.03.17-15.27.30:792][ 93]LogModuleManager: Shutting down and abandoning module SizeMap (168)
[2016.03.17-15.27.30:792][ 93]LogModuleManager: Shutting down and abandoning module TreeMap (167)
[2016.03.17-15.27.30:792][ 93]LogModuleManager: Shutting down and abandoning module ReferenceViewer (166)
[2016.03.17-15.27.30:792][ 93]LogModuleManager: Shutting down and abandoning module LocalizationService (165)
[2016.03.17-15.27.30:792][ 93]LogModuleManager: Shutting down and abandoning module LocalizationDashboard (164)
[2016.03.17-15.27.30:792][ 93]LogModuleManager: Shutting down and abandoning module HardwareTargeting (163)
[2016.03.17-15.27.30:792][ 93]LogModuleManager: Shutting down and abandoning module DeviceProfileEditor (162)
[2016.03.17-15.27.30:792][ 93]LogModuleManager: Shutting down and abandoning module UndoHistory (161)
[2016.03.17-15.27.30:792][ 93]LogModuleManager: Shutting down and abandoning module GameplayTagsEditor (160)
[2016.03.17-15.27.30:792][ 93]LogModuleManager: Shutting down and abandoning module UserFeedback (159)
[2016.03.17-15.27.30:792][ 93]LogModuleManager: Shutting down and abandoning module XmlParser (158)
[2016.03.17-15.27.30:792][ 93]LogModuleManager: Shutting down and abandoning module Blutility (157)
[2016.03.17-15.27.30:792][ 93]LogModuleManager: Shutting down and abandoning module ProjectTargetPlatformEditor (156)
[2016.03.17-15.27.30:793][ 93]LogModuleManager: Shutting down and abandoning module ProjectSettingsViewer (155)
[2016.03.17-15.27.30:793][ 93]LogModuleManager: Shutting down and abandoning module InputBindingEditor (154)
[2016.03.17-15.27.30:793][ 93]LogModuleManager: Shutting down and abandoning module EditorSettingsViewer (153)
[2016.03.17-15.27.30:793][ 93]LogModuleManager: Shutting down and abandoning module SettingsEditor (152)
[2016.03.17-15.27.30:793][ 93]LogModuleManager: Shutting down and abandoning module ProjectLauncher (151)
[2016.03.17-15.27.30:793][ 93]LogModuleManager: Shutting down and abandoning module SessionFrontend (150)
[2016.03.17-15.27.30:793][ 93]LogModuleManager: Shutting down and abandoning module ProfilerClient (149)
[2016.03.17-15.27.30:793][ 93]LogModuleManager: Shutting down and abandoning module TargetDeviceServices (148)
[2016.03.17-15.27.30:793][ 93]LogModuleManager: Shutting down and abandoning module DeviceManager (147)
[2016.03.17-15.27.30:794][ 93]LogModuleManager: Shutting down and abandoning module AutomationController (146)
[2016.03.17-15.27.30:794][ 93]LogModuleManager: Shutting down and abandoning module AutomationWindow (145)
[2016.03.17-15.27.30:794][ 93]LogModuleManager: Shutting down and abandoning module Layers (144)
[2016.03.17-15.27.30:794][ 93]LogModuleManager: Shutting down and abandoning module ComponentVisualizers (143)
[2016.03.17-15.27.30:794][ 93]LogModuleManager: Shutting down and abandoning module DetailCustomizations (142)
[2016.03.17-15.27.30:794][ 93]LogModuleManager: Shutting down and abandoning module PackagesDialog (141)
[2016.03.17-15.27.30:794][ 93]LogModuleManager: Shutting down and abandoning module Persona (140)
[2016.03.17-15.27.30:794][ 93]LogModuleManager: Shutting down and abandoning module Kismet (139)
[2016.03.17-15.27.30:794][ 93]LogModuleManager: Shutting down and abandoning module GraphEditor (138)
[2016.03.17-15.27.30:794][ 93]LogModuleManager: Shutting down and abandoning module ClassViewer (137)
[2016.03.17-15.27.30:796][ 93]LogModuleManager: Shutting down and abandoning module Toolbox (136)
[2016.03.17-15.27.30:796][ 93]LogModuleManager: Shutting down and abandoning module ModuleUI (135)
[2016.03.17-15.27.30:796][ 93]LogModuleManager: Shutting down and abandoning module MovieSceneTools (134)
[2016.03.17-15.27.30:797][ 93]LogModuleManager: Shutting down and abandoning module OutputLog (133)
[2016.03.17-15.27.30:797][ 93]LogModuleManager: Shutting down and abandoning module GammaUI (132)
[2016.03.17-15.27.30:797][ 93]LogModuleManager: Shutting down and abandoning module Documentation (131)
[2016.03.17-15.27.30:797][ 93]LogModuleManager: Shutting down and abandoning module GameLiveStreaming (130)
[2016.03.17-15.27.30:797][ 93]LogModuleManager: Shutting down and abandoning module StreamingPauseRendering (129)
[2016.03.17-15.27.30:797][ 93]LogModuleManager: Shutting down and abandoning module AnalyticsET (128)
[2016.03.17-15.27.30:797][ 93]LogModuleManager: Shutting down and abandoning module Analytics (127)
[2016.03.17-15.27.30:797][ 93]LogModuleManager: Shutting down and abandoning module AITestSuite (126)
[2016.03.17-15.27.30:797][ 93]LogModuleManager: Shutting down and abandoning module GameplayDebugger (125)
[2016.03.17-15.27.30:797][ 93]LogModuleManager: Shutting down and abandoning module AIModule (124)
[2016.03.17-15.27.30:797][ 93]LogModuleManager: Shutting down and abandoning module ProfilerService (123)
[2016.03.17-15.27.30:945][ 93]LogModuleManager: Shutting down and abandoning module TaskGraph (122)
[2016.03.17-15.27.30:945][ 93]LogModuleManager: Shutting down and abandoning module SlateRemote (121)
[2016.03.17-15.27.30:945][ 93]LogModuleManager: Shutting down and abandoning module SteamVRController (120)
[2016.03.17-15.27.30:945][ 93]LogModuleManager: Shutting down and abandoning module SteamVR (119)
[2016.03.17-15.27.30:945][ 93]LogModuleManager: Shutting down and abandoning module ProceduralMeshComponent (118)
[2016.03.17-15.27.30:945][ 93]LogModuleManager: Shutting down and abandoning module OculusLibrary (117)
[2016.03.17-15.27.30:945][ 93]LogModuleManager: Shutting down and abandoning module OculusInput (116)
[2016.03.17-15.27.30:945][ 93]LogModuleManager: Shutting down and abandoning module LeapMotionController (115)
[2016.03.17-15.27.30:958][ 93]LogModuleManager: Shutting down and abandoning module CustomMeshComponent (114)
[2016.03.17-15.27.30:958][ 93]LogModuleManager: Shutting down and abandoning module CableComponent (113)
[2016.03.17-15.27.30:958][ 93]LogModuleManager: Shutting down and abandoning module ArchVisCharacter (112)
[2016.03.17-15.27.30:958][ 93]LogModuleManager: Shutting down and abandoning module MessagingDebugger (111)
[2016.03.17-15.27.30:958][ 93]LogModuleManager: Shutting down and abandoning module MediaPlayerEditor (110)
[2016.03.17-15.27.30:958][ 93]LogModuleManager: Shutting down and abandoning module HTML5Networking (109)
[2016.03.17-15.27.30:958][ 93]LogModuleManager: Shutting down and abandoning module SpeedTreeImporter (108)
[2016.03.17-15.27.30:958][ 93]LogModuleManager: Shutting down and abandoning module PluginBrowser (107)
[2016.03.17-15.27.30:958][ 93]LogModuleManager: Shutting down and abandoning module EpicSurvey (106)
[2016.03.17-15.27.30:958][ 93]LogModuleManager: Shutting down and abandoning module DesktopPlatform (105)
[2016.03.17-15.27.30:958][ 93]LogModuleManager: Shutting down and abandoning module VisualStudioSourceCodeAccess (104)
[2016.03.17-15.27.30:958][ 93]LogModuleManager: Shutting down and abandoning module UObjectPlugin (103)
[2016.03.17-15.27.30:958][ 93]LogModuleManager: Shutting down and abandoning module SubversionSourceControl (102)
[2016.03.17-15.27.30:958][ 93]LogModuleManager: Shutting down and abandoning module PerforceSourceControl (101)
[2016.03.17-15.27.30:958][ 93]LogModuleManager: Shutting down and abandoning module SourceControl (100)
[2016.03.17-15.27.30:958][ 93]LogModuleManager: Shutting down and abandoning module GitSourceControl (99)
[2016.03.17-15.27.30:958][ 93]LogModuleManager: Shutting down and abandoning module LightPropagationVolumeEditor (98)
[2016.03.17-15.27.30:959][ 93]LogModuleManager: Shutting down and abandoning module PaperTiledImporter (97)
[2016.03.17-15.27.30:959][ 93]LogModuleManager: Shutting down and abandoning module PaperSpriteSheetImporter (96)
[2016.03.17-15.27.30:959][ 93]LogModuleManager: Shutting down and abandoning module MeshPaint (95)
[2016.03.17-15.27.30:959][ 93]LogModuleManager: Shutting down and abandoning module SlateReflector (94)
[2016.03.17-15.27.30:959][ 93]LogModuleManager: Shutting down and abandoning module HotReload (93)
[2016.03.17-15.27.30:959][ 93]LogModuleManager: Shutting down and abandoning module MainFrame (92)
[2016.03.17-15.27.30:959][ 93]LogModuleManager: Shutting down and abandoning module LevelEditor (91)
[2016.03.17-15.27.30:961][ 93]LogModuleManager: Shutting down and abandoning module DirectoryWatcher (90)
[2016.03.17-15.27.30:967][ 93]LogModuleManager: Shutting down and abandoning module AssetRegistry (89)
[2016.03.17-15.27.31:084][ 93]LogModuleManager: Shutting down and abandoning module ContentBrowser (88)
[2016.03.17-15.27.31:085][ 93]LogModuleManager: Shutting down and abandoning module Paper2DEditor (87)
[2016.03.17-15.27.31:085][ 93]LogModuleManager: Shutting down and abandoning module UdpMessaging (86)
[2016.03.17-15.27.31:187][ 93]LogModuleManager: Shutting down and abandoning module LightPropagationVolumeRuntime (85)
[2016.03.17-15.27.31:187][ 93]LogModuleManager: Shutting down and abandoning module Paper2D (84)
[2016.03.17-15.27.31:187][ 93]LogModuleManager: Shutting down and abandoning module WindowsMoviePlayer (83)
[2016.03.17-15.27.31:190][ 93]LogModuleManager: Shutting down and abandoning module Media (82)
[2016.03.17-15.27.31:190][ 93]LogModuleManager: Shutting down and abandoning module WmfMedia (81)
[2016.03.17-15.27.31:190][ 93]LogModuleManager: Shutting down and abandoning module OnlineBlueprintSupport (80)
[2016.03.17-15.27.31:190][ 93]LogModuleManager: Shutting down and abandoning module GameplayTasksEditor (79)
[2016.03.17-15.27.31:190][ 93]LogModuleManager: Shutting down and abandoning module PropertyEditor (78)
[2016.03.17-15.27.31:190][ 93]LogModuleManager: Shutting down and abandoning module BehaviorTreeEditor (77)
[2016.03.17-15.27.31:190][ 93]LogModuleManager: Shutting down and abandoning module FunctionalTesting (76)
[2016.03.17-15.27.31:191][ 93]LogModuleManager: Shutting down and abandoning module CollisionAnalyzer (75)
[2016.03.17-15.27.31:191][ 93]LogModuleManager: Shutting down and abandoning module WorkspaceMenuStructure (74)
[2016.03.17-15.27.31:191][ 93]LogModuleManager: Shutting down and abandoning module MessageLog (73)
[2016.03.17-15.27.31:191][ 93]LogModuleManager: Shutting down and abandoning module Sequencer (72)
[2016.03.17-15.27.31:191][ 93]LogModuleManager: Shutting down and abandoning module AssetTools (71)
[2016.03.17-15.27.31:191][ 93]LogModuleManager: Shutting down and abandoning module UMGEditor (70)
[2016.03.17-15.27.31:191][ 93]LogModuleManager: Shutting down and abandoning module UMG (69)
[2016.03.17-15.27.31:191][ 93]LogModuleManager: Shutting down and abandoning module Slate (68)
[2016.03.17-15.27.31:191][ 93]LogModuleManager: Shutting down and abandoning module EditorStyle (67)
[2016.03.17-15.27.31:195][ 93]LogModuleManager: Shutting down and abandoning module SessionServices (66)
[2016.03.17-15.27.31:195][ 93]LogModuleManager: Shutting down and abandoning module SourceCodeAccess (65)
[2016.03.17-15.27.31:195][ 93]LogModuleManager: Shutting down and abandoning module HeadMountedDisplay (64)
[2016.03.17-15.27.31:195][ 93]LogModuleManager: Shutting down and abandoning module XAudio2 (63)
[2016.03.17-15.27.31:195][ 93]LogModuleManager: Shutting down and abandoning module Networking (61)
[2016.03.17-15.27.31:195][ 93]LogModuleManager: Shutting down and abandoning module Core (60)
[2016.03.17-15.27.31:195][ 93]LogModuleManager: Shutting down and abandoning module KismetCompiler (59)
[2016.03.17-15.27.31:195][ 93]LogModuleManager: Shutting down and abandoning module PhysXFormats (58)
[2016.03.17-15.27.31:195][ 93]LogModuleManager: Shutting down and abandoning module MeshUtilities (57)
[2016.03.17-15.27.31:195][ 93]LogModuleManager: Shutting down and abandoning module DerivedDataCache (56)
[2016.03.17-15.27.31:211][ 93]LogDerivedDataCache: Shutdown
[2016.03.17-15.27.31:211][ 93]LogModuleManager: Shutting down and abandoning module ShaderFormatOpenGL (55)
[2016.03.17-15.27.31:211][ 93]LogModuleManager: Shutting down and abandoning module ShaderFormatD3D (54)
[2016.03.17-15.27.31:211][ 93]LogModuleManager: Shutting down and abandoning module MetalShaderFormat (53)
[2016.03.17-15.27.31:211][ 93]LogModuleManager: Shutting down and abandoning module TextureFormatUncompressed (52)
[2016.03.17-15.27.31:211][ 93]LogModuleManager: Shutting down and abandoning module TextureFormatPVR (51)
[2016.03.17-15.27.31:211][ 93]LogModuleManager: Shutting down and abandoning module TextureFormatIntelISPCTexComp (50)
[2016.03.17-15.27.31:211][ 93]LogModuleManager: Shutting down and abandoning module TextureFormatDXT (49)
[2016.03.17-15.27.31:212][ 93]LogModuleManager: Shutting down and abandoning module ImageWrapper (48)
[2016.03.17-15.27.31:212][ 93]LogModuleManager: Shutting down and abandoning module TextureFormatASTC (47)
[2016.03.17-15.27.31:212][ 93]LogModuleManager: Shutting down and abandoning module TextureFormatAndroid (46)
[2016.03.17-15.27.31:212][ 93]LogModuleManager: Shutting down and abandoning module AudioFormatOpus (45)
[2016.03.17-15.27.31:212][ 93]LogModuleManager: Shutting down and abandoning module AudioFormatOgg (44)
[2016.03.17-15.27.31:212][ 93]LogModuleManager: Shutting down and abandoning module AudioFormatADPCM (43)
[2016.03.17-15.27.31:212][ 93]LogModuleManager: Shutting down and abandoning module LinuxTargetPlatform (42)
[2016.03.17-15.27.31:212][ 93]LogModuleManager: Shutting down and abandoning module LinuxServerTargetPlatform (41)
[2016.03.17-15.27.31:212][ 93]LogModuleManager: Shutting down and abandoning module LinuxNoEditorTargetPlatform (40)
[2016.03.17-15.27.31:212][ 93]LogModuleManager: Shutting down and abandoning module Messaging (39)
[2016.03.17-15.27.31:212][ 93]LogModuleManager: Shutting down and abandoning module IOSTargetPlatform (38)
[2016.03.17-15.27.31:212][ 93]LogModuleManager: Shutting down and abandoning module HTML5TargetPlatform (37)
[2016.03.17-15.27.31:212][ 93]LogModuleManager: Shutting down and abandoning module Android_PVRTCTargetPlatform (36)
[2016.03.17-15.27.31:212][ 93]LogModuleManager: Shutting down and abandoning module Android_MultiTargetPlatform (35)
[2016.03.17-15.27.31:212][ 93]LogModuleManager: Shutting down and abandoning module Android_ETC2TargetPlatform (34)
[2016.03.17-15.27.31:212][ 93]LogModuleManager: Shutting down and abandoning module Android_ETC1TargetPlatform (33)
[2016.03.17-15.27.31:212][ 93]LogModuleManager: Shutting down and abandoning module Android_DXTTargetPlatform (32)
[2016.03.17-15.27.31:212][ 93]LogModuleManager: Shutting down and abandoning module Android_ATCTargetPlatform (31)
[2016.03.17-15.27.31:212][ 93]LogModuleManager: Shutting down and abandoning module Android_ASTCTargetPlatform (30)
[2016.03.17-15.27.31:212][ 93]LogModuleManager: Shutting down and abandoning module AndroidTargetPlatform (29)
[2016.03.17-15.27.31:212][ 93]LogModuleManager: Shutting down and abandoning module WindowsTargetPlatform (28)
[2016.03.17-15.27.31:212][ 93]LogModuleManager: Shutting down and abandoning module WindowsServerTargetPlatform (27)
[2016.03.17-15.27.31:212][ 93]LogModuleManager: Shutting down and abandoning module WindowsNoEditorTargetPlatform (26)
[2016.03.17-15.27.31:212][ 93]LogModuleManager: Shutting down and abandoning module WindowsClientTargetPlatform (25)
[2016.03.17-15.27.31:212][ 93]LogModuleManager: Shutting down and abandoning module AllDesktopTargetPlatform (24)
[2016.03.17-15.27.31:212][ 93]LogModuleManager: Shutting down and abandoning module TargetPlatform (23)
[2016.03.17-15.27.31:212][ 93]LogModuleManager: Shutting down and abandoning module InputCore (22)
[2016.03.17-15.27.31:212][ 93]LogModuleManager: Shutting down and abandoning module Settings (21)
[2016.03.17-15.27.31:213][ 93]LogModuleManager: Shutting down and abandoning module OnlineSubsystem (19)
[2016.03.17-15.27.31:213][ 93]LogModuleManager: Shutting down and abandoning module HTTP (18)
[2016.03.17-15.27.31:713][ 93]LogModuleManager: Shutting down and abandoning module XMPP (17)
[2016.03.17-15.27.31:713][ 93]LogModuleManager: Shutting down and abandoning module OculusRift (16)
[2016.03.17-15.27.31:713][ 93]LogModuleManager: Shutting down and abandoning module ExampleDeviceProfileSelector (15)
[2016.03.17-15.27.31:713][ 93]LogModuleManager: Shutting down and abandoning module TextureCompressor (14)
[2016.03.17-15.27.31:713][ 93]LogModuleManager: Shutting down and abandoning module ShaderCore (13)
[2016.03.17-15.27.31:713][ 93]LogModuleManager: Shutting down and abandoning module Landscape (12)
[2016.03.17-15.27.31:713][ 93]LogModuleManager: Shutting down and abandoning module SlateRHIRenderer (11)
[2016.03.17-15.27.31:720][ 93]LogModuleManager: Shutting down and abandoning module OpenGLDrv (10)
[2016.03.17-15.27.31:720][ 93]LogModuleManager: Shutting down and abandoning module D3D11RHI (9)
[2016.03.17-15.27.31:720][ 93]LogModuleManager: Shutting down and abandoning module AnimGraphRuntime (8)
[2016.03.17-15.27.31:720][ 93]LogModuleManager: Shutting down and abandoning module Renderer (7)
[2016.03.17-15.27.31:720][ 93]LogModuleManager: Shutting down and abandoning module Engine (6)
[2016.03.17-15.27.31:720][ 93]LogModuleManager: Shutting down and abandoning module CoreUObject (5)
[2016.03.17-15.27.31:720][ 93]LogModuleManager: Shutting down and abandoning module NetworkFile (4)
[2016.03.17-15.27.31:720][ 93]LogModuleManager: Shutting down and abandoning module StreamingFile (3)
[2016.03.17-15.27.31:720][ 93]LogModuleManager: Shutting down and abandoning module SandboxFile (2)
[2016.03.17-15.27.31:720][ 93]LogModuleManager: Shutting down and abandoning module PakFile (1)
[2016.03.17-15.27.31:721][ 93]LogExit: Exiting.
[2016.03.17-15.27.31:726][ 93]Log file closed, 03/17/16 18:27:31
