[2016.03.13-09.48.42:132][  0]Log file open, 03/13/16 12:48:42
[2016.03.13-09.48.42:132][  0]LogInit:Display: Running engine for game: MyProjectFuck
[2016.03.13-09.48.42:132][  0]LogPlatformFile: Not using cached read wrapper
[2016.03.13-09.48.42:132][  0]LogInit:Display: RandInit(1414147983) SRandInit(1414147986).
[2016.03.13-09.48.42:132][  0]LogTaskGraph: Started task graph with 4 named threads and 5 total threads.
[2016.03.13-09.48.42:132][  0]LogStats: Stats thread started at 0.080687
[2016.03.13-09.48.42:132][  0]LogInit: Version: 4.10.4-2872498+++depot+UE4-Releases+4.10
[2016.03.13-09.48.42:132][  0]LogInit: API Version: 2758231
[2016.03.13-09.48.42:132][  0]LogInit: Compiled (64-bit): Feb 18 2016 15:47:04
[2016.03.13-09.48.42:132][  0]LogInit: Compiled with Visual C++: 19.00.23026.00
[2016.03.13-09.48.42:132][  0]LogInit: Build Configuration: Development
[2016.03.13-09.48.42:132][  0]LogInit: Branch Name: ++depot+UE4-Releases+4.10
[2016.03.13-09.48.42:132][  0]LogInit: Command line: -EpicPortal 
[2016.03.13-09.48.42:132][  0]LogInit: Base directory: B:/Unreal engine/Epic Games/4.10/Engine/Binaries/Win64/
[2016.03.13-09.48.42:132][  0]LogInit: Rocket: 1
[2016.03.13-09.48.42:152][  0]LogInit: Using libcurl 7.41.0
[2016.03.13-09.48.42:152][  0]LogInit:  - built for x86_64-pc-win32
[2016.03.13-09.48.42:152][  0]LogInit:  - supports SSL with WinSSL
[2016.03.13-09.48.42:152][  0]LogInit:  - other features:
[2016.03.13-09.48.42:152][  0]LogInit:      CURL_VERSION_SSL
[2016.03.13-09.48.42:152][  0]LogInit:      CURL_VERSION_IPV6
[2016.03.13-09.48.42:152][  0]LogInit:      CURL_VERSION_ASYNCHDNS
[2016.03.13-09.48.42:152][  0]LogInit:      CURL_VERSION_LARGEFILE
[2016.03.13-09.48.42:152][  0]LogInit:      CURL_VERSION_IDN
[2016.03.13-09.48.42:152][  0]LogInit:  CurlRequestOptions (configurable via config and command line):
[2016.03.13-09.48.42:152][  0]LogInit:  - bVerifyPeer = true  - Libcurl will verify peer certificate
[2016.03.13-09.48.42:152][  0]LogInit:  - bUseHttpProxy = false  - Libcurl will NOT use HTTP proxy
[2016.03.13-09.48.42:153][  0]LogInit:  - bDontReuseConnections = false  - Libcurl will reuse connections
[2016.03.13-09.48.42:153][  0]LogInit:  - CertBundlePath = nullptr  - Libcurl will use whatever was configured at build time.
[2016.03.13-09.48.42:158][  0]LogInit: Presizing for 0 objects not considered by GC, pre-allocating 0 bytes.
[2016.03.13-09.48.42:169][  0]LogInit: Object subsystem initialized
[2016.03.13-09.48.42:170][  0]LogInit: Selected Device Profile: [Windows]
[2016.03.13-09.48.42:170][  0]LogInit: Applying CVar settings loaded from the selected device profile: [Windows]
[2016.03.13-09.48.42:177][  0]LogInit: Computer: JUSTACOMPUTER
[2016.03.13-09.48.42:177][  0]LogInit: User: Psychonaut
[2016.03.13-09.48.42:177][  0]LogInit: CPU Page size=4096, Cores=2
[2016.03.13-09.48.42:177][  0]LogInit: High frequency timer resolution =3.020481 MHz
[2016.03.13-09.48.42:177][  0]LogMemory: Memory total: Physical=8.0GB (8GB approx)
[2016.03.13-09.48.42:177][  0]LogMemory: Platform Memory Stats for Windows
[2016.03.13-09.48.42:177][  0]LogMemory: Process Physical Memory: 56.35 MB used, 56.35 MB peak
[2016.03.13-09.48.42:177][  0]LogMemory: Process Virtual Memory: 55.50 MB used, 55.50 MB peak
[2016.03.13-09.48.42:177][  0]LogMemory: Physical Memory: 4844.27 MB used, 8151.08 MB total
[2016.03.13-09.48.42:177][  0]LogMemory: Virtual Memory: 375.52 MB used, 134217728.00 MB total
[2016.03.13-09.48.42:216][  0]LogTextLocalizationManager: No translations for ('ru-RU') exist, falling back to 'en' for localization and internationalization data.
[2016.03.13-09.48.42:967][  0]LogD3D11RHI: Found D3D11 adapter 0: NVIDIA GeForce GT 740 (Feature Level 11_0)
[2016.03.13-09.48.42:967][  0]LogD3D11RHI: Adapter has 1990MB of dedicated video memory, 0MB of dedicated system memory, and 4075MB of shared system memory, 1 output[s]
[2016.03.13-09.48.42:969][  0]LogD3D11RHI: Found D3D11 adapter 1: Microsoft Basic Render Driver (Feature Level 11_0)
[2016.03.13-09.48.42:969][  0]LogD3D11RHI: Adapter has 0MB of dedicated video memory, 0MB of dedicated system memory, and 4075MB of shared system memory, 0 output[s]
[2016.03.13-09.48.42:969][  0]LogD3D11RHI: Chosen D3D11 Adapter Id = 0
[2016.03.13-09.48.42:974][  0]LogD3D11RHI: !Direct3DDevice
[2016.03.13-09.48.42:974][  0]LogRHI: Texture pool is 1361 MB (70% of 1945 MB)
[2016.03.13-09.48.42:999][  0]LogD3D11RHI: Async texture creation enabled
[2016.03.13-09.48.43:021][  0]LogShaderCompilers: Guid format shader working directory is -9 characters bigger than the processId version (C:/Users/Psychonaut/Documents/Unreal Projects/SpaceProject/Intermediate/Shaders/WorkingDirectory/1408/).
[2016.03.13-09.48.43:021][  0]LogShaderCompilers: Cleaned the shader compiler working directory 'C:/Users/PSYCHO~1/AppData/Local/Temp/UnrealShaderWorkingDir/1CD3626B47D9CA4838B91E8DE4678CA2/'.
[2016.03.13-09.48.43:021][  0]LogShaderCompilers:Display: Using Local Shader Compiler.
[2016.03.13-09.48.44:372][  0]LogTemp:Display: Loaded TP AllDesktopTargetPlatform
[2016.03.13-09.48.44:381][  0]LogTemp:Display: Loaded TP WindowsClientTargetPlatform
[2016.03.13-09.48.44:386][  0]LogTemp:Display: Loaded TP WindowsNoEditorTargetPlatform
[2016.03.13-09.48.44:390][  0]LogTemp:Display: Loaded TP WindowsServerTargetPlatform
[2016.03.13-09.48.44:401][  0]LogTemp:Display: Loaded TP WindowsTargetPlatform
[2016.03.13-09.48.44:404][  0]LogTemp:Display: Loaded TP AndroidTargetPlatform
[2016.03.13-09.48.44:407][  0]LogTemp:Display: Loaded TP Android_ASTCTargetPlatform
[2016.03.13-09.48.44:415][  0]LogTemp:Display: Loaded TP Android_ATCTargetPlatform
[2016.03.13-09.48.44:418][  0]LogTemp:Display: Loaded TP Android_DXTTargetPlatform
[2016.03.13-09.48.44:421][  0]LogTemp:Display: Loaded TP Android_ETC1TargetPlatform
[2016.03.13-09.48.44:424][  0]LogTemp:Display: Loaded TP Android_ETC2TargetPlatform
[2016.03.13-09.48.44:436][  0]LogTemp:Display: Loaded TP Android_MultiTargetPlatform
[2016.03.13-09.48.44:436][  0]LogTemp:Display: Loaded TP Android_PVRTCTargetPlatform
[2016.03.13-09.48.44:437][  0]LogTemp:Display: Loaded TP HTML5TargetPlatform
[2016.03.13-09.48.44:457][  0]LogTemp:Display: Loaded TP IOSTargetPlatform
[2016.03.13-09.48.44:462][  0]LogTemp:Display: Loaded TP LinuxNoEditorTargetPlatform
[2016.03.13-09.48.44:467][  0]LogTemp:Display: Loaded TP LinuxServerTargetPlatform
[2016.03.13-09.48.44:470][  0]LogTemp:Display: Loaded TP LinuxTargetPlatform
[2016.03.13-09.48.44:470][  0]LogTargetPlatformManager:Display: Building Assets For Windows
[2016.03.13-09.48.44:561][  0]LogDerivedDataCache:Display: Max Cache Size: 512 MB
[2016.03.13-09.48.44:681][  0]LogDerivedDataCache: Loaded boot cache 0.12s 41MB C:/Users/Psychonaut/AppData/Local/UnrealEngine/4.10/DerivedDataCache/Boot.ddc.
[2016.03.13-09.48.44:682][  0]LogDerivedDataCache:Display: Loaded Boot cache: C:/Users/Psychonaut/AppData/Local/UnrealEngine/4.10/DerivedDataCache/Boot.ddc
[2016.03.13-09.48.44:682][  0]LogDerivedDataCache: FDerivedDataBackendGraph:  Pak pak cache file C:/Users/Psychonaut/Documents/Unreal Projects/SpaceProject/DerivedDataCache/DDC.ddp not found, will not use a pak cache.
[2016.03.13-09.48.44:682][  0]LogDerivedDataCache: Unable to find inner node Pak for hierarchical cache Hierarchy.
[2016.03.13-09.48.44:682][  0]LogDerivedDataCache: FDerivedDataBackendGraph:  CompressedPak pak cache file C:/Users/Psychonaut/Documents/Unreal Projects/SpaceProject/DerivedDataCache/Compressed.ddp not found, will not use a pak cache.
[2016.03.13-09.48.44:682][  0]LogDerivedDataCache: Unable to find inner node CompressedPak for hierarchical cache Hierarchy.
[2016.03.13-09.48.44:787][  0]LogDerivedDataCache:Display: Pak cache opened for reading ../../../Engine/DerivedDataCache/Compressed.ddp.
[2016.03.13-09.48.44:800][  0]LogDerivedDataCache: Using Local data cache path C:/Users/Psychonaut/AppData/Local/UnrealEngine/Common/DerivedDataCache: Writable
[2016.03.13-09.48.45:130][  0]LogInit: Selected Device Profile: [Windows]
[2016.03.13-09.48.45:133][  0]LogContentStreaming: Texture pool size is 0.000000MB
[2016.03.13-09.48.45:333][  0]LogMeshUtilities: No automatic mesh reduction module available
[2016.03.13-09.48.45:333][  0]LogMeshUtilities: No automatic mesh merging module available
[2016.03.13-09.48.45:713][  0]LogInit: WinSock: version 1.1 (2.2), MaxSocks=32767, MaxUdp=65467
[2016.03.13-09.48.46:764][  0]UdpMessaging: Initializing bridge on interface 0.0.0.0:0 to multicast group 230.0.0.1:6666.
[2016.03.13-09.48.46:874][  0]LogAssetRegistry: FAssetRegistry took 0.0108 seconds to start up
[2016.03.13-09.48.47:135][  0]SourceControl: Info Source control is disabled
[2016.03.13-09.48.47:136][  0]SourceControl: Info Source control is disabled
[2016.03.13-09.48.47:148][  0]SourceControl: Info Source control is disabled
[2016.03.13-09.48.47:156][  0]SourceControl: Info Source control is disabled
[2016.03.13-09.48.47:453][  0]LogObj: 28633 objects as part of root set at end of initial load.
[2016.03.13-09.48.47:453][  0]LogUObjectAllocator: 6099744 out of 0 bytes used by permanent object pool.
[2016.03.13-09.48.47:536][  0]LogEngine: Initializing Engine...
[2016.03.13-09.48.47:538][  0]LogHMD: Can't find Oculus library dev build: is proper Runtime installed? Version: 0.8.0.0
[2016.03.13-09.48.47:539][  0]LogHMD: SteamVR failed to initialize.  Err: 110
[2016.03.13-09.48.47:740][  0]LogAIModule: Creating AISystem for world NewWorld
[2016.03.13-09.48.47:753][  0]LogInit: XAudio2 using 'Динамики (USB PnP Sound Device)' : 2 channels at 44.1 kHz using 16 bits per sample (channel mask 0x3)
[2016.03.13-09.48.47:769][  0]LogInit: FAudioDevice initialized.
[2016.03.13-09.48.47:849][  0]LogDerivedDataCache: Saved boot cache 0.08s 41MB C:/Users/Psychonaut/AppData/Local/UnrealEngine/4.10/DerivedDataCache/Boot.ddc.
[2016.03.13-09.48.47:856][  0]LogInit: Texture streaming: Enabled
[2016.03.13-09.48.47:866][  0]LogAnalytics: Creating configured Analytics provider AnalyticsET
[2016.03.13-09.48.47:866][  0]LogAnalytics: [UEEditor.Rocket.Release] APIServer = http://et2.epicgames.com/ET2/. AppVersion = 4.10.4-2872498+++depot+UE4-Releases+4.10
[2016.03.13-09.48.47:866][  0]LogAnalytics: [UEEditor.Rocket.Release] SetUserId 2911d8d241c43e13947dca90dedae07b|d4159b7f75f942918ec126aed703196c|f7eaf2f4-3485-4cb8-b8fc-60c3d0d9ecc4
[2016.03.13-09.48.47:866][  0]LogAnalytics: [UEEditor.Rocket.Release] AnalyticsET::StartSession
[2016.03.13-09.48.47:879][  0]LogInit: Transaction tracking system initialized
[2016.03.13-09.48.47:915][  0]BlueprintLog: New page: Editor Load
[2016.03.13-09.48.48:020][  0]LocalizationService: Info Localization service is disabled
[2016.03.13-09.48.48:355][  0]LogConsoleResponse:Display: 
[2016.03.13-09.48.48:657][  0]LogCook:Display: Done creating registry. It took  0.00s.
[2016.03.13-09.48.48:719][  0]SourceControl: Info Source control is disabled
[2016.03.13-09.48.48:719][  0]Cmd: MAP LOAD FILE="C:/Users/Psychonaut/Documents/Unreal Projects/SpaceProject/Content/Level/TheLevel.umap" TEMPLATE=0 SHOWPROGRESS=1 FEATURELEVEL=3
[2016.03.13-09.48.48:807][  0]LogFileCache: Scanning file cache for directory 'C:/Users/Psychonaut/Documents/Unreal Projects/SpaceProject/Content/' took 0.17s
[2016.03.13-09.48.48:808][  0]LightingResults: New page: Lighting Build
[2016.03.13-09.48.48:816][  0]MapCheck: New page: Map Check
[2016.03.13-09.48.48:816][  0]LightingResults: New page: Lighting Build
[2016.03.13-09.48.48:840][  0]LogParticles: Destroying 0 GPU particle simulations for FXSystem 0x000001DA5D752AC0
[2016.03.13-09.48.50:384][  0]LogLinker:Warning: CreateExport: Failed to load Parent for Function /Game/Blueprints/Components/CompCube.CompCube_C:UserConstructionScript; removing parent information, but keeping function
[2016.03.13-09.48.50:405][  0]LogLinker:Warning: CreateExport: Failed to load Parent for Function /Game/Blueprints/Components/CompPyramide.CompPyramide_C:UserConstructionScript; removing parent information, but keeping function
[2016.03.13-09.48.50:429][  0]LogLinker:Warning: CreateExport: Failed to load Parent for Function /Game/Blueprints/Components/CompPyramideOff.CompPyramideOff_C:UserConstructionScript; removing parent information, but keeping function
[2016.03.13-09.48.50:464][  0]LogLinker:Warning: CreateExport: Failed to load Parent for Function /Game/Blueprints/Components/CompTrapeze.CompTrapeze_C:UserConstructionScript; removing parent information, but keeping function
[2016.03.13-09.48.57:785][  0]LogAIModule: Creating AISystem for world TheLevel
[2016.03.13-09.48.57:837][  0]LogEditorServer: Finished looking for orphan Actors (0.000 secs)
[2016.03.13-09.48.57:837][  0]Cmd: MAP CHECKDEP NOCLEARLOG
[2016.03.13-09.48.57:915][  0]MapCheck: Info Map check complete: 0 Error(s), 0 Warning(s), took 78.1ms to complete.
[2016.03.13-09.48.57:915][  0]LogFileHelpers: Loading map 'TheLevel' took 9.196
[2016.03.13-09.48.58:198][  0]LogCollectionManager: Loaded 0 collections in 0.001600 seconds
[2016.03.13-09.48.58:218][  0]LogFileCache: Scanning file cache for directory 'C:/Users/Psychonaut/Documents/Unreal Projects/SpaceProject/Saved/Collections/' took 0.02s
[2016.03.13-09.48.58:218][  0]LogFileCache: Scanning file cache for directory 'C:/Users/Psychonaut/Documents/Unreal Projects/SpaceProject/Content/Developers/Psychonaut/Collections/' took 0.00s
[2016.03.13-09.48.58:218][  0]LogFileCache: Scanning file cache for directory 'C:/Users/Psychonaut/Documents/Unreal Projects/SpaceProject/Content/Collections/' took 0.00s
[2016.03.13-09.48.58:218][  0]LogCollectionManager: Rebuilt the GUID cache for 0 collections in 0.000002 seconds
[2016.03.13-09.48.58:228][  0]LogContentBrowser: Native class hierarchy populated in 0.0102 seconds. Added 1893 classes and 338 folders.
[2016.03.13-09.48.58:234][  0]LogContentBrowser: Native class hierarchy updated for 'WidgetCarousel' in 0.0003 seconds. Added 0 classes and 0 folders.
[2016.03.13-09.48.59:255][  0]LogContentBrowser: Native class hierarchy updated for 'AddContentDialog' in 0.0004 seconds. Added 0 classes and 0 folders.
[2016.03.13-09.48.59:259][  0]LogContentBrowser: Native class hierarchy updated for 'SceneOutliner' in 0.0005 seconds. Added 1 classes and 2 folders.
[2016.03.13-09.48.59:663][  0]LogCrashTracker: Crashtracker disabled due to settings.
[2016.03.13-09.48.59:683][  0]LogUObjectGlobals:Warning: Failed to find object 'Class None.'
[2016.03.13-09.48.59:761][  0]LogLoad: Full Startup: 18.17 seconds (BP compile: 0.49 seconds)
[2016.03.13-09.49.00:105][  0]LogOcInput: Can't find Oculus library dev build: is proper Runtime installed? Version: 0.8.0.0
[2016.03.13-09.49.00:337][  0]LogContentStreaming: Texture pool size now 400 MB
[2016.03.13-09.49.00:548][  0]LogRenderer: Reallocating scene render targets to support 1112x672 (Frame:2).
[2016.03.13-09.49.02:086][  5]LogAssetRegistry: Asset discovery search completed in 15.2230 seconds
[2016.03.13-09.49.02:086][  5]LogCollectionManager: Rebuilt the object cache for 0 collections in 0.000001 seconds (found 0 objects)
[2016.03.13-09.49.02:086][  5]LogCollectionManager: Fixed up redirectors for 0 collections in 0.000027 seconds (updated 0 objects)
[2016.03.13-09.50.56:300][352]LogEditorViewport: Clicking on Actor (LMB): BP_SkyBox_C (Stars)
[2016.03.13-09.50.57:837][459]LogLinker:Warning: Asset '../../../Engine/Content/ArtTools/RenderToTexture/Macros/RenderToTextureMacros.uasset' has been saved with empty engine version. The asset will be loaded but may be incompatible.
[2016.03.13-09.50.58:502][459]LogContentBrowser: Native class hierarchy updated for 'BlueprintGraph' in 0.0009 seconds. Added 107 classes and 0 folders.
[2016.03.13-09.50.59:226][459]PIE:Warning: Warning Invalid Simulate Options: Body (CompParent_C_0.Basement CubeArmor) is set to simulate physics but Collision Enabled is incompatible
[2016.03.13-09.50.59:226][459]PIE:Warning: Warning Invalid Simulate Options: Body (CompParent_C_0.Basement CubeArmor) is set to simulate physics but Collision Enabled is incompatible
[2016.03.13-09.54.52:517][383]PIE:Warning: Warning Invalid Simulate Options: Body (CompParent_C_0.Basement CubeArmor) is set to simulate physics but Collision Enabled is incompatible
[2016.03.13-09.54.52:519][383]PIE:Warning: Warning Invalid Simulate Options: Body (CompParent_C_0.Basement CubeArmor) is set to simulate physics but Collision Enabled is incompatible
[2016.03.13-09.54.52:519][383]PIE:Warning: Warning Invalid Simulate Options: Body (CompParent_C_0.Basement CubeArmor) is set to simulate physics but Collision Enabled is incompatible
[2016.03.13-09.54.52:520][383]PIE:Warning: Warning Invalid Simulate Options: Body (CompParent_C_0.Basement CubeArmor) is set to simulate physics but Collision Enabled is incompatible
[2016.03.13-09.54.52:535][383]PIE:Warning: Warning Invalid Simulate Options: Body (CompParent_C_0.Basement CubeArmor) is set to simulate physics but Collision Enabled is incompatible
[2016.03.13-09.54.52:537][383]PIE:Warning: Warning Invalid Simulate Options: Body (CompParent_C_0.Basement CubeArmor) is set to simulate physics but Collision Enabled is incompatible
[2016.03.13-09.54.52:537][383]PIE:Warning: Warning Invalid Simulate Options: Body (CompParent_C_0.Basement CubeArmor) is set to simulate physics but Collision Enabled is incompatible
[2016.03.13-09.54.52:538][383]PIE:Warning: Warning Invalid Simulate Options: Body (CompParent_C_0.Basement CubeArmor) is set to simulate physics but Collision Enabled is incompatible
[2016.03.13-09.54.52:546][383]PIE:Warning: Warning Invalid Simulate Options: Body (CompParent_C_0.Basement CubeArmor) is set to simulate physics but Collision Enabled is incompatible
[2016.03.13-09.54.52:547][383]PIE:Warning: Warning Invalid Simulate Options: Body (CompParent_C_0.Basement CubeArmor) is set to simulate physics but Collision Enabled is incompatible
[2016.03.13-09.54.52:548][383]PIE:Warning: Warning Invalid Simulate Options: Body (CompParent_C_0.Basement CubeArmor) is set to simulate physics but Collision Enabled is incompatible
[2016.03.13-09.54.52:548][383]PIE:Warning: Warning Invalid Simulate Options: Body (CompParent_C_0.Basement CubeArmor) is set to simulate physics but Collision Enabled is incompatible
[2016.03.13-09.54.52:603][383]PIE:Warning: Warning Invalid Simulate Options: Body (CompParent_C_0.Basement CubeArmor) is set to simulate physics but Collision Enabled is incompatible
[2016.03.13-09.54.52:604][383]PIE:Warning: Warning Invalid Simulate Options: Body (CompParent_C_0.Basement CubeArmor) is set to simulate physics but Collision Enabled is incompatible
[2016.03.13-09.54.52:604][383]PIE:Warning: Warning Invalid Simulate Options: Body (CompParent_C_0.Basement CubeArmor) is set to simulate physics but Collision Enabled is incompatible
[2016.03.13-09.54.52:605][383]PIE:Warning: Warning Invalid Simulate Options: Body (CompParent_C_0.Basement CubeArmor) is set to simulate physics but Collision Enabled is incompatible
[2016.03.13-09.55.27:670][347]LogWindowsTextInputMethodSystem:Display: IME system now deactivated.
[2016.03.13-09.55.27:670][347]LogWindowsTextInputMethodSystem:Display: IME system now deactivated.
[2016.03.13-09.55.32:248][616]PIE:Warning: Warning Invalid Simulate Options: Body (CompParent_C_0.Basement CubeArmor) is set to simulate physics but Collision Enabled is incompatible
[2016.03.13-09.55.32:250][616]PIE:Warning: Warning Invalid Simulate Options: Body (CompParent_C_0.Basement CubeArmor) is set to simulate physics but Collision Enabled is incompatible
[2016.03.13-09.55.32:250][616]PIE:Warning: Warning Invalid Simulate Options: Body (CompParent_C_0.Basement CubeArmor) is set to simulate physics but Collision Enabled is incompatible
[2016.03.13-09.55.32:250][616]PIE:Warning: Warning Invalid Simulate Options: Body (CompParent_C_0.Basement CubeArmor) is set to simulate physics but Collision Enabled is incompatible
[2016.03.13-09.55.35:193][777]PIE:Warning: Warning Invalid Simulate Options: Body (CompParent_C_0.Basement CubeArmor) is set to simulate physics but Collision Enabled is incompatible
[2016.03.13-09.55.35:195][777]PIE:Warning: Warning Invalid Simulate Options: Body (CompParent_C_0.Basement CubeArmor) is set to simulate physics but Collision Enabled is incompatible
[2016.03.13-09.55.35:195][777]PIE:Warning: Warning Invalid Simulate Options: Body (CompParent_C_0.Basement CubeArmor) is set to simulate physics but Collision Enabled is incompatible
[2016.03.13-09.55.35:195][777]PIE:Warning: Warning Invalid Simulate Options: Body (CompParent_C_0.Basement CubeArmor) is set to simulate physics but Collision Enabled is incompatible
[2016.03.13-09.56.08:099][639]PIE:Warning: Warning Invalid Simulate Options: Body (CompParent_C_0.Basement CubeArmor) is set to simulate physics but Collision Enabled is incompatible
[2016.03.13-09.56.08:101][639]PIE:Warning: Warning Invalid Simulate Options: Body (CompParent_C_0.Basement CubeArmor) is set to simulate physics but Collision Enabled is incompatible
[2016.03.13-09.56.08:101][639]PIE:Warning: Warning Invalid Simulate Options: Body (CompParent_C_0.Basement CubeArmor) is set to simulate physics but Collision Enabled is incompatible
[2016.03.13-09.56.08:101][639]PIE:Warning: Warning Invalid Simulate Options: Body (CompParent_C_0.Basement CubeArmor) is set to simulate physics but Collision Enabled is incompatible
[2016.03.13-09.56.13:267][939]PIE:Warning: Warning Invalid Simulate Options: Body (CompParent_C_0.Basement CubeArmor) is set to simulate physics but Collision Enabled is incompatible
[2016.03.13-09.56.13:268][939]PIE:Warning: Warning Invalid Simulate Options: Body (CompParent_C_0.Basement CubeArmor) is set to simulate physics but Collision Enabled is incompatible
[2016.03.13-09.56.13:268][939]PIE:Warning: Warning Invalid Simulate Options: Body (CompParent_C_0.Basement CubeArmor) is set to simulate physics but Collision Enabled is incompatible
[2016.03.13-09.56.13:269][939]PIE:Warning: Warning Invalid Simulate Options: Body (CompParent_C_0.Basement CubeArmor) is set to simulate physics but Collision Enabled is incompatible
[2016.03.13-09.56.15:334][ 56]PIE:Warning: Warning Invalid Simulate Options: Body (CompParent_C_0.Basement CubeArmor) is set to simulate physics but Collision Enabled is incompatible
[2016.03.13-09.56.15:341][ 56]PIE:Warning: Warning Invalid Simulate Options: Body (CompParent_C_0.Basement CubeArmor) is set to simulate physics but Collision Enabled is incompatible
[2016.03.13-09.56.15:341][ 56]PIE:Warning: Warning Invalid Simulate Options: Body (CompParent_C_0.Basement CubeArmor) is set to simulate physics but Collision Enabled is incompatible
[2016.03.13-09.56.15:341][ 56]PIE:Warning: Warning Invalid Simulate Options: Body (CompParent_C_0.Basement CubeArmor) is set to simulate physics but Collision Enabled is incompatible
[2016.03.13-09.56.39:127][350]LogBlueprint:Warning: Unknown type of hyperlinked object
[2016.03.13-09.56.56:310][353]PIE:Warning: Warning Invalid Simulate Options: Body (CompParent_C_0.Basement CubeArmor) is set to simulate physics but Collision Enabled is incompatible
[2016.03.13-09.56.56:312][353]PIE:Warning: Warning Invalid Simulate Options: Body (CompParent_C_0.Basement CubeArmor) is set to simulate physics but Collision Enabled is incompatible
[2016.03.13-09.56.56:312][353]PIE:Warning: Warning Invalid Simulate Options: Body (CompParent_C_0.Basement CubeArmor) is set to simulate physics but Collision Enabled is incompatible
[2016.03.13-09.56.56:312][353]PIE:Warning: Warning Invalid Simulate Options: Body (CompParent_C_0.Basement CubeArmor) is set to simulate physics but Collision Enabled is incompatible
[2016.03.13-09.56.58:973][508]PIE:Warning: Warning Invalid Simulate Options: Body (CompParent_C_0.Basement CubeArmor) is set to simulate physics but Collision Enabled is incompatible
[2016.03.13-09.56.58:975][508]PIE:Warning: Warning Invalid Simulate Options: Body (CompParent_C_0.Basement CubeArmor) is set to simulate physics but Collision Enabled is incompatible
[2016.03.13-09.56.58:975][508]PIE:Warning: Warning Invalid Simulate Options: Body (CompParent_C_0.Basement CubeArmor) is set to simulate physics but Collision Enabled is incompatible
[2016.03.13-09.56.58:976][508]PIE:Warning: Warning Invalid Simulate Options: Body (CompParent_C_0.Basement CubeArmor) is set to simulate physics but Collision Enabled is incompatible
[2016.03.13-09.57.01:207][638]PIE:Warning: Warning Invalid Simulate Options: Body (CompParent_C_0.Basement CubeArmor) is set to simulate physics but Collision Enabled is incompatible
[2016.03.13-09.57.01:209][638]PIE:Warning: Warning Invalid Simulate Options: Body (CompParent_C_0.Basement CubeArmor) is set to simulate physics but Collision Enabled is incompatible
[2016.03.13-09.57.01:209][638]PIE:Warning: Warning Invalid Simulate Options: Body (CompParent_C_0.Basement CubeArmor) is set to simulate physics but Collision Enabled is incompatible
[2016.03.13-09.57.01:209][638]PIE:Warning: Warning Invalid Simulate Options: Body (CompParent_C_0.Basement CubeArmor) is set to simulate physics but Collision Enabled is incompatible
[2016.03.13-09.57.10:291][180]PIE:Warning: Warning Invalid Simulate Options: Body (CompParent_C_0.Basement CubeArmor) is set to simulate physics but Collision Enabled is incompatible
[2016.03.13-09.57.10:292][180]PIE:Warning: Warning Invalid Simulate Options: Body (CompParent_C_0.Basement CubeArmor) is set to simulate physics but Collision Enabled is incompatible
[2016.03.13-09.57.10:293][180]PIE:Warning: Warning Invalid Simulate Options: Body (CompParent_C_0.Basement CubeArmor) is set to simulate physics but Collision Enabled is incompatible
[2016.03.13-09.57.10:293][180]PIE:Warning: Warning Invalid Simulate Options: Body (CompParent_C_0.Basement CubeArmor) is set to simulate physics but Collision Enabled is incompatible
[2016.03.13-09.57.15:198][478]BlueprintLog: New page: Compile CompParent
[2016.03.13-09.57.15:302][478]LogBlueprint:Error: [compiler CompParent] Error Could not find a function named "Reattach" in 'CompParent_C'.
Make sure 'CompParent_C' has been compiled for  Reattach 
[2016.03.13-09.57.15:302][478]LogBlueprint:Error: [compiler CompParent] Error Could not find a function named "UnconnectFromMRoot" in 'CompParent_C'.
Make sure 'CompParent_C' has been compiled for  Unconnect from MRoot 
[2016.03.13-09.57.15:303][478]LogBlueprint:Error: [compiler CompParent] Error Could not find a function named "Reattach" in 'CompParent_C'.
Make sure 'CompParent_C' has been compiled for  Reattach 
[2016.03.13-09.57.15:303][478]LogBlueprint:Error: [compiler CompParent] Error Could not find a function named "UnconnectFromMRoot" in 'CompParent_C'.
Make sure 'CompParent_C' has been compiled for  Unconnect from MRoot 
[2016.03.13-09.57.15:303][478]LogBlueprint:Error: [compiler CompParent] Error Could not find a function named "BR_DeleteRoot" in 'CompParent_C'.
Make sure 'CompParent_C' has been compiled for  BR Delete Root 
[2016.03.13-09.57.16:758][478]LogBlueprint:Warning: [compiler CompParent] Warning [0515.16] Compile of CompParent failed. 5 Fatal Issue(s) 0 Warning(s) [in 1,559 ms]
[2016.03.13-09.57.16:758][478]BlueprintEditorCompileResults:Error: Error Could not find a function named "Reattach" in 'CompParent_C'.
Make sure 'CompParent_C' has been compiled for  Reattach 
[2016.03.13-09.57.16:758][478]BlueprintEditorCompileResults:Error: Error Could not find a function named "UnconnectFromMRoot" in 'CompParent_C'.
Make sure 'CompParent_C' has been compiled for  Unconnect from MRoot 
[2016.03.13-09.57.16:758][478]BlueprintEditorCompileResults:Error: Error Could not find a function named "Reattach" in 'CompParent_C'.
Make sure 'CompParent_C' has been compiled for  Reattach 
[2016.03.13-09.57.16:758][478]BlueprintEditorCompileResults:Error: Error Could not find a function named "UnconnectFromMRoot" in 'CompParent_C'.
Make sure 'CompParent_C' has been compiled for  Unconnect from MRoot 
[2016.03.13-09.57.16:758][478]BlueprintEditorCompileResults:Error: Error Could not find a function named "BR_DeleteRoot" in 'CompParent_C'.
Make sure 'CompParent_C' has been compiled for  BR Delete Root 
[2016.03.13-09.57.16:758][478]BlueprintEditorCompileResults:Warning: Warning [0515.16] Compile of CompParent failed. 5 Fatal Issue(s) 0 Warning(s) [in 1,559 ms]
[2016.03.13-09.57.40:640][782]BlueprintLog: New page: Compile CompParent
[2016.03.13-09.57.40:725][782]LogBlueprint:Error: [compiler CompParent] Error Could not find a function named "BR_DeleteRoot" in 'CompParent_C'.
Make sure 'CompParent_C' has been compiled for  BR Delete Root 
[2016.03.13-09.57.42:100][782]LogBlueprint:Warning: [compiler CompParent] Warning [0540.51] Compile of CompParent failed. 1 Fatal Issue(s) 0 Warning(s) [in 1,460 ms]
[2016.03.13-09.57.42:100][782]BlueprintEditorCompileResults:Error: Error Could not find a function named "BR_DeleteRoot" in 'CompParent_C'.
Make sure 'CompParent_C' has been compiled for  BR Delete Root 
[2016.03.13-09.57.42:100][782]BlueprintEditorCompileResults:Warning: Warning [0540.51] Compile of CompParent failed. 1 Fatal Issue(s) 0 Warning(s) [in 1,460 ms]
[2016.03.13-09.59.37:996][568]BlueprintLog: New page: Compile CompParent
[2016.03.13-09.59.38:461][568]PIE:Warning: Warning Invalid Simulate Options: Body (CompParent_C_1.Basement CubeArmor) is set to simulate physics but Collision Enabled is incompatible
[2016.03.13-09.59.38:461][568]PIE:Warning: Warning Invalid Simulate Options: Body (CompParent_C_1.Basement CubeArmor) is set to simulate physics but Collision Enabled is incompatible
[2016.03.13-09.59.38:779][568]PIE:Warning: Warning Invalid Simulate Options: Body (CompParent_C_1.Basement CubeArmor) is set to simulate physics but Collision Enabled is incompatible
[2016.03.13-09.59.38:780][568]PIE:Warning: Warning Invalid Simulate Options: Body (CompParent_C_1.Basement CubeArmor) is set to simulate physics but Collision Enabled is incompatible
[2016.03.13-09.59.38:781][568]PIE:Warning: Warning Invalid Simulate Options: Body (CompParent_C_1.Basement CubeArmor) is set to simulate physics but Collision Enabled is incompatible
[2016.03.13-09.59.38:781][568]PIE:Warning: Warning Invalid Simulate Options: Body (CompParent_C_1.Basement CubeArmor) is set to simulate physics but Collision Enabled is incompatible
[2016.03.13-09.59.38:785][568]BlueprintEditorCompileResults: Info [0657.19] Compile of CompParent successful! [in 787 ms]
[2016.03.13-10.00.23:545][325]LogSavePackage: Save=192.062454ms
[2016.03.13-10.00.23:545][325]LogSavePackage: Moving 'C:/Users/Psychonaut/Documents/Unreal Projects/SpaceProject/Saved/TheLevel_Auto1E93BF22243C4007E8049C68B8FE3FD74.tmp' to 'C:/Users/Psychonaut/Documents/Unreal Projects/SpaceProject/Saved/Autosaves/Game/Level/TheLevel_Auto1.umap'
[2016.03.13-10.00.23:546][325]LogSavePackage: Total save time: 383.613072ms
[2016.03.13-10.00.23:546][325]LogSavePackage:Display: Finished SavePackage C:/Users/Psychonaut/Documents/Unreal Projects/SpaceProject/Saved/Autosaves/Game/Level/TheLevel_Auto1.umap
[2016.03.13-10.00.23:547][325]LogFileHelpers: Editor autosave (incl. sublevels) for '/Game/Level/TheLevel' took 0.472
[2016.03.13-10.00.23:547][325]LogFileHelpers: Editor autosave (incl. sublevels) for all levels took 0.472
[2016.03.13-10.00.23:579][325]OBJ SavePackage: Generating thumbnails for [1] asset(s) in package [/Game/Blueprints/Components/CompParent] ([1] browsable assets)...
[2016.03.13-10.00.23:594][325]OBJ SavePackage:     Rendered thumbnail for [Blueprint /Game/Blueprints/Components/CompParent.CompParent]
[2016.03.13-10.00.23:594][325]OBJ SavePackage: Finished generating thumbnails for package [/Game/Blueprints/Components/CompParent]
[2016.03.13-10.00.24:058][325]LogSavePackage: Save=433.649811ms
[2016.03.13-10.00.24:058][325]LogSavePackage: Moving 'C:/Users/Psychonaut/Documents/Unreal Projects/SpaceProject/Saved/CompParent_Auto17F45F1F9446A137788143A90ECE5B229.tmp' to 'C:/Users/Psychonaut/Documents/Unreal Projects/SpaceProject/Saved/Autosaves/Game/Blueprints/Components/CompParent_Auto1.uasset'
[2016.03.13-10.00.24:074][325]LogSavePackage: Total save time: 479.924887ms
[2016.03.13-10.00.24:074][325]LogSavePackage:Display: Finished SavePackage C:/Users/Psychonaut/Documents/Unreal Projects/SpaceProject/Saved/Autosaves/Game/Blueprints/Components/CompParent_Auto1.uasset
[2016.03.13-10.00.24:074][325]LogFileHelpers: Auto-saving content packages took 0.527
[2016.03.13-10.01.08:098][534]LogRenderer: Reallocating scene render targets to support 1112x736 (Frame:29916).
[2016.03.13-10.02.03:614][897]BlueprintLog: New page: Compile CloudRoot
[2016.03.13-10.02.03:762][897]BlueprintEditorCompileResults: Info [0802.17] Compile of CloudRoot successful! [in 147 ms]
[2016.03.13-10.03.24:224][892]LogWindowsTextInputMethodSystem:Display: IME system now deactivated.
[2016.03.13-10.03.24:224][892]LogWindowsTextInputMethodSystem:Display: IME system now deactivated.
[2016.03.13-10.03.39:646][803]LogWindowsTextInputMethodSystem:Display: IME system now deactivated.
[2016.03.13-10.03.39:646][803]LogWindowsTextInputMethodSystem:Display: IME system now deactivated.
[2016.03.13-10.03.53:158][635]BlueprintLog: New page: Compile CloudRoot
[2016.03.13-10.03.53:306][635]BlueprintEditorCompileResults: Info [0911.71] Compile of CloudRoot successful! [in 147 ms]
[2016.03.13-10.10.22:296][426]LogWindowsTextInputMethodSystem:Display: IME system now deactivated.
[2016.03.13-10.10.22:296][426]LogWindowsTextInputMethodSystem:Display: IME system now deactivated.
[2016.03.13-10.10.39:845][545]LogFileHelpers: Editor autosave (incl. sublevels) for '/Game/Level/TheLevel' took 0.072
[2016.03.13-10.10.39:853][545]OBJ SavePackage: Generating thumbnails for [0] asset(s) in package [/Game/Blueprints/Components/CloudRoot] ([1] browsable assets)...
[2016.03.13-10.10.39:853][545]OBJ SavePackage: Finished generating thumbnails for package [/Game/Blueprints/Components/CloudRoot]
[2016.03.13-10.10.39:866][545]LogSavePackage: Save=12.372202ms
[2016.03.13-10.10.39:866][545]LogSavePackage: Moving 'C:/Users/Psychonaut/Documents/Unreal Projects/SpaceProject/Saved/CloudRoot_Auto2F67CEA3E459891E2EFB982B3B87F454D.tmp' to 'C:/Users/Psychonaut/Documents/Unreal Projects/SpaceProject/Saved/Autosaves/Game/Blueprints/Components/CloudRoot_Auto2.uasset'
[2016.03.13-10.10.39:881][545]LogSavePackage: Total save time: 26.938755ms
[2016.03.13-10.10.39:881][545]LogSavePackage:Display: Finished SavePackage C:/Users/Psychonaut/Documents/Unreal Projects/SpaceProject/Saved/Autosaves/Game/Blueprints/Components/CloudRoot_Auto2.uasset
[2016.03.13-10.10.39:881][545]LogFileHelpers: Auto-saving content packages took 0.036
[2016.03.13-10.11.09:486][937]LogEditorViewport: Clicking on Actor (LMB): CompCube_C (CompCube)
[2016.03.13-10.11.13:638][201]LogEditorViewport: Clicking on Actor (LMB): CompPyramide_C (CompPyramide2)
[2016.03.13-10.11.20:356][629]LogEditorViewport: Clicking on Actor (LMB): CompPyramideOff_C (CompPyramideOff)
[2016.03.13-10.11.22:454][770]LogEditorViewport: Clicking on Actor (LMB): CompTrapeze_C (CompTrapeze)
[2016.03.13-10.11.27:224][ 46]PIE:Warning: Warning Invalid Simulate Options: Body (CompCube_C_2.Basement CubeArmor) is set to simulate physics but Collision Enabled is incompatible
[2016.03.13-10.11.27:224][ 46]PIE:Warning: Warning Invalid Simulate Options: Body (CompCube_C_2.Basement CubeArmor) is set to simulate physics but Collision Enabled is incompatible
[2016.03.13-10.11.28:616][109]PIE:Warning: Warning Invalid Simulate Options: Body (CompCube_C_2.Basement CubeArmor) is set to simulate physics but Collision Enabled is incompatible
[2016.03.13-10.11.28:618][109]PIE:Warning: Warning Invalid Simulate Options: Body (CompCube_C_2.Basement CubeArmor) is set to simulate physics but Collision Enabled is incompatible
[2016.03.13-10.11.28:618][109]PIE:Warning: Warning Invalid Simulate Options: Body (CompCube_C_2.Basement CubeArmor) is set to simulate physics but Collision Enabled is incompatible
[2016.03.13-10.11.28:619][109]PIE:Warning: Warning Invalid Simulate Options: Body (CompCube_C_2.Basement CubeArmor) is set to simulate physics but Collision Enabled is incompatible
[2016.03.13-10.12.02:636][905]LogWindowsTextInputMethodSystem:Display: IME system now deactivated.
[2016.03.13-10.12.02:636][905]LogWindowsTextInputMethodSystem:Display: IME system now deactivated.
[2016.03.13-10.12.34:611][775]BlueprintLog: New page: Compile CloudRoot
[2016.03.13-10.12.34:758][775]LogParticles: Destroying 0 GPU particle simulations for FXSystem 0x000001DA18A4F7E0
[2016.03.13-10.12.34:770][775]BlueprintEditorCompileResults: Info [1433.18] Compile of CloudRoot successful! [in 159 ms]
[2016.03.13-10.15.12:612][801]BlueprintLog: New page: Compile CloudRoot
[2016.03.13-10.15.12:784][801]BlueprintEditorCompileResults: Info [1591.19] Compile of CloudRoot successful! [in 172 ms]
[2016.03.13-10.17.05:835][642]BlueprintLog: New page: Compile CloudRoot
[2016.03.13-10.17.06:022][642]BlueprintEditorCompileResults: Info [1704.43] Compile of CloudRoot successful! [in 187 ms]
[2016.03.13-10.20.32:232][228]BlueprintLog: New page: Compile CloudRoot
[2016.03.13-10.20.32:431][228]BlueprintEditorCompileResults: Info [1910.84] Compile of CloudRoot successful! [in 199 ms]
[2016.03.13-10.23.33:543][483]BlueprintLog: New page: Compile CloudRoot
[2016.03.13-10.23.33:708][483]BlueprintEditorCompileResults: Info [2092.11] Compile of CloudRoot successful! [in 164 ms]
[2016.03.13-10.25.15:259][940]LogFileHelpers: Editor autosave (incl. sublevels) for '/Game/Level/TheLevel' took 0.081
[2016.03.13-10.25.15:292][940]OBJ SavePackage: Generating thumbnails for [0] asset(s) in package [/Game/Blueprints/Components/CloudRoot] ([1] browsable assets)...
[2016.03.13-10.25.15:292][940]OBJ SavePackage: Finished generating thumbnails for package [/Game/Blueprints/Components/CloudRoot]
[2016.03.13-10.25.15:368][940]LogSavePackage: Save=74.807289ms
[2016.03.13-10.25.15:368][940]LogSavePackage: Moving 'C:/Users/Psychonaut/Documents/Unreal Projects/SpaceProject/Saved/CloudRoot_Auto33A0F6035456D84D2A2860BBF2106FB81.tmp' to 'C:/Users/Psychonaut/Documents/Unreal Projects/SpaceProject/Saved/Autosaves/Game/Blueprints/Components/CloudRoot_Auto3.uasset'
[2016.03.13-10.25.15:439][940]LogSavePackage: Total save time: 145.922784ms
[2016.03.13-10.25.15:439][940]LogSavePackage:Display: Finished SavePackage C:/Users/Psychonaut/Documents/Unreal Projects/SpaceProject/Saved/Autosaves/Game/Blueprints/Components/CloudRoot_Auto3.uasset
[2016.03.13-10.25.15:439][940]LogFileHelpers: Auto-saving content packages took 0.179
[2016.03.13-10.42.43:707][394]LogWindowsTextInputMethodSystem:Display: IME system now deactivated.
[2016.03.13-10.42.43:707][394]LogWindowsTextInputMethodSystem:Display: IME system now deactivated.
[2016.03.13-21.05.38:075][976]LogD3D11RHI: Timed out while waiting for GPU to catch up. (0.5 s)
[2016.03.13-21.05.48:360][ 53]Cmd: OBJ SAVEPACKAGE PACKAGE="/Game/Level/TheLevel" FILE="C:/Users/Psychonaut/Documents/Unreal Projects/SpaceProject/Content/Level/TheLevel.umap" SILENT=true AUTOSAVING=false KEEPDIRTY=false
[2016.03.13-21.05.51:579][ 53]LogSavePackage: Save=1640.936646ms
[2016.03.13-21.05.51:579][ 53]LogSavePackage: Moving 'C:/Users/Psychonaut/Documents/Unreal Projects/SpaceProject/Saved/TheLevel69D25C574341316AB66ADDBACF5AF2F1.tmp' to 'C:/Users/Psychonaut/Documents/Unreal Projects/SpaceProject/Content/Level/TheLevel.umap'
[2016.03.13-21.05.51:615][ 53]LogSavePackage: Total save time: 3072.927792ms
[2016.03.13-21.05.51:616][ 53]LogSavePackage:Display: Finished SavePackage C:/Users/Psychonaut/Documents/Unreal Projects/SpaceProject/Content/Level/TheLevel.umap
[2016.03.13-21.05.55:610][ 53]LogFileHelpers: Saving map 'TheLevel' took 8.852
[2016.03.13-21.05.55:693][ 53]Cmd: OBJ SAVEPACKAGE PACKAGE="/Game/Blueprints/Components/CompParent" FILE="C:/Users/Psychonaut/Documents/Unreal Projects/SpaceProject/Content/Blueprints/Components/CompParent.uasset" SILENT=true
[2016.03.13-21.05.57:301][ 53]LogSavePackage: Save=1522.566772ms
[2016.03.13-21.05.57:301][ 53]LogSavePackage: Moving 'C:/Users/Psychonaut/Documents/Unreal Projects/SpaceProject/Saved/CompParent3677B9454A324EECC60F52992F5141DB.tmp' to 'C:/Users/Psychonaut/Documents/Unreal Projects/SpaceProject/Content/Blueprints/Components/CompParent.uasset'
[2016.03.13-21.05.57:303][ 53]LogSavePackage: Total save time: 1609.768774ms
[2016.03.13-21.05.57:303][ 53]LogSavePackage:Display: Finished SavePackage C:/Users/Psychonaut/Documents/Unreal Projects/SpaceProject/Content/Blueprints/Components/CompParent.uasset
[2016.03.13-21.05.57:321][ 53]Cmd: OBJ SAVEPACKAGE PACKAGE="/Game/Blueprints/Components/CloudRoot" FILE="C:/Users/Psychonaut/Document