[2016.05.22-11.59.52:445][  0]Log file open, 05/22/16 21:59:52
[2016.05.22-11.59.52:445][  0]LogInit:Display: Running engine for game: MyProjectFuck
[2016.05.22-11.59.52:445][  0]LogPlatformFile: Not using cached read wrapper
[2016.05.22-11.59.52:445][  0]LogInit:Display: RandInit(-1572475795) SRandInit(-1572475792).
[2016.05.22-11.59.52:445][  0]LogTaskGraph: Started task graph with 4 named threads and 5 total threads.
[2016.05.22-11.59.52:445][  0]LogStats: Stats thread started at 0.062267
[2016.05.22-11.59.52:445][  0]LogInit: Version: 4.10.4-2872498+++depot+UE4-Releases+4.10
[2016.05.22-11.59.52:445][  0]LogInit: API Version: 2758231
[2016.05.22-11.59.52:445][  0]LogInit: Compiled (64-bit): Feb 18 2016 15:47:04
[2016.05.22-11.59.52:445][  0]LogInit: Compiled with Visual C++: 19.00.23026.00
[2016.05.22-11.59.52:445][  0]LogInit: Build Configuration: Development
[2016.05.22-11.59.52:445][  0]LogInit: Branch Name: ++depot+UE4-Releases+4.10
[2016.05.22-11.59.52:445][  0]LogInit: Command line: -EpicPortal  -HTTP=WinInet
[2016.05.22-11.59.52:445][  0]LogInit: Base directory: B:/Unreal engine/Epic Games/4.10/Engine/Binaries/Win64/
[2016.05.22-11.59.52:445][  0]LogInit: Rocket: 1
[2016.05.22-11.59.52:458][  0]LogInit: Presizing for 0 objects not considered by GC, pre-allocating 0 bytes.
[2016.05.22-11.59.52:466][  0]LogInit: Object subsystem initialized
[2016.05.22-11.59.52:467][  0]LogInit: Selected Device Profile: [Windows]
[2016.05.22-11.59.52:467][  0]LogInit: Applying CVar settings loaded from the selected device profile: [Windows]
[2016.05.22-11.59.52:475][  0]LogInit: Computer: JUSTACOMPUTER
[2016.05.22-11.59.52:475][  0]LogInit: User: Psychonaut
[2016.05.22-11.59.52:475][  0]LogInit: CPU Page size=4096, Cores=2
[2016.05.22-11.59.52:475][  0]LogInit: High frequency timer resolution =3.020484 MHz
[2016.05.22-11.59.52:475][  0]LogMemory: Memory total: Physical=8.0GB (8GB approx)
[2016.05.22-11.59.52:475][  0]LogMemory: Platform Memory Stats for Windows
[2016.05.22-11.59.52:475][  0]LogMemory: Process Physical Memory: 56.50 MB used, 56.50 MB peak
[2016.05.22-11.59.52:475][  0]LogMemory: Process Virtual Memory: 55.56 MB used, 55.56 MB peak
[2016.05.22-11.59.52:475][  0]LogMemory: Physical Memory: 3272.91 MB used, 8151.08 MB total
[2016.05.22-11.59.52:475][  0]LogMemory: Virtual Memory: 375.76 MB used, 134217728.00 MB total
[2016.05.22-11.59.52:510][  0]LogTextLocalizationManager: No translations for ('ru-RU') exist, falling back to 'en' for localization and internationalization data.
[2016.05.22-11.59.53:027][  0]LogD3D11RHI: Found D3D11 adapter 0: NVIDIA GeForce GT 740 (Feature Level 11_0)
[2016.05.22-11.59.53:027][  0]LogD3D11RHI: Adapter has 1990MB of dedicated video memory, 0MB of dedicated system memory, and 4075MB of shared system memory, 1 output[s]
[2016.05.22-11.59.53:029][  0]LogD3D11RHI: Found D3D11 adapter 1: Microsoft Basic Render Driver (Feature Level 11_0)
[2016.05.22-11.59.53:029][  0]LogD3D11RHI: Adapter has 0MB of dedicated video memory, 0MB of dedicated system memory, and 4075MB of shared system memory, 0 output[s]
[2016.05.22-11.59.53:029][  0]LogD3D11RHI: Chosen D3D11 Adapter Id = 0
[2016.05.22-11.59.53:033][  0]LogD3D11RHI: !Direct3DDevice
[2016.05.22-11.59.53:033][  0]LogRHI: Texture pool is 1361 MB (70% of 1945 MB)
[2016.05.22-11.59.53:045][  0]LogD3D11RHI: Async texture creation enabled
[2016.05.22-11.59.53:061][  0]LogShaderCompilers: Guid format shader working directory is -9 characters bigger than the processId version (C:/Users/Psychonaut/Documents/Unreal Projects/SpaceProject/Intermediate/Shaders/WorkingDirectory/3980/).
[2016.05.22-11.59.53:062][  0]LogShaderCompilers: Cleaned the shader compiler working directory 'C:/Users/PSYCHO~1/AppData/Local/Temp/UnrealShaderWorkingDir/1D59C3C74DAEF91A1031E79A9E550553/'.
[2016.05.22-11.59.53:062][  0]LogShaderCompilers:Display: Using Local Shader Compiler.
[2016.05.22-11.59.53:872][  0]LogTemp:Display: Loaded TP AllDesktopTargetPlatform
[2016.05.22-11.59.53:876][  0]LogTemp:Display: Loaded TP WindowsClientTargetPlatform
[2016.05.22-11.59.53:881][  0]LogTemp:Display: Loaded TP WindowsNoEditorTargetPlatform
[2016.05.22-11.59.53:885][  0]LogTemp:Display: Loaded TP WindowsServerTargetPlatform
[2016.05.22-11.59.53:888][  0]LogTemp:Display: Loaded TP WindowsTargetPlatform
[2016.05.22-11.59.53:892][  0]LogTemp:Display: Loaded TP AndroidTargetPlatform
[2016.05.22-11.59.53:894][  0]LogTemp:Display: Loaded TP Android_ASTCTargetPlatform
[2016.05.22-11.59.53:897][  0]LogTemp:Display: Loaded TP Android_ATCTargetPlatform
[2016.05.22-11.59.53:899][  0]LogTemp:Display: Loaded TP Android_DXTTargetPlatform
[2016.05.22-11.59.53:902][  0]LogTemp:Display: Loaded TP Android_ETC1TargetPlatform
[2016.05.22-11.59.53:904][  0]LogTemp:Display: Loaded TP Android_ETC2TargetPlatform
[2016.05.22-11.59.53:911][  0]LogTemp:Display: Loaded TP Android_MultiTargetPlatform
[2016.05.22-11.59.53:911][  0]LogTemp:Display: Loaded TP Android_PVRTCTargetPlatform
[2016.05.22-11.59.53:911][  0]LogTemp:Display: Loaded TP HTML5TargetPlatform
[2016.05.22-11.59.53:927][  0]LogTemp:Display: Loaded TP IOSTargetPlatform
[2016.05.22-11.59.53:930][  0]LogTemp:Display: Loaded TP LinuxNoEditorTargetPlatform
[2016.05.22-11.59.53:933][  0]LogTemp:Display: Loaded TP LinuxServerTargetPlatform
[2016.05.22-11.59.53:936][  0]LogTemp:Display: Loaded TP LinuxTargetPlatform
[2016.05.22-11.59.53:936][  0]LogTargetPlatformManager:Display: Building Assets For Windows
[2016.05.22-11.59.54:000][  0]LogDerivedDataCache:Display: Max Cache Size: 512 MB
[2016.05.22-11.59.54:068][  0]LogDerivedDataCache: Loaded boot cache 0.07s 41MB C:/Users/Psychonaut/AppData/Local/UnrealEngine/4.10/DerivedDataCache/Boot.ddc.
[2016.05.22-11.59.54:068][  0]LogDerivedDataCache:Display: Loaded Boot cache: C:/Users/Psychonaut/AppData/Local/UnrealEngine/4.10/DerivedDataCache/Boot.ddc
[2016.05.22-11.59.54:068][  0]LogDerivedDataCache: FDerivedDataBackendGraph:  Pak pak cache file C:/Users/Psychonaut/Documents/Unreal Projects/SpaceProject/DerivedDataCache/DDC.ddp not found, will not use a pak cache.
[2016.05.22-11.59.54:068][  0]LogDerivedDataCache: Unable to find inner node Pak for hierarchical cache Hierarchy.
[2016.05.22-11.59.54:068][  0]LogDerivedDataCache: FDerivedDataBackendGraph:  CompressedPak pak cache file C:/Users/Psychonaut/Documents/Unreal Projects/SpaceProject/DerivedDataCache/Compressed.ddp not found, will not use a pak cache.
[2016.05.22-11.59.54:068][  0]LogDerivedDataCache: Unable to find inner node CompressedPak for hierarchical cache Hierarchy.
[2016.05.22-11.59.54:133][  0]LogDerivedDataCache:Display: Pak cache opened for reading ../../../Engine/DerivedDataCache/Compressed.ddp.
[2016.05.22-11.59.54:145][  0]LogDerivedDataCache: Using Local data cache path C:/Users/Psychonaut/AppData/Local/UnrealEngine/Common/DerivedDataCache: Writable
[2016.05.22-11.59.54:361][  0]LogInit: Selected Device Profile: [Windows]
[2016.05.22-11.59.54:364][  0]LogContentStreaming: Texture pool size is 0.000000MB
[2016.05.22-11.59.54:483][  0]LogMeshUtilities: No automatic mesh reduction module available
[2016.05.22-11.59.54:483][  0]LogMeshUtilities: No automatic mesh merging module available
[2016.05.22-11.59.54:727][  0]LogInit: WinSock: version 1.1 (2.2), MaxSocks=32767, MaxUdp=65467
[2016.05.22-11.59.55:418][  0]UdpMessaging: Initializing bridge on interface 0.0.0.0:0 to multicast group 230.0.0.1:6666.
[2016.05.22-11.59.55:481][  0]LogLinker:Warning: Can't find file '/Game/Scene/Shape_Sphere'
[2016.05.22-11.59.55:481][  0]LogLinker:Warning: Can't find file '/Game/Scene/Shape_Sphere'
[2016.05.22-11.59.55:481][  0]LogUObjectGlobals:Warning: Failed to find object 'StaticMesh /Game/Scene/Shape_Sphere.Shape_Sphere'
[2016.05.22-11.59.55:481][  0]Error: CDO Constructor (ShipBasement): Failed to find /Game/Scene/Shape_Sphere.Shape_Sphere

[2016.05.22-11.59.55:481][  0]LogLinker:Warning: Can't find file '/Game/Scene/P_Fire'
[2016.05.22-11.59.55:481][  0]LogLinker:Warning: Can't find file '/Game/Scene/P_Fire'
[2016.05.22-11.59.55:481][  0]LogUObjectGlobals:Warning: Failed to find object 'ParticleSystem /Game/Scene/P_Fire.P_Fire'
[2016.05.22-11.59.55:481][  0]Error: CDO Constructor (ShipBasement): Failed to find /Game/Scene/P_Fire.P_Fire

[2016.05.22-11.59.55:481][  0]LogUObjectBase:Warning: -------------- Default Property warnings and errors:
[2016.05.22-11.59.55:481][  0]LogUObjectBase:Warning: Error: CDO Constructor (ShipBasement): Failed to find /Game/Scene/Shape_Sphere.Shape_Sphere

[2016.05.22-11.59.55:481][  0]LogUObjectBase:Warning: Error: CDO Constructor (ShipBasement): Failed to find /Game/Scene/P_Fire.P_Fire

[2016.05.22-11.59.55:488][  0]LogWindowsTextInputMethodSystem:Display: IME system now deactivated.
[2016.05.22-11.59.56:645][  0]LogWindowsTextInputMethodSystem:Display: IME system now deactivated.
[2016.05.22-11.59.56:645][  0]LogWindowsTextInputMethodSystem:Display: IME system now deactivated.
[2016.05.22-11.59.56:685][  0]LogAssetRegistry: FAssetRegistry took 0.0115 seconds to start up
[2016.05.22-11.59.56:844][  0]SourceControl: Info Source control is disabled
[2016.05.22-11.59.56:845][  0]SourceControl: Info Source control is disabled
[2016.05.22-11.59.56:854][  0]SourceControl: Info Source control is disabled
[2016.05.22-11.59.56:865][  0]SourceControl: Info Source control is disabled
[2016.05.22-11.59.57:085][  0]LogObj: 28648 objects as part of root set at end of initial load.
[2016.05.22-11.59.57:085][  0]LogUObjectAllocator: 6110640 out of 0 bytes used by permanent object pool.
[2016.05.22-11.59.57:143][  0]LogEngine: Initializing Engine...
[2016.05.22-11.59.57:145][  0]LogHMD: Can't find Oculus library dev build: is proper Runtime installed? Version: 0.8.0.0
[2016.05.22-11.59.57:146][  0]LogHMD: SteamVR failed to initialize.  Err: 110
[2016.05.22-11.59.57:282][  0]LogAIModule: Creating AISystem for world NewWorld
[2016.05.22-11.59.57:287][  0]LogInit: XAudio2 using 'Динамики (USB PnP Sound Device)' : 2 channels at 44.1 kHz using 16 bits per sample (channel mask 0x3)
[2016.05.22-11.59.57:310][  0]LogInit: FAudioDevice initialized.
[2016.05.22-11.59.57:342][  0]LogDerivedDataCache: Saved boot cache 0.03s 41MB C:/Users/Psychonaut/AppData/Local/UnrealEngine/4.10/DerivedDataCache/Boot.ddc.
[2016.05.22-11.59.57:349][  0]LogInit: Texture streaming: Enabled
[2016.05.22-11.59.57:353][  0]LogAnalytics: Creating configured Analytics provider AnalyticsET
[2016.05.22-11.59.57:353][  0]LogAnalytics: [UEEditor.Rocket.Release] APIServer = http://et2.epicgames.com/ET2/. AppVersion = 4.10.4-2872498+++depot+UE4-Releases+4.10
[2016.05.22-11.59.57:353][  0]LogAnalytics: [UEEditor.Rocket.Release] SetUserId 2911d8d241c43e13947dca90dedae07b|d4159b7f75f942918ec126aed703196c|f7eaf2f4-3485-4cb8-b8fc-60c3d0d9ecc4
[2016.05.22-11.59.57:353][  0]LogAnalytics: [UEEditor.Rocket.Release] AnalyticsET::StartSession
[2016.05.22-11.59.57:360][  0]LogInit: Transaction tracking system initialized
[2016.05.22-11.59.57:382][  0]BlueprintLog: New page: Editor Load
[2016.05.22-11.59.57:443][  0]LocalizationService: Info Localization service is disabled
[2016.05.22-11.59.57:668][  0]LogConsoleResponse:Display: 
[2016.05.22-11.59.57:818][  0]LogCook:Display: Done creating registry. It took  0.00s.
[2016.05.22-11.59.57:870][  0]LogFileCache: Scanning file cache for directory 'C:/Users/Psychonaut/Documents/Unreal Projects/SpaceProject/Content/' took 0.01s
[2016.05.22-11.59.57:870][  0]SourceControl: Info Source control is disabled
[2016.05.22-11.59.57:871][  0]Cmd: MAP LOAD FILE="C:/Users/Psychonaut/Documents/Unreal Projects/SpaceProject/Content/Level/TheLevel.umap" TEMPLATE=0 SHOWPROGRESS=1 FEATURELEVEL=3
[2016.05.22-11.59.57:871][  0]LightingResults: New page: Lighting Build
[2016.05.22-11.59.57:874][  0]MapCheck: New page: Map Check
[2016.05.22-11.59.57:874][  0]LightingResults: New page: Lighting Build
[2016.05.22-11.59.57:895][  0]LogParticles: Destroying 0 GPU particle simulations for FXSystem 0x0000020EB47AAAC0
[2016.05.22-11.59.58:507][  0]LogBlueprint:Warning: USimpleConstructionScript::FixupRootNodeParentReferences() - Couldn't find inherited parent component 'Basement' for 'Camera' in BlueprintGeneratedClass 'REINST_Cabin_C_34' (it may have been removed)
[2016.05.22-11.59.59:442][  0]LogAIModule: Creating AISystem for world TheLevel
[2016.05.22-11.59.59:451][  0]LogEditorServer: Finished looking for orphan Actors (0.000 secs)
[2016.05.22-11.59.59:451][  0]Cmd: MAP CHECKDEP NOCLEARLOG
[2016.05.22-11.59.59:497][  0]MapCheck: Info Map check complete: 0 Error(s), 0 Warning(s), took 45.683ms to complete.
[2016.05.22-11.59.59:497][  0]LogFileHelpers: Loading map 'TheLevel' took 1.627
[2016.05.22-11.59.59:600][  0]LogCollectionManager: Loaded 0 collections in 0.001384 seconds
[2016.05.22-11.59.59:616][  0]LogFileCache: Scanning file cache for directory 'C:/Users/Psychonaut/Documents/Unreal Projects/SpaceProject/Saved/Collections/' took 0.01s
[2016.05.22-11.59.59:616][  0]LogFileCache: Scanning file cache for directory 'C:/Users/Psychonaut/Documents/Unreal Projects/SpaceProject/Content/Developers/Psychonaut/Collections/' took 0.00s
[2016.05.22-11.59.59:616][  0]LogFileCache: Scanning file cache for directory 'C:/Users/Psychonaut/Documents/Unreal Projects/SpaceProject/Content/Collections/' took 0.00s
[2016.05.22-11.59.59:616][  0]LogCollectionManager: Rebuilt the GUID cache for 0 collections in 0.000002 seconds
[2016.05.22-11.59.59:624][  0]LogContentBrowser: Native class hierarchy populated in 0.0085 seconds. Added 1896 classes and 339 folders.
[2016.05.22-11.59.59:630][  0]LogContentBrowser: Native class hierarchy updated for 'WidgetCarousel' in 0.0004 seconds. Added 0 classes and 0 folders.
[2016.05.22-11.59.59:670][  0]LogContentBrowser: Native class hierarchy updated for 'AddContentDialog' in 0.0004 seconds. Added 0 classes and 0 folders.
[2016.05.22-11.59.59:673][  0]LogContentBrowser: Native class hierarchy updated for 'SceneOutliner' in 0.0004 seconds. Added 1 classes and 2 folders.
[2016.05.22-11.59.59:735][  0]LogCrashTracker: Crashtracker disabled due to settings.
[2016.05.22-11.59.59:749][  0]LogUObjectGlobals:Warning: Failed to find object 'Class None.'
[2016.05.22-11.59.59:779][  0]LogLoad: Full Startup: 7.94 seconds (BP compile: 0.30 seconds)
[2016.05.22-12.00.00:122][  0]LogOcInput: Can't find Oculus library dev build: is proper Runtime installed? Version: 0.8.0.0
[2016.05.22-12.00.00:186][  0]LogContentStreaming: Texture pool size now 400 MB
[2016.05.22-12.00.00:316][  0]LogRenderer: Reallocating scene render targets to support 1112x544 (Frame:2).
[2016.05.22-12.00.01:803][  5]LogAssetRegistry: Asset discovery search completed in 5.1289 seconds
[2016.05.22-12.00.01:803][  5]LogCollectionManager: Rebuilt the object cache for 0 collections in 0.000001 seconds (found 0 objects)
[2016.05.22-12.00.01:803][  5]LogCollectionManager: Fixed up redirectors for 0 collections in 0.000023 seconds (updated 0 objects)
[2016.05.22-12.00.12:113][112]LogBlueprintUserMessages: Early PlayInEditor Detection: Level '/Game/Level/TheLevel.TheLevel:PersistentLevel' has LevelScriptBlueprint '/Game/Level/TheLevel.TheLevel:PersistentLevel.TheLevel' with GeneratedClass '/Game/Level/TheLevel.TheLevel_C' with ClassGeneratedBy '/Game/Level/TheLevel.TheLevel:PersistentLevel.TheLevel'
[2016.05.22-12.00.12:114][112]LogPlayLevel: PlayLevel: No blueprints needed recompiling
[2016.05.22-12.00.12:114][112]PIE: New page: PIE session: TheLevel (May 23, 2016, 8:00:12 AM)
[2016.05.22-12.00.12:114][112]LogPlayLevel: Creating play world package: /Game/Level/UEDPIE_0_TheLevel
[2016.05.22-12.00.12:225][112]LogPlayLevel: PIE: StaticDuplicateObject took: (0.110588s)
[2016.05.22-12.00.12:226][112]LogAIModule: Creating AISystem for world TheLevel
[2016.05.22-12.00.12:226][112]LogPlayLevel: PIE: World Init took: (0.001326s)
[2016.05.22-12.00.12:226][112]LogPlayLevel: PIE: Created PIE world by copying editor world from /Game/Level/TheLevel.TheLevel to /Game/Level/UEDPIE_0_TheLevel.TheLevel (0.112224s)
[2016.05.22-12.00.12:286][112]LogInit: XAudio2 using 'Динамики (USB PnP Sound Device)' : 2 channels at 44.1 kHz using 16 bits per sample (channel mask 0x3)
[2016.05.22-12.00.12:292][112]LogInit: FAudioDevice initialized.
[2016.05.22-12.00.12:340][112]LogWorld: Game class is 'MainGameMod_C'
[2016.05.22-12.00.12:343][112]LogWorld: Bringing World /Game/Level/UEDPIE_0_TheLevel.TheLevel up for play (max tick rate 0) at 2016.05.22-22.00.12
[2016.05.22-12.00.12:343][112]LogActor:Warning: GameSession /Game/Level/UEDPIE_0_TheLevel.TheLevel:PersistentLevel.GameSession_0 has natively added scene component(s), but none of them were set as the actor's RootComponent - picking one arbitrarily
[2016.05.22-12.00.12:343][112]LogActor:Warning: GameNetworkManager /Game/Level/UEDPIE_0_TheLevel.TheLevel:PersistentLevel.GameNetworkManager_0 has natively added scene component(s), but none of them were set as the actor's RootComponent - picking one arbitrarily
[2016.05.22-12.00.12:344][112]LogWorld: Bringing up level for play took: 0.002482
[2016.05.22-12.00.12:346][112]PIE: Info Play in editor start time for /Game/Level/UEDPIE_0_TheLevel 1.226
[2016.05.22-12.00.12:346][112]LogBlueprintUserMessages: Late PlayInEditor Detection: Level '/Game/Level/TheLevel.TheLevel:PersistentLevel' has LevelScriptBlueprint '/Game/Level/TheLevel.TheLevel:PersistentLevel.TheLevel' with GeneratedClass '/Game/Level/TheLevel.TheLevel_C' with ClassGeneratedBy '/Game/Level/TheLevel.TheLevel:PersistentLevel.TheLevel'
[2016.05.22-12.00.13:396][232]PIE:Warning: Warning Invalid Simulate Options: Body (CompCube_C_0.Basement CubeArmor) is set to simulate physics but Collision Enabled is incompatible
[2016.05.22-12.00.13:396][232]PIE:Warning: Warning Invalid Simulate Options: Body (CompCube_C_0.Basement CubeArmor) is set to simulate physics but Collision Enabled is incompatible
[2016.05.22-12.00.13:486][242]PIE:Warning: Warning Invalid Simulate Options: Body (CompCube_C_1.Basement CubeArmor) is set to simulate physics but Collision Enabled is incompatible
[2016.05.22-12.00.13:486][242]PIE:Warning: Warning Invalid Simulate Options: Body (CompCube_C_1.Basement CubeArmor) is set to simulate physics but Collision Enabled is incompatible
[2016.05.22-12.00.15:011][421]PIE:Warning: Warning Invalid Simulate Options: Body (CompCube_C_2.Basement CubeArmor) is set to simulate physics but Collision Enabled is incompatible
[2016.05.22-12.00.15:011][421]PIE:Warning: Warning Invalid Simulate Options: Body (CompCube_C_2.Basement CubeArmor) is set to simulate physics but Collision Enabled is incompatible
[2016.05.22-12.00.15:649][496]PIE:Warning: Warning Invalid Simulate Options: Body (CompCube_C_3.Basement CubeArmor) is set to simulate physics but Collision Enabled is incompatible
[2016.05.22-12.00.15:649][496]PIE:Warning: Warning Invalid Simulate Options: Body (CompCube_C_3.Basement CubeArmor) is set to simulate physics but Collision Enabled is incompatible
[2016.05.22-12.00.15:911][526]LogBlueprintUserMessages: [MyPawn1_C_0] 2
[2016.05.22-12.00.16:963][649]LogBlueprintUserMessages: [MyPawn1_C_0] 3
[2016.05.22-12.00.21:835][216]LogBlueprintUserMessages: Early EndPlayMap Detection: Level '/Game/Level/TheLevel.TheLevel:PersistentLevel' has LevelScriptBlueprint '/Game/Level/TheLevel.TheLevel:PersistentLevel.TheLevel' with GeneratedClass '/Game/Level/TheLevel.TheLevel_C' with ClassGeneratedBy '/Game/Level/TheLevel.TheLevel:PersistentLevel.TheLevel'
[2016.05.22-12.00.21:869][216]LogBlueprintUserMessages: Late EndPlayMap Detection: Level '/Game/Level/TheLevel.TheLevel:PersistentLevel' has LevelScriptBlueprint '/Game/Level/TheLevel.TheLevel:PersistentLevel.TheLevel' with GeneratedClass '/Game/Level/TheLevel.TheLevel_C' with ClassGeneratedBy '/Game/Level/TheLevel.TheLevel:PersistentLevel.TheLevel'
[2016.05.22-12.00.21:896][216]LogParticles: Destroying 0 GPU particle simulations for FXSystem 0x0000020ED972E160
[2016.05.22-12.00.24:103][440]LogWindowsTextInputMethodSystem:Display: IME system now deactivated.
[2016.05.22-12.00.24:312][441]Cmd: QUIT_EDITOR
[2016.05.22-12.00.24:973][441]LogExit: Preparing to exit.
[2016.05.22-12.00.25:509][441]LogExit: Editor shut down
[2016.05.22-12.00.25:510][441]LogExit: Transaction tracking system shut down
[2016.05.22-12.00.25:525][441]LogParticles: Destroying 0 GPU particle simulations for FXSystem 0x0000020EC2623420
[2016.05.22-12.00.25:528][441]LogParticles: Destroying 0 GPU particle simulations for FXSystem 0x0000020EC1BAB880
[2016.05.22-12.00.25:528][441]LogParticles: Destroying 0 GPU particle simulations for FXSystem 0x0000020EC1A93A60
[2016.05.22-12.00.25:528][441]LogParticles: Destroying 0 GPU particle simulations for FXSystem 0x0000020ED96F3CE0
[2016.05.22-12.00.25:672][441]LogExit: Object subsystem successfully closed.
[2016.05.22-12.00.25:684][441]LogD3D11RHI: Shutdown
[2016.05.22-12.00.25:684][441]LogD3D11RHI: CleanupD3DDevice
[2016.05.22-12.00.25:729][441]LogD3D11RHI: ~FD3D11DynamicRHI
[2016.05.22-12.00.25:742][441]LogModuleManager: Shutting down and abandoning module CrashTracker (199)
[2016.05.22-12.00.25:742][441]LogModuleManager: Shutting down and abandoning module SceneOutliner (198)
[2016.05.22-12.00.25:742][441]LogModuleManager: Shutting down and abandoning module SuperSearch (197)
[2016.05.22-12.00.25:742][441]LogModuleManager: Shutting down and abandoning module WidgetCarousel (196)
[2016.05.22-12.00.25:742][441]LogModuleManager: Shutting down and abandoning module AddContentDialog (195)
[2016.05.22-12.00.25:743][441]LogModuleManager: Shutting down and abandoning module EditorWidgets (194)
[2016.05.22-12.00.25:743][441]LogModuleManager: Shutting down and abandoning module CollectionManager (193)
[2016.05.22-12.00.25:743][441]LogModuleManager: Shutting down and abandoning module StatsViewer (192)
[2016.05.22-12.00.25:743][441]LogModuleManager: Shutting down and abandoning module FoliageEdit (191)
[2016.05.22-12.00.25:743][441]LogModuleManager: Shutting down and abandoning module LandscapeEditor (190)
[2016.05.22-12.00.25:743][441]LogModuleManager: Shutting down and abandoning module ActorPickerMode (189)
[2016.05.22-12.00.25:743][441]LogModuleManager: Shutting down and abandoning module GeometryMode (188)
[2016.05.22-12.00.25:743][441]LogModuleManager: Shutting down and abandoning module TextureAlignMode (187)
[2016.05.22-12.00.25:743][441]LogModuleManager: Shutting down and abandoning module BspMode (186)
[2016.05.22-12.00.25:743][441]LogModuleManager: Shutting down and abandoning module PlacementMode (185)
[2016.05.22-12.00.25:743][441]LogModuleManager: Shutting down and abandoning module AutomationWorker (184)
[2016.05.22-12.00.25:743][441]LogModuleManager: Shutting down and abandoning module CharacterAI (183)
[2016.05.22-12.00.25:743][441]LogModuleManager: Shutting down and abandoning module SmartSnapping (182)
[2016.05.22-12.00.25:743][441]LogModuleManager: Shutting down and abandoning module ViewportSnapping (181)
[2016.05.22-12.00.25:743][441]LogModuleManager: Shutting down and abandoning module LogVisualizer (180)
[2016.05.22-12.00.25:744][441]LogModuleManager: Shutting down and abandoning module GameProjectGeneration (179)
[2016.05.22-12.00.25:744][441]LogModuleManager: Shutting down and abandoning module IntroTutorials (178)
[2016.05.22-12.00.25:744][441]LogModuleManager: Shutting down and abandoning module EditorLiveStreaming (177)
[2016.05.22-12.00.25:744][441]LogModuleManager: Shutting down and abandoning module IOSPlatformEditor (176)
[2016.05.22-12.00.25:744][441]LogModuleManager: Shutting down and abandoning module HTML5PlatformEditor (175)
[2016.05.22-12.00.25:744][441]LogModuleManager: Shutting down and abandoning module AndroidDeviceDetection (174)
[2016.05.22-12.00.26:481][441]LogModuleManager: Shutting down and abandoning module AndroidPlatformEditor (173)
[2016.05.22-12.00.26:481][441]LogModuleManager: Shutting down and abandoning module IOSRuntimeSettings (172)
[2016.05.22-12.00.26:481][441]LogModuleManager: Shutting down and abandoning module AndroidRuntimeSettings (171)
[2016.05.22-12.00.26:481][441]LogModuleManager: Shutting down and abandoning module MergeActors (170)
[2016.05.22-12.00.26:481][441]LogModuleManager: Shutting down and abandoning module SizeMap (169)
[2016.05.22-12.00.26:481][441]LogModuleManager: Shutting down and abandoning module TreeMap (168)
[2016.05.22-12.00.26:481][441]LogModuleManager: Shutting down and abandoning module ReferenceViewer (167)
[2016.05.22-12.00.26:481][441]LogModuleManager: Shutting down and abandoning module LocalizationService (166)
[2016.05.22-12.00.26:481][441]LogModuleManager: Shutting down and abandoning module LocalizationDashboard (165)
[2016.05.22-12.00.26:481][441]LogModuleManager: Shutting down and abandoning module HardwareTargeting (164)
[2016.05.22-12.00.26:481][441]LogModuleManager: Shutting down and abandoning module DeviceProfileEditor (163)
[2016.05.22-12.00.26:481][441]LogModuleManager: Shutting down and abandoning module UndoHistory (162)
[2016.05.22-12.00.26:481][441]LogModuleManager: Shutting down and abandoning module GameplayTagsEditor (161)
[2016.05.22-12.00.26:481][441]LogModuleManager: Shutting down and abandoning module UserFeedback (160)
[2016.05.22-12.00.26:481][441]LogModuleManager: Shutting down and abandoning module XmlParser (159)
[2016.05.22-12.00.26:481][441]LogModuleManager: Shutting down and abandoning module Blutility (158)
[2016.05.22-12.00.26:481][441]LogModuleManager: Shutting down and abandoning module ProjectTargetPlatformEditor (157)
[2016.05.22-12.00.26:481][441]LogModuleManager: Shutting down and abandoning module ProjectSettingsViewer (156)
[2016.05.22-12.00.26:481][441]LogModuleManager: Shutting down and abandoning module InputBindingEditor (155)
[2016.05.22-12.00.26:481][441]LogModuleManager: Shutting down and abandoning module EditorSettingsViewer (154)
[2016.05.22-12.00.26:481][441]LogModuleManager: Shutting down and abandoning module SettingsEditor (153)
[2016.05.22-12.00.26:481][441]LogModuleManager: Shutting down and abandoning module ProjectLauncher (152)
[2016.05.22-12.00.26:481][441]LogModuleManager: Shutting down and abandoning module SessionFrontend (151)
[2016.05.22-12.00.26:481][441]LogModuleManager: Shutting down and abandoning module ProfilerClient (150)
[2016.05.22-12.00.26:481][441]LogModuleManager: Shutting down and abandoning module TargetDeviceServices (149)
[2016.05.22-12.00.26:481][441]LogModuleManager: Shutting down and abandoning module DeviceManager (148)
[2016.05.22-12.00.26:481][441]LogModuleManager: Shutting down and abandoning module AutomationController (147)
[2016.05.22-12.00.26:481][441]LogModuleManager: Shutting down and abandoning module AutomationWindow (146)
[2016.05.22-12.00.26:481][441]LogModuleManager: Shutting down and abandoning module Layers (145)
[2016.05.22-12.00.26:481][441]LogModuleManager: Shutting down and abandoning module ComponentVisualizers (144)
[2016.05.22-12.00.26:481][441]LogModuleManager: Shutting down and abandoning module DetailCustomizations (143)
[2016.05.22-12.00.26:481][441]LogModuleManager: Shutting down and abandoning module PackagesDialog (142)
[2016.05.22-12.00.26:481][441]LogModuleManager: Shutting down and abandoning module Persona (141)
[2016.05.22-12.00.26:481][441]LogModuleManager: Shutting down and abandoning module Kismet (140)
[2016.05.22-12.00.26:481][441]LogModuleManager: Shutting down and abandoning module GraphEditor (139)
[2016.05.22-12.00.26:482][441]LogModuleManager: Shutting down and abandoning module ClassViewer (138)
[2016.05.22-12.00.26:482][441]LogModuleManager: Shutting down and abandoning module Toolbox (137)
[2016.05.22-12.00.26:482][441]LogModuleManager: Shutting down and abandoning module ModuleUI (136)
[2016.05.22-12.00.26:482][441]LogModuleManager: Shutting down and abandoning module MovieSceneTools (135)
[2016.05.22-12.00.26:482][441]LogModuleManager: Shutting down and abandoning module OutputLog (134)
[2016.05.22-12.00.26:482][441]LogModuleManager: Shutting down and abandoning module GammaUI (133)
[2016.05.22-12.00.26:482][441]LogModuleManager: Shutting down and abandoning module Documentation (132)
[2016.05.22-12.00.26:482][441]LogModuleManager: Shutting down and abandoning module GameLiveStreaming (131)
[2016.05.22-12.00.26:482][441]LogModuleManager: Shutting down and abandoning module StreamingPauseRendering (130)
[2016.05.22-12.00.26:482][441]LogModuleManager: Shutting down and abandoning module AnalyticsET (129)
[2016.05.22-12.00.26:482][441]LogModuleManager: Shutting down and abandoning module Analytics (128)
[2016.05.22-12.00.26:482][441]LogModuleManager: Shutting down and abandoning module AITestSuite (127)
[2016.05.22-12.00.26:482][441]LogModuleManager: Shutting down and abandoning module GameplayDebugger (126)
[2016.05.22-12.00.26:482][441]LogModuleManager: Shutting down and abandoning module AIModule (125)
[2016.05.22-12.00.26:482][441]LogModuleManager: Shutting down and abandoning module ProfilerService (124)
[2016.05.22-12.00.26:644][441]LogModuleManager: Shutting down and abandoning module TaskGraph (123)
[2016.05.22-12.00.26:644][441]LogModuleManager: Shutting down and abandoning module SlateRemote (122)
[2016.05.22-12.00.26:644][441]LogModuleManager: Shutting down and abandoning module SteamVRController (121)
[2016.05.22-12.00.26:644][441]LogModuleManager: Shutting down and abandoning module SteamVR (120)
[2016.05.22-12.00.26:644][441]LogModuleManager: Shutting down and abandoning module ProceduralMeshComponent (119)
[2016.05.22-12.00.26:644][441]LogModuleManager: Shutting down and abandoning module OculusLibrary (118)
[2016.05.22-12.00.26:644][441]LogModuleManager: Shutting down and abandoning module OculusInput (117)
[2016.05.22-12.00.26:644][441]LogModuleManager: Shutting down and abandoning module LeapMotionController (116)
[2016.05.22-12.00.26:655][441]LogModuleManager: Shutting down and abandoning module CustomMeshComponent (115)
[2016.05.22-12.00.26:655][441]LogModuleManager: Shutting down and abandoning module CableComponent (114)
[2016.05.22-12.00.26:655][441]LogModuleManager: Shutting down and abandoning module ArchVisCharacter (113)
[2016.05.22-12.00.26:655][441]LogModuleManager: Shutting down and abandoning module MessagingDebugger (112)
[2016.05.22-12.00.26:655][441]LogModuleManager: Shutting down and abandoning module MediaPlayerEditor (111)
[2016.05.22-12.00.26:655][441]LogModuleManager: Shutting down and abandoning module HTML5Networking (110)
[2016.05.22-12.00.26:655][441]LogModuleManager: Shutting down and abandoning module SpeedTreeImporter (109)
[2016.05.22-12.00.26:655][441]LogModuleManager: Shutting down and abandoning module PluginBrowser (108)
[2016.05.22-12.00.26:655][441]LogModuleManager: Shutting down and abandoning module EpicSurvey (107)
[2016.05.22-12.00.26:655][441]LogModuleManager: Shutting down and abandoning module DesktopPlatform (106)
[2016.05.22-12.00.26:655][441]LogModuleManager: Shutting down and abandoning module VisualStudioSourceCodeAccess (105)
[2016.05.22-12.00.26:655][441]LogModuleManager: Shutting down and abandoning module UObjectPlugin (104)
[2016.05.22-12.00.26:655][441]LogModuleManager: Shutting down and abandoning module SubversionSourceControl (103)
[2016.05.22-12.00.26:655][441]LogModuleManager: Shutting down and abandoning module PerforceSourceControl (102)
[2016.05.22-12.00.26:655][441]LogModuleManager: Shutting down and abandoning module SourceControl (101)
[2016.05.22-12.00.26:655][441]LogModuleManager: Shutting down and abandoning module GitSourceControl (100)
[2016.05.22-12.00.26:655][441]LogModuleManager: Shutting down and abandoning module LightPropagationVolumeEditor (99)
[2016.05.22-12.00.26:655][441]LogModuleManager: Shutting down and abandoning module PaperTiledImporter (98)
[2016.05.22-12.00.26:655][441]LogModuleManager: Shutting down and abandoning module PaperSpriteSheetImporter (97)
[2016.05.22-12.00.26:655][441]LogModuleManager: Shutting down and abandoning module MeshPaint (96)
[2016.05.22-12.00.26:655][441]LogModuleManager: Shutting down and abandoning module SlateReflector (95)
[2016.05.22-12.00.26:655][441]LogModuleManager: Shutting down and abandoning module HotReload (94)
[2016.05.22-12.00.26:655][441]LogModuleManager: Shutting down and abandoning module MainFrame (93)
[2016.05.22-12.00.26:656][441]LogModuleManager: Shutting down and abandoning module LevelEditor (92)
[2016.05.22-12.00.26:656][441]LogModuleManager: Shutting down and abandoning module DirectoryWatcher (91)
[2016.05.22-12.00.26:657][441]LogModuleManager: Shutting down and abandoning module AssetRegistry (90)
[2016.05.22-12.00.26:713][441]LogModuleManager: Shutting down and abandoning module ContentBrowser (89)
[2016.05.22-12.00.26:714][441]LogModuleManager: Shutting down and abandoning module Paper2DEditor (88)
[2016.05.22-12.00.26:714][441]LogModuleManager: Shutting down and abandoning module MyProjectFuck (87)
[2016.05.22-12.00.26:714][441]LogModuleManager: Shutting down and abandoning module UdpMessaging (86)
[2016.05.22-12.00.26:815][441]LogModuleManager: Shutting down and abandoning module LightPropagationVolumeRuntime (85)
[2016.05.22-12.00.26:815][441]LogModuleManager: Shutting down and abandoning module Paper2D (84)
[2016.05.22-12.00.26:815][441]LogModuleManager: Shutting down and abandoning module WindowsMoviePlayer (83)
[2016.05.22-12.00.26:817][441]LogModuleManager: Shutting down and abandoning module Media (82)
[2016.05.22-12.00.26:818][441]LogModuleManager: Shutting down and abandoning module WmfMedia (81)
[2016.05.22-12.00.26:818][441]LogModuleManager: Shutting down and abandoning module OnlineBlueprintSupport (80)
[2016.05.22-12.00.26:818][441]LogModuleManager: Shutting down and abandoning module GameplayTasksEditor (79)
[2016.05.22-12.00.26:818][441]LogModuleManager: Shutting down and abandoning module PropertyEditor (78)
[2016.05.22-12.00.26:818][441]LogModuleManager: Shutting down and abandoning module BehaviorTreeEditor (77)
[2016.05.22-12.00.26:818][441]LogModuleManager: Shutting down and abandoning module FunctionalTesting (76)
[2016.05.22-12.00.26:818][441]LogModuleManager: Shutting down and abandoning module CollisionAnalyzer (75)
[2016.05.22-12.00.26:818][441]LogModuleManager: Shutting down and abandoning module WorkspaceMenuStructure (74)
[2016.05.22-12.00.26:818][441]LogModuleManager: Shutting down and abandoning module MessageLog (73)
[2016.05.22-12.00.26:818][441]LogModuleManager: Shutting down and abandoning module Sequencer (72)
[2016.05.22-12.00.26:818][441]LogModuleManager: Shutting down and abandoning module AssetTools (71)
[2016.05.22-12.00.26:818][441]LogModuleManager: Shutting down and abandoning module UMGEditor (70)
[2016.05.22-12.00.26:818][441]LogModuleManager: Shutting down and abandoning module UMG (69)
[2016.05.22-12.00.26:818][441]LogModuleManager: Shutting down and abandoning module Slate (68)
[2016.05.22-12.00.26:818][441]LogModuleManager: Shutting down and abandoning module EditorStyle (67)
[2016.05.22-12.00.26:820][441]LogModuleManager: Shutting down and abandoning module SessionServices (66)
[2016.05.22-12.00.26:820][441]LogModuleManager: Shutting down and abandoning module SourceCodeAccess (65)
[2016.05.22-12.00.26:820][441]LogModuleManager: Shutting down and abandoning module HeadMountedDisplay (64)
[2016.05.22-12.00.26:820][441]LogModuleManager: Shutting down and abandoning module XAudio2 (63)
[2016.05.22-12.00.26:820][441]LogModuleManager: Shutting down and abandoning module Networking (61)
[2016.05.22-12.00.26:820][441]LogModuleManager: Shutting down and abandoning module Core (60)
[2016.05.22-12.00.26:820][441]LogModuleManager: Shutting down and abandoning module KismetCompiler (59)
[2016.05.22-12.00.26:820][441]LogModuleManager: Shutting down and abandoning module PhysXFormats (58)
[2016.05.22-12.00.26:820][441]LogModuleManager: Shutting down and abandoning module MeshUtilities (57)
[2016.05.22-12.00.26:820][441]LogModuleManager: Shutting down and abandoning module DerivedDataCache (56)
[2016.05.22-12.00.27:164][441]LogDerivedDataCache: Shutdown
[2016.05.22-12.00.27:164][441]LogModuleManager: Shutting down and abandoning module ShaderFormatOpenGL (55)
[2016.05.22-12.00.27:164][441]LogModuleManager: Shutting down and abandoning module ShaderFormatD3D (54)
[2016.05.22-12.00.27:164][441]LogModuleManager: Shutting down and abandoning module MetalShaderFormat (53)
[2016.05.22-12.00.27:164][441]LogModuleManager: Shutting down and abandoning module TextureFormatUncompressed (52)
[2016.05.22-12.00.27:164][441]LogModuleManager: Shutting down and abandoning module TextureFormatPVR (51)
[2016.05.22-12.00.27:165][441]LogModuleManager: Shutting down and abandoning module TextureFormatIntelISPCTexComp (50)
[2016.05.22-12.00.27:165][441]LogModuleManager: Shutting down and abandoning module TextureFormatDXT (49)
[2016.05.22-12.00.27:165][441]LogModuleManager: Shutting down and abandoning module ImageWrapper (48)
[2016.05.22-12.00.27:165][441]LogModuleManager: Shutting down and abandoning module TextureFormatASTC (47)
[2016.05.22-12.00.27:165][441]LogModuleManager: Shutting down and abandoning module TextureFormatAndroid (46)
[2016.05.22-12.00.27:165][441]LogModuleManager: Shutting down and abandoning module AudioFormatOpus (45)
[2016.05.22-12.00.27:165][441]LogModuleManager: Shutting down and abandoning module AudioFormatOgg (44)
[2016.05.22-12.00.27:165][441]LogModuleManager: Shutting down and abandoning module AudioFormatADPCM (43)
[2016.05.22-12.00.27:165][441]LogModuleManager: Shutting down and abandoning module LinuxTargetPlatform (42)
[2016.05.22-12.00.27:165][441]LogModuleManager: Shutting down and abandoning module LinuxServerTargetPlatform (41)
[2016.05.22-12.00.27:165][441]LogModuleManager: Shutting down and abandoning module LinuxNoEditorTargetPlatform (40)
[2016.05.22-12.00.27:165][441]LogModuleManager: Shutting down and abandoning module Messaging (39)
[2016.05.22-12.00.27:165][441]LogModuleManager: Shutting down and abandoning module IOSTargetPlatform (38)
[2016.05.22-12.00.27:165][441]LogModuleManager: Shutting down and abandoning module HTML5TargetPlatform (37)
[2016.05.22-12.00.27:165][441]LogModuleManager: Shutting down and abandoning module Android_PVRTCTargetPlatform (36)
[2016.05.22-12.00.27:165][441]LogModuleManager: Shutting down and abandoning module Android_MultiTargetPlatform (35)
[2016.05.22-12.00.27:165][441]LogModuleManager: Shutting down and abandoning module Android_ETC2TargetPlatform (34)
[2016.05.22-12.00.27:165][441]LogModuleManager: Shutting down and abandoning module Android_ETC1TargetPlatform (33)
[2016.05.22-12.00.27:165][441]LogModuleManager: Shutting down and abandoning module Android_DXTTargetPlatform (32)
[2016.05.22-12.00.27:165][441]LogModuleManager: Shutting down and abandoning module Android_ATCTargetPlatform (31)
[2016.05.22-12.00.27:165][441]LogModuleManager: Shutting down and abandoning module Android_ASTCTargetPlatform (30)
[2016.05.22-12.00.27:165][441]LogModuleManager: Shutting down and abandoning module AndroidTargetPlatform (29)
[2016.05.22-12.00.27:165][441]LogModuleManager: Shutting down and abandoning module WindowsTargetPlatform (28)
[2016.05.22-12.00.27:165][441]LogModuleManager: Shutting down and abandoning module WindowsServerTargetPlatform (27)
[2016.05.22-12.00.27:165][441]LogModuleManager: Shutting down and abandoning module WindowsNoEditorTargetPlatform (26)
[2016.05.22-12.00.27:165][441]LogModuleManager: Shutting down and abandoning module WindowsClientTargetPlatform (25)
[2016.05.22-12.00.27:165][441]LogModuleManager: Shutting down and abandoning module AllDesktopTargetPlatform (24)
[2016.05.22-12.00.27:165][441]LogModuleManager: Shutting down and abandoning module TargetPlatform (23)
[2016.05.22-12.00.27:165][441]LogModuleManager: Shutting down and abandoning module InputCore (22)
[2016.05.22-12.00.27:165][441]LogModuleManager: Shutting down and abandoning module Settings (21)
[2016.05.22-12.00.27:165][441]LogModuleManager: Shutting down and abandoning module OnlineSubsystem (19)
[2016.05.22-12.00.27:165][441]LogModuleManager: Shutting down and abandoning module HTTP (18)
[2016.05.22-12.00.27:667][441]LogModuleManager: Shutting down and abandoning module XMPP (17)
[2016.05.22-12.00.27:667][441]LogModuleManager: Shutting down and abandoning module OculusRift (16)
[2016.05.22-12.00.27:667][441]LogModuleManager: Shutting down and abandoning module ExampleDeviceProfileSelector (15)
[2016.05.22-12.00.27:667][441]LogModuleManager: Shutting down and abandoning module TextureCompressor (14)
[2016.05.22-12.00.27:667][441]LogModuleManager: Shutting down and abandoning module ShaderCore (13)
[2016.05.22-12.00.27:667][441]LogModuleManager: Shutting down and abandoning module Landscape (12)
[2016.05.22-12.00.27:667][441]LogModuleManager: Shutting down and abandoning module SlateRHIRenderer (11)
[2016.05.22-12.00.27:668][441]LogModuleManager: Shutting down and abandoning module OpenGLDrv (10)
[2016.05.22-12.00.27:668][441]LogModuleManager: Shutting down and abandoning module D3D11RHI (9)
[2016.05.22-12.00.27:668][441]LogModuleManager: Shutting down and abandoning module AnimGraphRuntime (8)
[2016.05.22-12.00.27:668][441]LogModuleManager: Shutting down and abandoning module Renderer (7)
[2016.05.22-12.00.27:668][441]LogModuleManager: Shutting down and abandoning module Engine (6)
[2016.05.22-12.00.27:668][441]LogModuleManager: Shutting down and abandoning module CoreUObject (5)
[2016.05.22-12.00.27:668][441]LogModuleManager: Shutting down and abandoning module NetworkFile (4)
[2016.05.22-12.00.27:668][441]LogModuleManager: Shutting down and abandoning module StreamingFile (3)
[2016.05.22-12.00.27:668][441]LogModuleManager: Shutting down and abandoning module SandboxFile (2)
[2016.05.22-12.00.27:668][441]LogModuleManager: Shutting down and abandoning module PakFile (1)
[2016.05.22-12.00.27:669][441]LogExit: Exiting.
[2016.05.22-12.00.27:670][441]Log file closed, 05/22/16 22:00:27
