[2016.05.22-12.01.36:322][  0]Log file open, 05/22/16 22:01:36
[2016.05.22-12.01.36:322][  0]LogInit:Display: Running engine for game: MyProjectFuck
[2016.05.22-12.01.36:322][  0]LogPlatformFile: Not using cached read wrapper
[2016.05.22-12.01.36:322][  0]LogInit:Display: RandInit(-1258061380) SRandInit(-1258061378).
[2016.05.22-12.01.36:322][  0]LogTaskGraph: Started task graph with 4 named threads and 5 total threads.
[2016.05.22-12.01.36:322][  0]LogStats: Stats thread started at 0.061418
[2016.05.22-12.01.36:322][  0]LogInit: Version: 4.10.4-2872498+++depot+UE4-Releases+4.10
[2016.05.22-12.01.36:322][  0]LogInit: API Version: 2758231
[2016.05.22-12.01.36:322][  0]LogInit: Compiled (64-bit): Feb 18 2016 15:47:04
[2016.05.22-12.01.36:322][  0]LogInit: Compiled with Visual C++: 19.00.23026.00
[2016.05.22-12.01.36:322][  0]LogInit: Build Configuration: Development
[2016.05.22-12.01.36:322][  0]LogInit: Branch Name: ++depot+UE4-Releases+4.10
[2016.05.22-12.01.36:322][  0]LogInit: Command line: -EpicPortal  -HTTP=WinInet
[2016.05.22-12.01.36:322][  0]LogInit: Base directory: B:/Unreal engine/Epic Games/4.10/Engine/Binaries/Win64/
[2016.05.22-12.01.36:322][  0]LogInit: Rocket: 1
[2016.05.22-12.01.36:334][  0]LogInit: Presizing for 0 objects not considered by GC, pre-allocating 0 bytes.
[2016.05.22-12.01.36:345][  0]LogInit: Object subsystem initialized
[2016.05.22-12.01.36:346][  0]LogInit: Selected Device Profile: [Windows]
[2016.05.22-12.01.36:346][  0]LogInit: Applying CVar settings loaded from the selected device profile: [Windows]
[2016.05.22-12.01.36:353][  0]LogInit: Computer: JUSTACOMPUTER
[2016.05.22-12.01.36:353][  0]LogInit: User: Psychonaut
[2016.05.22-12.01.36:353][  0]LogInit: CPU Page size=4096, Cores=2
[2016.05.22-12.01.36:353][  0]LogInit: High frequency timer resolution =3.020484 MHz
[2016.05.22-12.01.36:353][  0]LogMemory: Memory total: Physical=8.0GB (8GB approx)
[2016.05.22-12.01.36:353][  0]LogMemory: Platform Memory Stats for Windows
[2016.05.22-12.01.36:353][  0]LogMemory: Process Physical Memory: 56.45 MB used, 56.45 MB peak
[2016.05.22-12.01.36:353][  0]LogMemory: Process Virtual Memory: 55.51 MB used, 55.51 MB peak
[2016.05.22-12.01.36:353][  0]LogMemory: Physical Memory: 3266.74 MB used, 8151.08 MB total
[2016.05.22-12.01.36:353][  0]LogMemory: Virtual Memory: 375.76 MB used, 134217728.00 MB total
[2016.05.22-12.01.36:391][  0]LogTextLocalizationManager: No translations for ('ru-RU') exist, falling back to 'en' for localization and internationalization data.
[2016.05.22-12.01.36:915][  0]LogD3D11RHI: Found D3D11 adapter 0: NVIDIA GeForce GT 740 (Feature Level 11_0)
[2016.05.22-12.01.36:915][  0]LogD3D11RHI: Adapter has 1990MB of dedicated video memory, 0MB of dedicated system memory, and 4075MB of shared system memory, 1 output[s]
[2016.05.22-12.01.36:917][  0]LogD3D11RHI: Found D3D11 adapter 1: Microsoft Basic Render Driver (Feature Level 11_0)
[2016.05.22-12.01.36:917][  0]LogD3D11RHI: Adapter has 0MB of dedicated video memory, 0MB of dedicated system memory, and 4075MB of shared system memory, 0 output[s]
[2016.05.22-12.01.36:917][  0]LogD3D11RHI: Chosen D3D11 Adapter Id = 0
[2016.05.22-12.01.36:922][  0]LogD3D11RHI: !Direct3DDevice
[2016.05.22-12.01.36:922][  0]LogRHI: Texture pool is 1361 MB (70% of 1945 MB)
[2016.05.22-12.01.36:938][  0]LogD3D11RHI: Async texture creation enabled
[2016.05.22-12.01.36:949][  0]LogShaderCompilers: Guid format shader working directory is -9 characters bigger than the processId version (C:/Users/Psychonaut/Documents/Unreal Projects/SpaceProject/Intermediate/Shaders/WorkingDirectory/1708/).
[2016.05.22-12.01.36:950][  0]LogShaderCompilers: Cleaned the shader compiler working directory 'C:/Users/PSYCHO~1/AppData/Local/Temp/UnrealShaderWorkingDir/41DE48D7473FB1D36B337C8D7725D1B3/'.
[2016.05.22-12.01.36:950][  0]LogShaderCompilers:Display: Using Local Shader Compiler.
[2016.05.22-12.01.37:777][  0]LogTemp:Display: Loaded TP AllDesktopTargetPlatform
[2016.05.22-12.01.37:782][  0]LogTemp:Display: Loaded TP WindowsClientTargetPlatform
[2016.05.22-12.01.37:787][  0]LogTemp:Display: Loaded TP WindowsNoEditorTargetPlatform
[2016.05.22-12.01.37:791][  0]LogTemp:Display: Loaded TP WindowsServerTargetPlatform
[2016.05.22-12.01.37:796][  0]LogTemp:Display: Loaded TP WindowsTargetPlatform
[2016.05.22-12.01.37:799][  0]LogTemp:Display: Loaded TP AndroidTargetPlatform
[2016.05.22-12.01.37:802][  0]LogTemp:Display: Loaded TP Android_ASTCTargetPlatform
[2016.05.22-12.01.37:805][  0]LogTemp:Display: Loaded TP Android_ATCTargetPlatform
[2016.05.22-12.01.37:808][  0]LogTemp:Display: Loaded TP Android_DXTTargetPlatform
[2016.05.22-12.01.37:811][  0]LogTemp:Display: Loaded TP Android_ETC1TargetPlatform
[2016.05.22-12.01.37:814][  0]LogTemp:Display: Loaded TP Android_ETC2TargetPlatform
[2016.05.22-12.01.37:822][  0]LogTemp:Display: Loaded TP Android_MultiTargetPlatform
[2016.05.22-12.01.37:822][  0]LogTemp:Display: Loaded TP Android_PVRTCTargetPlatform
[2016.05.22-12.01.37:823][  0]LogTemp:Display: Loaded TP HTML5TargetPlatform
[2016.05.22-12.01.37:839][  0]LogTemp:Display: Loaded TP IOSTargetPlatform
[2016.05.22-12.01.37:842][  0]LogTemp:Display: Loaded TP LinuxNoEditorTargetPlatform
[2016.05.22-12.01.37:847][  0]LogTemp:Display: Loaded TP LinuxServerTargetPlatform
[2016.05.22-12.01.37:850][  0]LogTemp:Display: Loaded TP LinuxTargetPlatform
[2016.05.22-12.01.37:850][  0]LogTargetPlatformManager:Display: Building Assets For Windows
[2016.05.22-12.01.37:916][  0]LogDerivedDataCache:Display: Max Cache Size: 512 MB
[2016.05.22-12.01.37:974][  0]LogDerivedDataCache: Loaded boot cache 0.06s 41MB C:/Users/Psychonaut/AppData/Local/UnrealEngine/4.10/DerivedDataCache/Boot.ddc.
[2016.05.22-12.01.37:975][  0]LogDerivedDataCache:Display: Loaded Boot cache: C:/Users/Psychonaut/AppData/Local/UnrealEngine/4.10/DerivedDataCache/Boot.ddc
[2016.05.22-12.01.37:975][  0]LogDerivedDataCache: FDerivedDataBackendGraph:  Pak pak cache file C:/Users/Psychonaut/Documents/Unreal Projects/SpaceProject/DerivedDataCache/DDC.ddp not found, will not use a pak cache.
[2016.05.22-12.01.37:975][  0]LogDerivedDataCache: Unable to find inner node Pak for hierarchical cache Hierarchy.
[2016.05.22-12.01.37:975][  0]LogDerivedDataCache: FDerivedDataBackendGraph:  CompressedPak pak cache file C:/Users/Psychonaut/Documents/Unreal Projects/SpaceProject/DerivedDataCache/Compressed.ddp not found, will not use a pak cache.
[2016.05.22-12.01.37:975][  0]LogDerivedDataCache: Unable to find inner node CompressedPak for hierarchical cache Hierarchy.
[2016.05.22-12.01.38:037][  0]LogDerivedDataCache:Display: Pak cache opened for reading ../../../Engine/DerivedDataCache/Compressed.ddp.
[2016.05.22-12.01.38:049][  0]LogDerivedDataCache: Using Local data cache path C:/Users/Psychonaut/AppData/Local/UnrealEngine/Common/DerivedDataCache: Writable
[2016.05.22-12.01.38:252][  0]LogInit: Selected Device Profile: [Windows]
[2016.05.22-12.01.38:256][  0]LogContentStreaming: Texture pool size is 0.000000MB
[2016.05.22-12.01.38:369][  0]LogMeshUtilities: No automatic mesh reduction module available
[2016.05.22-12.01.38:369][  0]LogMeshUtilities: No automatic mesh merging module available
[2016.05.22-12.01.38:625][  0]LogInit: WinSock: version 1.1 (2.2), MaxSocks=32767, MaxUdp=65467
[2016.05.22-12.01.39:322][  0]UdpMessaging: Initializing bridge on interface 0.0.0.0:0 to multicast group 230.0.0.1:6666.
[2016.05.22-12.01.39:428][  0]LogAssetRegistry: FAssetRegistry took 0.0242 seconds to start up
[2016.05.22-12.01.39:585][  0]SourceControl: Info Source control is disabled
[2016.05.22-12.01.39:586][  0]SourceControl: Info Source control is disabled
[2016.05.22-12.01.39:598][  0]SourceControl: Info Source control is disabled
[2016.05.22-12.01.39:609][  0]SourceControl: Info Source control is disabled
[2016.05.22-12.01.39:816][  0]LogObj: 28633 objects as part of root set at end of initial load.
[2016.05.22-12.01.39:816][  0]LogUObjectAllocator: 6099744 out of 0 bytes used by permanent object pool.
[2016.05.22-12.01.39:873][  0]LogEngine: Initializing Engine...
[2016.05.22-12.01.39:875][  0]LogHMD: Can't find Oculus library dev build: is proper Runtime installed? Version: 0.8.0.0
[2016.05.22-12.01.39:875][  0]LogHMD: SteamVR failed to initialize.  Err: 110
[2016.05.22-12.01.40:007][  0]LogAIModule: Creating AISystem for world NewWorld
[2016.05.22-12.01.40:012][  0]LogInit: XAudio2 using 'Динамики (USB PnP Sound Device)' : 2 channels at 44.1 kHz using 16 bits per sample (channel mask 0x3)
[2016.05.22-12.01.40:035][  0]LogInit: FAudioDevice initialized.
[2016.05.22-12.01.40:067][  0]LogDerivedDataCache: Saved boot cache 0.03s 41MB C:/Users/Psychonaut/AppData/Local/UnrealEngine/4.10/DerivedDataCache/Boot.ddc.
[2016.05.22-12.01.40:073][  0]LogInit: Texture streaming: Enabled
[2016.05.22-12.01.40:077][  0]LogAnalytics: Creating configured Analytics provider AnalyticsET
[2016.05.22-12.01.40:077][  0]LogAnalytics: [UEEditor.Rocket.Release] APIServer = http://et2.epicgames.com/ET2/. AppVersion = 4.10.4-2872498+++depot+UE4-Releases+4.10
[2016.05.22-12.01.40:077][  0]LogAnalytics: [UEEditor.Rocket.Release] SetUserId 2911d8d241c43e13947dca90dedae07b|d4159b7f75f942918ec126aed703196c|f7eaf2f4-3485-4cb8-b8fc-60c3d0d9ecc4
[2016.05.22-12.01.40:077][  0]LogAnalytics: [UEEditor.Rocket.Release] AnalyticsET::StartSession
[2016.05.22-12.01.40:085][  0]LogInit: Transaction tracking system initialized
[2016.05.22-12.01.40:107][  0]BlueprintLog: New page: Editor Load
[2016.05.22-12.01.40:171][  0]LocalizationService: Info Localization service is disabled
[2016.05.22-12.01.40:382][  0]LogConsoleResponse:Display: 
[2016.05.22-12.01.40:511][  0]LogCook:Display: Done creating registry. It took  0.00s.
[2016.05.22-12.01.40:555][  0]LogFileCache: Scanning file cache for directory 'C:/Users/Psychonaut/Documents/Unreal Projects/SpaceProject/Content/' took 0.01s
[2016.05.22-12.01.40:555][  0]SourceControl: Info Source control is disabled
[2016.05.22-12.01.40:555][  0]Cmd: MAP LOAD FILE="C:/Users/Psychonaut/Documents/Unreal Projects/SpaceProject/Content/Level/TheLevel.umap" TEMPLATE=0 SHOWPROGRESS=1 FEATURELEVEL=3
[2016.05.22-12.01.40:555][  0]LightingResults: New page: Lighting Build
[2016.05.22-12.01.40:558][  0]MapCheck: New page: Map Check
[2016.05.22-12.01.40:558][  0]LightingResults: New page: Lighting Build
[2016.05.22-12.01.40:578][  0]LogParticles: Destroying 0 GPU particle simulations for FXSystem 0x00000154D8D12AC0
[2016.05.22-12.01.41:181][  0]LogBlueprint:Warning: USimpleConstructionScript::FixupRootNodeParentReferences() - Couldn't find inherited parent component 'Basement' for 'Camera' in BlueprintGeneratedClass 'REINST_Cabin_C_34' (it may have been removed)
[2016.05.22-12.01.42:104][  0]LogAIModule: Creating AISystem for world TheLevel
[2016.05.22-12.01.42:113][  0]LogEditorServer: Finished looking for orphan Actors (0.000 secs)
[2016.05.22-12.01.42:114][  0]Cmd: MAP CHECKDEP NOCLEARLOG
[2016.05.22-12.01.42:161][  0]MapCheck: Info Map check complete: 0 Error(s), 0 Warning(s), took 46.457ms to complete.
[2016.05.22-12.01.42:161][  0]LogFileHelpers: Loading map 'TheLevel' took 1.606
[2016.05.22-12.01.42:276][  0]LogCollectionManager: Loaded 0 collections in 0.001346 seconds
[2016.05.22-12.01.42:316][  0]LogFileCache: Scanning file cache for directory 'C:/Users/Psychonaut/Documents/Unreal Projects/SpaceProject/Saved/Collections/' took 0.01s
[2016.05.22-12.01.42:316][  0]LogFileCache: Scanning file cache for directory 'C:/Users/Psychonaut/Documents/Unreal Projects/SpaceProject/Content/Developers/Psychonaut/Collections/' took 0.01s
[2016.05.22-12.01.42:316][  0]LogFileCache: Scanning file cache for directory 'C:/Users/Psychonaut/Documents/Unreal Projects/SpaceProject/Content/Collections/' took 0.01s
[2016.05.22-12.01.42:316][  0]LogCollectionManager: Rebuilt the GUID cache for 0 collections in 0.000002 seconds
[2016.05.22-12.01.42:325][  0]LogContentBrowser: Native class hierarchy populated in 0.0088 seconds. Added 1893 classes and 338 folders.
[2016.05.22-12.01.42:332][  0]LogContentBrowser: Native class hierarchy updated for 'WidgetCarousel' in 0.0004 seconds. Added 0 classes and 0 folders.
[2016.05.22-12.01.42:373][  0]LogContentBrowser: Native class hierarchy updated for 'AddContentDialog' in 0.0005 seconds. Added 0 classes and 0 folders.
[2016.05.22-12.01.42:378][  0]LogContentBrowser: Native class hierarchy updated for 'SceneOutliner' in 0.0004 seconds. Added 1 classes and 2 folders.
[2016.05.22-12.01.42:435][  0]LogCrashTracker: Crashtracker disabled due to settings.
[2016.05.22-12.01.42:448][  0]LogUObjectGlobals:Warning: Failed to find object 'Class None.'
[2016.05.22-12.01.42:475][  0]LogLoad: Full Startup: 6.54 seconds (BP compile: 0.30 seconds)
[2016.05.22-12.01.42:485][  0]LogWindowsTextInputMethodSystem:Display: IME system now deactivated.
[2016.05.22-12.01.42:487][  0]LogOcInput: Can't find Oculus library dev build: is proper Runtime installed? Version: 0.8.0.0
[2016.05.22-12.01.42:551][  0]LogContentStreaming: Texture pool size now 400 MB
[2016.05.22-12.01.42:685][  0]LogRenderer: Reallocating scene render targets to support 1112x544 (Frame:2).
[2016.05.22-12.01.43:023][  6]LogAssetRegistry: Asset discovery search completed in 3.6189 seconds
[2016.05.22-12.01.43:023][  6]LogCollectionManager: Rebuilt the object cache for 0 collections in 0.000001 seconds (found 0 objects)
[2016.05.22-12.01.43:023][  6]LogCollectionManager: Fixed up redirectors for 0 collections in 0.000024 seconds (updated 0 objects)
[2016.05.22-12.01.48:141][578]LogBlueprintUserMessages: Early PlayInEditor Detection: Level '/Game/Level/TheLevel.TheLevel:PersistentLevel' has LevelScriptBlueprint '/Game/Level/TheLevel.TheLevel:PersistentLevel.TheLevel' with GeneratedClass '/Game/Level/TheLevel.TheLevel_C' with ClassGeneratedBy '/Game/Level/TheLevel.TheLevel:PersistentLevel.TheLevel'
[2016.05.22-12.01.48:141][578]LogPlayLevel: PlayLevel: No blueprints needed recompiling
[2016.05.22-12.01.48:142][578]PIE: New page: PIE session: TheLevel (May 23, 2016, 8:01:48 AM)
[2016.05.22-12.01.48:142][578]LogPlayLevel: Creating play world package: /Game/Level/UEDPIE_0_TheLevel
[2016.05.22-12.01.48:260][578]LogPlayLevel: PIE: StaticDuplicateObject took: (0.118079s)
[2016.05.22-12.01.48:261][578]LogAIModule: Creating AISystem for world TheLevel
[2016.05.22-12.01.48:261][578]LogPlayLevel: PIE: World Init took: (0.001242s)
[2016.05.22-12.01.48:261][578]LogPlayLevel: PIE: Created PIE world by copying editor world from /Game/Level/TheLevel.TheLevel to /Game/Level/UEDPIE_0_TheLevel.TheLevel (0.119600s)
[2016.05.22-12.01.48:323][578]LogInit: XAudio2 using 'Динамики (USB PnP Sound Device)' : 2 channels at 44.1 kHz using 16 bits per sample (channel mask 0x3)
[2016.05.22-12.01.48:330][578]LogInit: FAudioDevice initialized.
[2016.05.22-12.01.48:381][578]LogWorld: Game class is 'MainGameMod_C'
[2016.05.22-12.01.48:384][578]LogWorld: Bringing World /Game/Level/UEDPIE_0_TheLevel.TheLevel up for play (max tick rate 0) at 2016.05.22-22.01.48
[2016.05.22-12.01.48:384][578]LogActor:Warning: GameSession /Game/Level/UEDPIE_0_TheLevel.TheLevel:PersistentLevel.GameSession_0 has natively added scene component(s), but none of them were set as the actor's RootComponent - picking one arbitrarily
[2016.05.22-12.01.48:384][578]LogActor:Warning: GameNetworkManager /Game/Level/UEDPIE_0_TheLevel.TheLevel:PersistentLevel.GameNetworkManager_0 has natively added scene component(s), but none of them were set as the actor's RootComponent - picking one arbitrarily
[2016.05.22-12.01.48:385][578]LogWorld: Bringing up level for play took: 0.003048
[2016.05.22-12.01.48:387][578]PIE: Info Play in editor start time for /Game/Level/UEDPIE_0_TheLevel -0.733
[2016.05.22-12.01.48:387][578]LogBlueprintUserMessages: Late PlayInEditor Detection: Level '/Game/Level/TheLevel.TheLevel:PersistentLevel' has LevelScriptBlueprint '/Game/Level/TheLevel.TheLevel:PersistentLevel.TheLevel' with GeneratedClass '/Game/Level/TheLevel.TheLevel_C' with ClassGeneratedBy '/Game/Level/TheLevel.TheLevel:PersistentLevel.TheLevel'
[2016.05.22-12.01.49:118][655]PIE:Warning: Warning Invalid Simulate Options: Body (CompCube_C_0.Basement CubeArmor) is set to simulate